[0.337s] Invoking command in '/home/fatma/AUV_ws/src/gate_detection': AMENT_PREFIX_PATH=/home/fatma/AUV_ws/install/interfaces:${AMENT_PREFIX_PATH} CMAKE_PREFIX_PATH=/home/fatma/AUV_ws/install/interfaces LD_LIBRARY_PATH=/home/fatma/AUV_ws/install/interfaces/lib:${LD_LIBRARY_PATH} PYTHONPATH=/home/fatma/AUV_ws/install/gate_detection/lib/python3.6/site-packages:/home/fatma/AUV_ws/install/interfaces/lib/python3.6/site-packages:${PYTHONPATH} /usr/bin/python3 setup.py egg_info --egg-base ../../build/gate_detection build --build-base /home/fatma/AUV_ws/build/gate_detection/build install --prefix /home/fatma/AUV_ws/install/gate_detection --record /home/fatma/AUV_ws/build/gate_detection/install.log --single-version-externally-managed
[0.621s] running egg_info
[0.623s] writing ../../build/gate_detection/gate_detection.egg-info/PKG-INFO
[0.623s] writing dependency_links to ../../build/gate_detection/gate_detection.egg-info/dependency_links.txt
[0.623s] writing entry points to ../../build/gate_detection/gate_detection.egg-info/entry_points.txt
[0.624s] writing requirements to ../../build/gate_detection/gate_detection.egg-info/requires.txt
[0.624s] writing top-level names to ../../build/gate_detection/gate_detection.egg-info/top_level.txt
[0.664s] reading manifest file '../../build/gate_detection/gate_detection.egg-info/SOURCES.txt'
[0.666s] writing manifest file '../../build/gate_detection/gate_detection.egg-info/SOURCES.txt'
[0.667s] running build
[0.667s] running build_py
[0.668s] copying gate_detection/server_node.py -> /home/fatma/AUV_ws/build/gate_detection/build/lib/gate_detection
[0.668s] running install
[0.668s] running install_lib
[0.670s] copying /home/fatma/AUV_ws/build/gate_detection/build/lib/gate_detection/server_node.py -> /home/fatma/AUV_ws/install/gate_detection/lib/python3.6/site-packages/gate_detection
[0.671s] byte-compiling /home/fatma/AUV_ws/install/gate_detection/lib/python3.6/site-packages/gate_detection/server_node.py to server_node.cpython-36.pyc
[0.675s] running install_data
[0.676s] running install_egg_info
[0.679s] removing '/home/fatma/AUV_ws/install/gate_detection/lib/python3.6/site-packages/gate_detection-0.0.0-py3.6.egg-info' (and everything under it)
[0.680s] Copying ../../build/gate_detection/gate_detection.egg-info to /home/fatma/AUV_ws/install/gate_detection/lib/python3.6/site-packages/gate_detection-0.0.0-py3.6.egg-info
[0.681s] running install_scripts
[0.705s] Installing client script to /home/fatma/AUV_ws/install/gate_detection/lib/gate_detection
[0.705s] Installing service script to /home/fatma/AUV_ws/install/gate_detection/lib/gate_detection
[0.706s] writing list of installed files to '/home/fatma/AUV_ws/build/gate_detection/install.log'
[0.739s] Invoked command in '/home/fatma/AUV_ws/src/gate_detection' returned '0': AMENT_PREFIX_PATH=/home/fatma/AUV_ws/install/interfaces:${AMENT_PREFIX_PATH} CMAKE_PREFIX_PATH=/home/fatma/AUV_ws/install/interfaces LD_LIBRARY_PATH=/home/fatma/AUV_ws/install/interfaces/lib:${LD_LIBRARY_PATH} PYTHONPATH=/home/fatma/AUV_ws/install/gate_detection/lib/python3.6/site-packages:/home/fatma/AUV_ws/install/interfaces/lib/python3.6/site-packages:${PYTHONPATH} /usr/bin/python3 setup.py egg_info --egg-base ../../build/gate_detection build --build-base /home/fatma/AUV_ws/build/gate_detection/build install --prefix /home/fatma/AUV_ws/install/gate_detection --record /home/fatma/AUV_ws/build/gate_detection/install.log --single-version-externally-managed
