[0.027s] Invoking command in '/home/fatma/AUV_ws/build/interfaces': CMAKE_PREFIX_PATH=/opt/ros/eloquent /usr/local/bin/cmake --build /home/fatma/AUV_ws/build/interfaces -- -j4 -l4
[0.064s] [  3%] Built target interfaces__cpp
[0.065s] [ 13%] Built target interfaces__rosidl_generator_c
[0.081s] [ 24%] Built target interfaces__rosidl_typesupport_introspection_cpp
[0.088s] [ 34%] Built target interfaces__rosidl_typesupport_fastrtps_cpp
[0.098s] [ 44%] Built target interfaces__rosidl_typesupport_introspection_c
[0.116s] [ 65%] Built target interfaces__rosidl_typesupport_fastrtps_c
[0.116s] [ 65%] Built target interfaces__rosidl_typesupport_cpp
[0.134s] [ 75%] Built target interfaces__rosidl_typesupport_c
[0.148s] [ 75%] Built target interfaces
[0.159s] [ 79%] Built target interfaces__py
[0.182s] [ 86%] Built target interfaces__python
[0.207s] [ 93%] Built target interfaces__rosidl_typesupport_c__pyext
[0.207s] [100%] Built target interfaces__rosidl_typesupport_fastrtps_c__pyext
[0.213s] Invoked command in '/home/fatma/AUV_ws/build/interfaces' returned '0': CMAKE_PREFIX_PATH=/opt/ros/eloquent /usr/local/bin/cmake --build /home/fatma/AUV_ws/build/interfaces -- -j4 -l4
[0.276s] Invoking command in '/home/fatma/AUV_ws/build/interfaces': CMAKE_PREFIX_PATH=/opt/ros/eloquent /usr/local/bin/cmake --build /home/fatma/AUV_ws/build/interfaces --target install -- -j4 -l4
[0.318s] [  3%] Built target interfaces__cpp
[0.319s] [ 13%] Built target interfaces__rosidl_generator_c
[0.335s] [ 24%] Built target interfaces__rosidl_typesupport_introspection_cpp
[0.342s] [ 34%] Built target interfaces__rosidl_typesupport_introspection_c
[0.344s] [ 44%] Built target interfaces__rosidl_typesupport_fastrtps_cpp
[0.367s] [ 65%] Built target interfaces__rosidl_typesupport_cpp
[0.367s] [ 65%] Built target interfaces__rosidl_typesupport_fastrtps_c
[0.387s] [ 75%] Built target interfaces__rosidl_typesupport_c
[0.400s] [ 75%] Built target interfaces
[0.413s] [ 79%] Built target interfaces__py
[0.435s] [ 86%] Built target interfaces__python
[0.456s] [ 93%] Built target interfaces__rosidl_typesupport_fastrtps_c__pyext
[0.456s] [100%] Built target interfaces__rosidl_typesupport_c__pyext
[0.465s] [36mInstall the project...[0m
[0.472s] -- Install configuration: ""
[0.472s] -- Up-to-date: /home/fatma/AUV_ws/install/interfaces/share/ament_index/resource_index/rosidl_interfaces/interfaces
[0.473s] -- Up-to-date: /home/fatma/AUV_ws/install/interfaces/lib/libinterfaces__rosidl_typesupport_c.so
[0.474s] -- Up-to-date: /home/fatma/AUV_ws/install/interfaces/share/interfaces/environment/library_path.sh
[0.474s] -- Up-to-date: /home/fatma/AUV_ws/install/interfaces/share/interfaces/environment/library_path.dsv
[0.475s] -- Up-to-date: /home/fatma/AUV_ws/install/interfaces/lib/libinterfaces__rosidl_typesupport_cpp.so
[0.476s] -- Up-to-date: /home/fatma/AUV_ws/install/interfaces/include/interfaces
[0.476s] -- Up-to-date: /home/fatma/AUV_ws/install/interfaces/include/interfaces/msg
[0.477s] -- Up-to-date: /home/fatma/AUV_ws/install/interfaces/include/interfaces/msg/rosidl_typesupport_fastrtps_c__visibility_control.h
[0.477s] -- Up-to-date: /home/fatma/AUV_ws/install/interfaces/include/interfaces/srv
[0.477s] -- Up-to-date: /home/fatma/AUV_ws/install/interfaces/include/interfaces/srv/gate_location__rosidl_typesupport_fastrtps_c.h
[0.478s] -- Up-to-date: /home/fatma/AUV_ws/install/interfaces/lib/libinterfaces__rosidl_typesupport_fastrtps_c.so
[0.478s] -- Up-to-date: /home/fatma/AUV_ws/install/interfaces/include/interfaces
[0.478s] -- Up-to-date: /home/fatma/AUV_ws/install/interfaces/include/interfaces/msg
[0.479s] -- Up-to-date: /home/fatma/AUV_ws/install/interfaces/include/interfaces/msg/rosidl_generator_c__visibility_control.h
[0.479s] -- Up-to-date: /home/fatma/AUV_ws/install/interfaces/include/interfaces/srv
[0.479s] -- Up-to-date: /home/fatma/AUV_ws/install/interfaces/include/interfaces/srv/gate_location__functions.c
[0.480s] -- Up-to-date: /home/fatma/AUV_ws/install/interfaces/include/interfaces/srv/gate_location__functions.h
[0.480s] -- Up-to-date: /home/fatma/AUV_ws/install/interfaces/include/interfaces/srv/gate_location__type_support.h
[0.480s] -- Up-to-date: /home/fatma/AUV_ws/install/interfaces/include/interfaces/srv/gate_location.h
[0.481s] -- Up-to-date: /home/fatma/AUV_ws/install/interfaces/include/interfaces/srv/gate_location__struct.h
[0.481s] -- Up-to-date: /home/fatma/AUV_ws/install/interfaces/lib/libinterfaces__rosidl_generator_c.so
[0.481s] -- Up-to-date: /home/fatma/AUV_ws/install/interfaces/include/interfaces
[0.481s] -- Up-to-date: /home/fatma/AUV_ws/install/interfaces/include/interfaces/msg
[0.482s] -- Up-to-date: /home/fatma/AUV_ws/install/interfaces/include/interfaces/msg/rosidl_typesupport_fastrtps_cpp__visibility_control.h
[0.482s] -- Up-to-date: /home/fatma/AUV_ws/install/interfaces/include/interfaces/srv
[0.482s] -- Up-to-date: /home/fatma/AUV_ws/install/interfaces/include/interfaces/srv/gate_location__rosidl_typesupport_fastrtps_cpp.hpp
[0.483s] -- Up-to-date: /home/fatma/AUV_ws/install/interfaces/include/interfaces/srv/dds_fastrtps
[0.483s] -- Up-to-date: /home/fatma/AUV_ws/install/interfaces/lib/libinterfaces__rosidl_typesupport_fastrtps_cpp.so
[0.483s] -- Up-to-date: /home/fatma/AUV_ws/install/interfaces/include/interfaces
[0.483s] -- Up-to-date: /home/fatma/AUV_ws/install/interfaces/include/interfaces/srv
[0.484s] -- Up-to-date: /home/fatma/AUV_ws/install/interfaces/include/interfaces/srv/gate_location.hpp
[0.484s] -- Up-to-date: /home/fatma/AUV_ws/install/interfaces/include/interfaces/srv/gate_location__struct.hpp
[0.484s] -- Up-to-date: /home/fatma/AUV_ws/install/interfaces/include/interfaces/srv/gate_location__traits.hpp
[0.484s] -- Up-to-date: /home/fatma/AUV_ws/install/interfaces/include/interfaces
[0.484s] -- Up-to-date: /home/fatma/AUV_ws/install/interfaces/include/interfaces/msg
[0.485s] -- Up-to-date: /home/fatma/AUV_ws/install/interfaces/include/interfaces/msg/rosidl_typesupport_introspection_c__visibility_control.h
[0.485s] -- Up-to-date: /home/fatma/AUV_ws/install/interfaces/include/interfaces/srv
[0.485s] -- Up-to-date: /home/fatma/AUV_ws/install/interfaces/include/interfaces/srv/gate_location__rosidl_typesupport_introspection_c.h
[0.485s] -- Up-to-date: /home/fatma/AUV_ws/install/interfaces/include/interfaces/srv/gate_location__type_support.c
[0.486s] -- Up-to-date: /home/fatma/AUV_ws/install/interfaces/lib/libinterfaces__rosidl_typesupport_introspection_c.so
[0.486s] -- Up-to-date: /home/fatma/AUV_ws/install/interfaces/include/interfaces
[0.486s] -- Up-to-date: /home/fatma/AUV_ws/install/interfaces/include/interfaces/srv
[0.487s] -- Up-to-date: /home/fatma/AUV_ws/install/interfaces/include/interfaces/srv/gate_location__type_support.cpp
[0.487s] -- Up-to-date: /home/fatma/AUV_ws/install/interfaces/include/interfaces/srv/gate_location__rosidl_typesupport_introspection_cpp.hpp
[0.487s] -- Up-to-date: /home/fatma/AUV_ws/install/interfaces/lib/libinterfaces__rosidl_typesupport_introspection_cpp.so
[0.487s] -- Up-to-date: /home/fatma/AUV_ws/install/interfaces/share/interfaces/environment/pythonpath.sh
[0.488s] -- Up-to-date: /home/fatma/AUV_ws/install/interfaces/share/interfaces/environment/pythonpath.dsv
[0.488s] -- Up-to-date: /home/fatma/AUV_ws/install/interfaces/lib/python3.6/site-packages/interfaces/__init__.py
[0.535s] -- Up-to-date: /home/fatma/AUV_ws/install/interfaces/lib/python3.6/site-packages/interfaces/srv
[0.535s] -- Up-to-date: /home/fatma/AUV_ws/install/interfaces/lib/python3.6/site-packages/interfaces/srv/_gate_location.py
[0.536s] -- Up-to-date: /home/fatma/AUV_ws/install/interfaces/lib/python3.6/site-packages/interfaces/srv/__init__.py
[0.536s] -- Up-to-date: /home/fatma/AUV_ws/install/interfaces/lib/python3.6/site-packages/interfaces/srv/_gate_location_s.c
[0.537s] -- Up-to-date: /home/fatma/AUV_ws/install/interfaces/lib/python3.6/site-packages/interfaces/interfaces_s__rosidl_typesupport_c.cpython-36m-x86_64-linux-gnu.so
[0.539s] -- Up-to-date: /home/fatma/AUV_ws/install/interfaces/lib/python3.6/site-packages/interfaces/interfaces_s__rosidl_typesupport_fastrtps_c.cpython-36m-x86_64-linux-gnu.so
[0.541s] -- Up-to-date: /home/fatma/AUV_ws/install/interfaces/lib/libinterfaces__python.so
[0.542s] -- Up-to-date: /home/fatma/AUV_ws/install/interfaces/share/interfaces/srv/GateLocation.idl
[0.542s] -- Up-to-date: /home/fatma/AUV_ws/install/interfaces/share/interfaces/srv/GateLocation.srv
[0.542s] -- Up-to-date: /home/fatma/AUV_ws/install/interfaces/share/interfaces/srv/GateLocation_Request.msg
[0.543s] -- Up-to-date: /home/fatma/AUV_ws/install/interfaces/share/interfaces/srv/GateLocation_Response.msg
[0.544s] -- Up-to-date: /home/fatma/AUV_ws/install/interfaces/share/ament_index/resource_index/package_run_dependencies/interfaces
[0.544s] -- Up-to-date: /home/fatma/AUV_ws/install/interfaces/share/ament_index/resource_index/parent_prefix_path/interfaces
[0.545s] -- Up-to-date: /home/fatma/AUV_ws/install/interfaces/share/interfaces/environment/ament_prefix_path.sh
[0.545s] -- Up-to-date: /home/fatma/AUV_ws/install/interfaces/share/interfaces/environment/ament_prefix_path.dsv
[0.547s] -- Up-to-date: /home/fatma/AUV_ws/install/interfaces/share/interfaces/environment/path.sh
[0.548s] -- Up-to-date: /home/fatma/AUV_ws/install/interfaces/share/interfaces/environment/path.dsv
[0.548s] -- Up-to-date: /home/fatma/AUV_ws/install/interfaces/share/interfaces/local_setup.bash
[0.548s] -- Up-to-date: /home/fatma/AUV_ws/install/interfaces/share/interfaces/local_setup.sh
[0.548s] -- Up-to-date: /home/fatma/AUV_ws/install/interfaces/share/interfaces/local_setup.zsh
[0.548s] -- Up-to-date: /home/fatma/AUV_ws/install/interfaces/share/interfaces/local_setup.dsv
[0.548s] -- Installing: /home/fatma/AUV_ws/install/interfaces/share/interfaces/package.dsv
[0.549s] -- Up-to-date: /home/fatma/AUV_ws/install/interfaces/share/ament_index/resource_index/packages/interfaces
[0.549s] -- Up-to-date: /home/fatma/AUV_ws/install/interfaces/share/interfaces/cmake/rosidl_cmake-extras.cmake
[0.549s] -- Up-to-date: /home/fatma/AUV_ws/install/interfaces/share/interfaces/cmake/ament_cmake_export_libraries-extras.cmake
[0.549s] -- Up-to-date: /home/fatma/AUV_ws/install/interfaces/share/interfaces/cmake/ament_cmake_export_include_directories-extras.cmake
[0.549s] -- Up-to-date: /home/fatma/AUV_ws/install/interfaces/share/interfaces/cmake/interfacesConfig.cmake
[0.549s] -- Up-to-date: /home/fatma/AUV_ws/install/interfaces/share/interfaces/cmake/interfacesConfig-version.cmake
[0.549s] -- Up-to-date: /home/fatma/AUV_ws/install/interfaces/share/interfaces/package.xml
[0.554s] Invoked command in '/home/fatma/AUV_ws/build/interfaces' returned '0': CMAKE_PREFIX_PATH=/opt/ros/eloquent /usr/local/bin/cmake --build /home/fatma/AUV_ws/build/interfaces --target install -- -j4 -l4
