[0.308s] Invoking command in '/home/fatma/AUV_ws/src/gate_detection': AMENT_PREFIX_PATH=/home/fatma/AUV_ws/install/interfaces CMAKE_PREFIX_PATH=/home/fatma/AUV_ws/install/interfaces LD_LIBRARY_PATH=/home/fatma/AUV_ws/install/interfaces/lib PYTHONPATH=/home/fatma/AUV_ws/install/gate_detection/lib/python3.6/site-packages:/home/fatma/AUV_ws/install/interfaces/lib/python3.6/site-packages /usr/bin/python3 setup.py egg_info --egg-base ../../build/gate_detection build --build-base /home/fatma/AUV_ws/build/gate_detection/build install --prefix /home/fatma/AUV_ws/install/gate_detection --record /home/fatma/AUV_ws/build/gate_detection/install.log --single-version-externally-managed
[0.574s] running egg_info
[0.575s] writing ../../build/gate_detection/gate_detection.egg-info/PKG-INFO
[0.575s] writing dependency_links to ../../build/gate_detection/gate_detection.egg-info/dependency_links.txt
[0.575s] writing entry points to ../../build/gate_detection/gate_detection.egg-info/entry_points.txt
[0.576s] writing requirements to ../../build/gate_detection/gate_detection.egg-info/requires.txt
[0.576s] writing top-level names to ../../build/gate_detection/gate_detection.egg-info/top_level.txt
[0.619s] reading manifest file '../../build/gate_detection/gate_detection.egg-info/SOURCES.txt'
[0.621s] writing manifest file '../../build/gate_detection/gate_detection.egg-info/SOURCES.txt'
[0.622s] running build
[0.622s] running build_py
[0.622s] running install
[0.623s] running install_lib
[0.624s] running install_data
[0.625s] copying launch/gate_detection.launch.py -> /home/fatma/AUV_ws/install/gate_detection/share/gate_detection
[0.625s] running install_egg_info
[0.628s] removing '/home/fatma/AUV_ws/install/gate_detection/lib/python3.6/site-packages/gate_detection-0.0.0-py3.6.egg-info' (and everything under it)
[0.629s] Copying ../../build/gate_detection/gate_detection.egg-info to /home/fatma/AUV_ws/install/gate_detection/lib/python3.6/site-packages/gate_detection-0.0.0-py3.6.egg-info
[0.630s] running install_scripts
[0.658s] Installing client script to /home/fatma/AUV_ws/install/gate_detection/lib/gate_detection
[0.659s] Installing service script to /home/fatma/AUV_ws/install/gate_detection/lib/gate_detection
[0.659s] writing list of installed files to '/home/fatma/AUV_ws/build/gate_detection/install.log'
[0.691s] Invoked command in '/home/fatma/AUV_ws/src/gate_detection' returned '0': AMENT_PREFIX_PATH=/home/fatma/AUV_ws/install/interfaces CMAKE_PREFIX_PATH=/home/fatma/AUV_ws/install/interfaces LD_LIBRARY_PATH=/home/fatma/AUV_ws/install/interfaces/lib PYTHONPATH=/home/fatma/AUV_ws/install/gate_detection/lib/python3.6/site-packages:/home/fatma/AUV_ws/install/interfaces/lib/python3.6/site-packages /usr/bin/python3 setup.py egg_info --egg-base ../../build/gate_detection build --build-base /home/fatma/AUV_ws/build/gate_detection/build install --prefix /home/fatma/AUV_ws/install/gate_detection --record /home/fatma/AUV_ws/build/gate_detection/install.log --single-version-externally-managed
