[0.349s] Invoking command in '/home/fatma/AUV_ws/src/gate_detection': PYTHONPATH=/home/fatma/AUV_ws/install/gate_detection/lib/python3.6/site-packages:/home/fatma/AUV_ws/install/interfaces/lib/python3.6/site-packages:/home/fatma/AUV_ws/install/gate_detection/lib/python3.6/site-packages:/opt/ros/eloquent/lib/python3.6/site-packages /usr/bin/python3 setup.py egg_info --egg-base ../../build/gate_detection build --build-base /home/fatma/AUV_ws/build/gate_detection/build install --prefix /home/fatma/AUV_ws/install/gate_detection --record /home/fatma/AUV_ws/build/gate_detection/install.log --single-version-externally-managed
[0.645s] running egg_info
[0.646s] writing ../../build/gate_detection/gate_detection.egg-info/PKG-INFO
[0.647s] writing dependency_links to ../../build/gate_detection/gate_detection.egg-info/dependency_links.txt
[0.647s] writing entry points to ../../build/gate_detection/gate_detection.egg-info/entry_points.txt
[0.648s] writing requirements to ../../build/gate_detection/gate_detection.egg-info/requires.txt
[0.648s] writing top-level names to ../../build/gate_detection/gate_detection.egg-info/top_level.txt
[0.689s] reading manifest file '../../build/gate_detection/gate_detection.egg-info/SOURCES.txt'
[0.691s] writing manifest file '../../build/gate_detection/gate_detection.egg-info/SOURCES.txt'
[0.693s] running build
[0.693s] running build_py
[0.694s] running install
[0.694s] running install_lib
[0.695s] running install_data
[0.695s] running install_egg_info
[0.698s] removing '/home/fatma/AUV_ws/install/gate_detection/lib/python3.6/site-packages/gate_detection-0.0.0-py3.6.egg-info' (and everything under it)
[0.698s] Copying ../../build/gate_detection/gate_detection.egg-info to /home/fatma/AUV_ws/install/gate_detection/lib/python3.6/site-packages/gate_detection-0.0.0-py3.6.egg-info
[0.700s] running install_scripts
[0.725s] Installing client script to /home/fatma/AUV_ws/install/gate_detection/lib/gate_detection
[0.726s] Installing service script to /home/fatma/AUV_ws/install/gate_detection/lib/gate_detection
[0.726s] Installing show script to /home/fatma/AUV_ws/install/gate_detection/lib/gate_detection
[0.727s] writing list of installed files to '/home/fatma/AUV_ws/build/gate_detection/install.log'
[0.759s] Invoked command in '/home/fatma/AUV_ws/src/gate_detection' returned '0': PYTHONPATH=/home/fatma/AUV_ws/install/gate_detection/lib/python3.6/site-packages:/home/fatma/AUV_ws/install/interfaces/lib/python3.6/site-packages:/home/fatma/AUV_ws/install/gate_detection/lib/python3.6/site-packages:/opt/ros/eloquent/lib/python3.6/site-packages /usr/bin/python3 setup.py egg_info --egg-base ../../build/gate_detection build --build-base /home/fatma/AUV_ws/build/gate_detection/build install --prefix /home/fatma/AUV_ws/install/gate_detection --record /home/fatma/AUV_ws/build/gate_detection/install.log --single-version-externally-managed
