[0.472s] Invoking command in '/home/fatma/AUV_ws/src/gate_detection': AMENT_PREFIX_PATH=/home/fatma/AUV_ws/install/interfaces:${AMENT_PREFIX_PATH} CMAKE_PREFIX_PATH=/home/fatma/AUV_ws/install/interfaces LD_LIBRARY_PATH=/home/fatma/AUV_ws/install/interfaces/lib:${LD_LIBRARY_PATH} PYTHONPATH=/home/fatma/AUV_ws/install/gate_detection/lib/python3.6/site-packages:/home/fatma/AUV_ws/install/interfaces/lib/python3.6/site-packages:${PYTHONPATH} /usr/bin/python3 setup.py egg_info --egg-base ../../build/gate_detection build --build-base /home/fatma/AUV_ws/build/gate_detection/build install --prefix /home/fatma/AUV_ws/install/gate_detection --record /home/fatma/AUV_ws/build/gate_detection/install.log --single-version-externally-managed
[0.871s] running egg_info
[0.872s] writing ../../build/gate_detection/gate_detection.egg-info/PKG-INFO
[0.873s] writing dependency_links to ../../build/gate_detection/gate_detection.egg-info/dependency_links.txt
[0.873s] writing entry points to ../../build/gate_detection/gate_detection.egg-info/entry_points.txt
[0.873s] writing requirements to ../../build/gate_detection/gate_detection.egg-info/requires.txt
[0.874s] writing top-level names to ../../build/gate_detection/gate_detection.egg-info/top_level.txt
[1.013s] reading manifest file '../../build/gate_detection/gate_detection.egg-info/SOURCES.txt'
[1.029s] writing manifest file '../../build/gate_detection/gate_detection.egg-info/SOURCES.txt'
[1.029s] running build
[1.030s] running build_py
[1.030s] copying gate_detection/server_node.py -> /home/fatma/AUV_ws/build/gate_detection/build/lib/gate_detection
[1.030s] running install
[1.031s] running install_lib
[1.033s] copying /home/fatma/AUV_ws/build/gate_detection/build/lib/gate_detection/server_node.py -> /home/fatma/AUV_ws/install/gate_detection/lib/python3.6/site-packages/gate_detection
[1.034s] byte-compiling /home/fatma/AUV_ws/install/gate_detection/lib/python3.6/site-packages/gate_detection/server_node.py to server_node.cpython-36.pyc
[1.034s] Sorry: IndentationError: expected an indented block (server_node.py, line 27)
[1.034s] running install_data
[1.035s] running install_egg_info
[1.039s] removing '/home/fatma/AUV_ws/install/gate_detection/lib/python3.6/site-packages/gate_detection-0.0.0-py3.6.egg-info' (and everything under it)
[1.039s] Copying ../../build/gate_detection/gate_detection.egg-info to /home/fatma/AUV_ws/install/gate_detection/lib/python3.6/site-packages/gate_detection-0.0.0-py3.6.egg-info
[1.048s] running install_scripts
[1.091s] Installing client script to /home/fatma/AUV_ws/install/gate_detection/lib/gate_detection
[1.092s] Installing service script to /home/fatma/AUV_ws/install/gate_detection/lib/gate_detection
[1.092s] writing list of installed files to '/home/fatma/AUV_ws/build/gate_detection/install.log'
[1.127s] Invoked command in '/home/fatma/AUV_ws/src/gate_detection' returned '0': AMENT_PREFIX_PATH=/home/fatma/AUV_ws/install/interfaces:${AMENT_PREFIX_PATH} CMAKE_PREFIX_PATH=/home/fatma/AUV_ws/install/interfaces LD_LIBRARY_PATH=/home/fatma/AUV_ws/install/interfaces/lib:${LD_LIBRARY_PATH} PYTHONPATH=/home/fatma/AUV_ws/install/gate_detection/lib/python3.6/site-packages:/home/fatma/AUV_ws/install/interfaces/lib/python3.6/site-packages:${PYTHONPATH} /usr/bin/python3 setup.py egg_info --egg-base ../../build/gate_detection build --build-base /home/fatma/AUV_ws/build/gate_detection/build install --prefix /home/fatma/AUV_ws/install/gate_detection --record /home/fatma/AUV_ws/build/gate_detection/install.log --single-version-externally-managed
