[0.378s] Invoking command in '/home/fatma/AUV_ws/src/gate_detection': AMENT_PREFIX_PATH=/home/fatma/AUV_ws/install/interfaces:${AMENT_PREFIX_PATH} CMAKE_PREFIX_PATH=/home/fatma/AUV_ws/install/interfaces LD_LIBRARY_PATH=/home/fatma/AUV_ws/install/interfaces/lib:${LD_LIBRARY_PATH} PYTHONPATH=/home/fatma/AUV_ws/install/gate_detection/lib/python3.6/site-packages:/home/fatma/AUV_ws/install/interfaces/lib/python3.6/site-packages:${PYTHONPATH} /usr/bin/python3 setup.py egg_info --egg-base ../../build/gate_detection build --build-base /home/fatma/AUV_ws/build/gate_detection/build install --prefix /home/fatma/AUV_ws/install/gate_detection --record /home/fatma/AUV_ws/build/gate_detection/install.log --single-version-externally-managed
[0.686s] running egg_info
[0.686s] writing ../../build/gate_detection/gate_detection.egg-info/PKG-INFO
[0.687s] writing dependency_links to ../../build/gate_detection/gate_detection.egg-info/dependency_links.txt
[0.687s] writing entry points to ../../build/gate_detection/gate_detection.egg-info/entry_points.txt
[0.688s] writing requirements to ../../build/gate_detection/gate_detection.egg-info/requires.txt
[0.688s] writing top-level names to ../../build/gate_detection/gate_detection.egg-info/top_level.txt
[0.729s] reading manifest file '../../build/gate_detection/gate_detection.egg-info/SOURCES.txt'
[0.731s] writing manifest file '../../build/gate_detection/gate_detection.egg-info/SOURCES.txt'
[0.731s] running build
[0.731s] running build_py
[0.732s] copying gate_detection/server_node.py -> /home/fatma/AUV_ws/build/gate_detection/build/lib/gate_detection
[0.732s] running install
[0.733s] running install_lib
[0.734s] copying /home/fatma/AUV_ws/build/gate_detection/build/lib/gate_detection/server_node.py -> /home/fatma/AUV_ws/install/gate_detection/lib/python3.6/site-packages/gate_detection
[0.734s] byte-compiling /home/fatma/AUV_ws/install/gate_detection/lib/python3.6/site-packages/gate_detection/server_node.py to server_node.cpython-36.pyc
[0.736s]   File "/home/fatma/AUV_ws/install/gate_detection/lib/python3.6/site-packages/gate_detection/server_node.py", line 186
[0.737s]     x==0 and y==0:0
[0.737s]     ^
[0.737s] SyntaxError: invalid syntax
[0.737s] 
[0.738s] running install_data
[0.738s] running install_egg_info
[0.740s] removing '/home/fatma/AUV_ws/install/gate_detection/lib/python3.6/site-packages/gate_detection-0.0.0-py3.6.egg-info' (and everything under it)
[0.741s] Copying ../../build/gate_detection/gate_detection.egg-info to /home/fatma/AUV_ws/install/gate_detection/lib/python3.6/site-packages/gate_detection-0.0.0-py3.6.egg-info
[0.742s] running install_scripts
[0.765s] Installing client script to /home/fatma/AUV_ws/install/gate_detection/lib/gate_detection
[0.766s] Installing service script to /home/fatma/AUV_ws/install/gate_detection/lib/gate_detection
[0.766s] writing list of installed files to '/home/fatma/AUV_ws/build/gate_detection/install.log'
[0.801s] Invoked command in '/home/fatma/AUV_ws/src/gate_detection' returned '0': AMENT_PREFIX_PATH=/home/fatma/AUV_ws/install/interfaces:${AMENT_PREFIX_PATH} CMAKE_PREFIX_PATH=/home/fatma/AUV_ws/install/interfaces LD_LIBRARY_PATH=/home/fatma/AUV_ws/install/interfaces/lib:${LD_LIBRARY_PATH} PYTHONPATH=/home/fatma/AUV_ws/install/gate_detection/lib/python3.6/site-packages:/home/fatma/AUV_ws/install/interfaces/lib/python3.6/site-packages:${PYTHONPATH} /usr/bin/python3 setup.py egg_info --egg-base ../../build/gate_detection build --build-base /home/fatma/AUV_ws/build/gate_detection/build install --prefix /home/fatma/AUV_ws/install/gate_detection --record /home/fatma/AUV_ws/build/gate_detection/install.log --single-version-externally-managed
