[1.898s] DEBUG:colcon:Command line arguments: ['/usr/bin/colcon', 'build']
[1.899s] DEBUG:colcon:Parsed command line arguments: Namespace(ament_cmake_args=None, base_paths=['.'], build_base='build', catkin_cmake_args=None, catkin_skip_building_tests=False, cmake_args=None, cmake_clean_cache=False, cmake_clean_first=False, cmake_force_configure=False, cmake_target=None, cmake_target_skip_unavailable=False, continue_on_error=False, event_handlers=None, executor='parallel', ignore_user_meta=False, install_base='install', log_base=None, log_level=None, main=<bound method BuildVerb.main of <colcon_core.verb.build.BuildVerb object at 0x7f9171f2c160>>, merge_install=False, metas=['./colcon.meta'], packages_above=None, packages_above_and_dependencies=None, packages_above_depth=None, packages_end=None, packages_ignore=None, packages_ignore_regex=None, packages_select=None, packages_select_build_failed=False, packages_select_by_dep=None, packages_select_regex=None, packages_select_test_failures=False, packages_skip=None, packages_skip_build_finished=False, packages_skip_by_dep=None, packages_skip_regex=None, packages_skip_test_passed=False, packages_skip_up_to=None, packages_start=None, packages_up_to=None, packages_up_to_regex=None, parallel_workers=4, paths=None, symlink_install=False, test_result_base=None, verb_extension=<colcon_core.verb.build.BuildVerb object at 0x7f9171f2c160>, verb_name='build', verb_parser=<colcon_defaults.argument_parser.defaults.DefaultArgumentsDecorator object at 0x7f9171f2c4a8>)
[2.046s] Level 1:colcon.colcon_core.package_discovery:discover_packages(colcon_meta) check parameters
[2.047s] Level 1:colcon.colcon_core.package_discovery:discover_packages(recursive) check parameters
[2.047s] Level 1:colcon.colcon_core.package_discovery:discover_packages(ignore) check parameters
[2.047s] Level 1:colcon.colcon_core.package_discovery:discover_packages(path) check parameters
[2.047s] Level 1:colcon.colcon_core.package_discovery:discover_packages(colcon_meta) discover
[2.047s] Level 1:colcon.colcon_core.package_discovery:discover_packages(recursive) discover
[2.047s] INFO:colcon.colcon_core.package_discovery:Crawling recursively for packages in '/home/fatma/AUV_ws'
[2.048s] Level 1:colcon.colcon_core.package_identification:_identify(.) by extensions ['ignore', 'ignore_ament_install']
[2.048s] Level 1:colcon.colcon_core.package_identification:_identify(.) by extension 'ignore'
[2.048s] Level 1:colcon.colcon_core.package_identification:_identify(.) by extension 'ignore_ament_install'
[2.048s] Level 1:colcon.colcon_core.package_identification:_identify(.) by extensions ['colcon_pkg']
[2.048s] Level 1:colcon.colcon_core.package_identification:_identify(.) by extension 'colcon_pkg'
[2.048s] Level 1:colcon.colcon_core.package_identification:_identify(.) by extensions ['colcon_meta']
[2.048s] Level 1:colcon.colcon_core.package_identification:_identify(.) by extension 'colcon_meta'
[2.048s] Level 1:colcon.colcon_core.package_identification:_identify(.) by extensions ['ros']
[2.048s] Level 1:colcon.colcon_core.package_identification:_identify(.) by extension 'ros'
[2.149s] Level 1:colcon.colcon_core.package_identification:_identify(.) by extensions ['cmake', 'python']
[2.149s] Level 1:colcon.colcon_core.package_identification:_identify(.) by extension 'cmake'
[2.149s] Level 1:colcon.colcon_core.package_identification:_identify(.) by extension 'python'
[2.149s] Level 1:colcon.colcon_core.package_identification:_identify(.) by extensions ['python_setup_py']
[2.149s] Level 1:colcon.colcon_core.package_identification:_identify(.) by extension 'python_setup_py'
[2.150s] Level 1:colcon.colcon_core.package_identification:_identify(build) by extensions ['ignore', 'ignore_ament_install']
[2.150s] Level 1:colcon.colcon_core.package_identification:_identify(build) by extension 'ignore'
[2.150s] Level 1:colcon.colcon_core.package_identification:_identify(build) ignored
[2.150s] Level 1:colcon.colcon_core.package_identification:_identify(install) by extensions ['ignore', 'ignore_ament_install']
[2.151s] Level 1:colcon.colcon_core.package_identification:_identify(install) by extension 'ignore'
[2.151s] Level 1:colcon.colcon_core.package_identification:_identify(install) ignored
[2.151s] Level 1:colcon.colcon_core.package_identification:_identify(log) by extensions ['ignore', 'ignore_ament_install']
[2.151s] Level 1:colcon.colcon_core.package_identification:_identify(log) by extension 'ignore'
[2.151s] Level 1:colcon.colcon_core.package_identification:_identify(log) ignored
[2.151s] Level 1:colcon.colcon_core.package_identification:_identify(src) by extensions ['ignore', 'ignore_ament_install']
[2.152s] Level 1:colcon.colcon_core.package_identification:_identify(src) by extension 'ignore'
[2.152s] Level 1:colcon.colcon_core.package_identification:_identify(src) by extension 'ignore_ament_install'
[2.152s] Level 1:colcon.colcon_core.package_identification:_identify(src) by extensions ['colcon_pkg']
[2.152s] Level 1:colcon.colcon_core.package_identification:_identify(src) by extension 'colcon_pkg'
[2.152s] Level 1:colcon.colcon_core.package_identification:_identify(src) by extensions ['colcon_meta']
[2.152s] Level 1:colcon.colcon_core.package_identification:_identify(src) by extension 'colcon_meta'
[2.152s] Level 1:colcon.colcon_core.package_identification:_identify(src) by extensions ['ros']
[2.152s] Level 1:colcon.colcon_core.package_identification:_identify(src) by extension 'ros'
[2.152s] Level 1:colcon.colcon_core.package_identification:_identify(src) by extensions ['cmake', 'python']
[2.152s] Level 1:colcon.colcon_core.package_identification:_identify(src) by extension 'cmake'
[2.153s] Level 1:colcon.colcon_core.package_identification:_identify(src) by extension 'python'
[2.153s] Level 1:colcon.colcon_core.package_identification:_identify(src) by extensions ['python_setup_py']
[2.153s] Level 1:colcon.colcon_core.package_identification:_identify(src) by extension 'python_setup_py'
[2.153s] Level 1:colcon.colcon_core.package_identification:_identify(src/gate_detection) by extensions ['ignore', 'ignore_ament_install']
[2.153s] Level 1:colcon.colcon_core.package_identification:_identify(src/gate_detection) by extension 'ignore'
[2.153s] Level 1:colcon.colcon_core.package_identification:_identify(src/gate_detection) by extension 'ignore_ament_install'
[2.153s] Level 1:colcon.colcon_core.package_identification:_identify(src/gate_detection) by extensions ['colcon_pkg']
[2.153s] Level 1:colcon.colcon_core.package_identification:_identify(src/gate_detection) by extension 'colcon_pkg'
[2.154s] Level 1:colcon.colcon_core.package_identification:_identify(src/gate_detection) by extensions ['colcon_meta']
[2.154s] Level 1:colcon.colcon_core.package_identification:_identify(src/gate_detection) by extension 'colcon_meta'
[2.154s] Level 1:colcon.colcon_core.package_identification:_identify(src/gate_detection) by extensions ['ros']
[2.154s] Level 1:colcon.colcon_core.package_identification:_identify(src/gate_detection) by extension 'ros'
[2.193s] DEBUG:colcon.colcon_core.package_identification:Package 'src/gate_detection' with type 'ros.ament_python' and name 'gate_detection'
[2.193s] Level 1:colcon.colcon_core.package_identification:_identify(src/interfaces) by extensions ['ignore', 'ignore_ament_install']
[2.194s] Level 1:colcon.colcon_core.package_identification:_identify(src/interfaces) by extension 'ignore'
[2.194s] Level 1:colcon.colcon_core.package_identification:_identify(src/interfaces) by extension 'ignore_ament_install'
[2.194s] Level 1:colcon.colcon_core.package_identification:_identify(src/interfaces) by extensions ['colcon_pkg']
[2.194s] Level 1:colcon.colcon_core.package_identification:_identify(src/interfaces) by extension 'colcon_pkg'
[2.195s] Level 1:colcon.colcon_core.package_identification:_identify(src/interfaces) by extensions ['colcon_meta']
[2.195s] Level 1:colcon.colcon_core.package_identification:_identify(src/interfaces) by extension 'colcon_meta'
[2.195s] Level 1:colcon.colcon_core.package_identification:_identify(src/interfaces) by extensions ['ros']
[2.195s] Level 1:colcon.colcon_core.package_identification:_identify(src/interfaces) by extension 'ros'
[2.211s] DEBUG:colcon.colcon_core.package_identification:Package 'src/interfaces' with type 'ros.ament_cmake' and name 'interfaces'
[2.211s] Level 1:colcon.colcon_core.package_discovery:discover_packages(recursive) using defaults
[2.212s] Level 1:colcon.colcon_core.package_discovery:discover_packages(ignore) discover
[2.212s] Level 1:colcon.colcon_core.package_discovery:discover_packages(ignore) using defaults
[2.212s] Level 1:colcon.colcon_core.package_discovery:discover_packages(path) discover
[2.212s] Level 1:colcon.colcon_core.package_discovery:discover_packages(path) using defaults
[2.458s] Level 5:colcon.colcon_core.verb:set package 'interfaces' build argument 'cmake_args' from command line to 'None'
[2.458s] Level 5:colcon.colcon_core.verb:set package 'interfaces' build argument 'cmake_target' from command line to 'None'
[2.458s] Level 5:colcon.colcon_core.verb:set package 'interfaces' build argument 'cmake_target_skip_unavailable' from command line to 'False'
[2.458s] Level 5:colcon.colcon_core.verb:set package 'interfaces' build argument 'cmake_clean_cache' from command line to 'False'
[2.459s] Level 5:colcon.colcon_core.verb:set package 'interfaces' build argument 'cmake_clean_first' from command line to 'False'
[2.459s] Level 5:colcon.colcon_core.verb:set package 'interfaces' build argument 'cmake_force_configure' from command line to 'False'
[2.459s] Level 5:colcon.colcon_core.verb:set package 'interfaces' build argument 'ament_cmake_args' from command line to 'None'
[2.459s] Level 5:colcon.colcon_core.verb:set package 'interfaces' build argument 'catkin_cmake_args' from command line to 'None'
[2.459s] Level 5:colcon.colcon_core.verb:set package 'interfaces' build argument 'catkin_skip_building_tests' from command line to 'False'
[2.459s] DEBUG:colcon.colcon_core.verb:Building package 'interfaces' with the following arguments: {'ament_cmake_args': None, 'build_base': '/home/fatma/AUV_ws/build/interfaces', 'catkin_cmake_args': None, 'catkin_skip_building_tests': False, 'cmake_args': None, 'cmake_clean_cache': False, 'cmake_clean_first': False, 'cmake_force_configure': False, 'cmake_target': None, 'cmake_target_skip_unavailable': False, 'install_base': '/home/fatma/AUV_ws/install/interfaces', 'merge_install': False, 'path': '/home/fatma/AUV_ws/src/interfaces', 'symlink_install': False, 'test_result_base': None}
[2.465s] Level 5:colcon.colcon_core.verb:set package 'gate_detection' build argument 'cmake_args' from command line to 'None'
[2.465s] Level 5:colcon.colcon_core.verb:set package 'gate_detection' build argument 'cmake_target' from command line to 'None'
[2.465s] Level 5:colcon.colcon_core.verb:set package 'gate_detection' build argument 'cmake_target_skip_unavailable' from command line to 'False'
[2.465s] Level 5:colcon.colcon_core.verb:set package 'gate_detection' build argument 'cmake_clean_cache' from command line to 'False'
[2.466s] Level 5:colcon.colcon_core.verb:set package 'gate_detection' build argument 'cmake_clean_first' from command line to 'False'
[2.466s] Level 5:colcon.colcon_core.verb:set package 'gate_detection' build argument 'cmake_force_configure' from command line to 'False'
[2.466s] Level 5:colcon.colcon_core.verb:set package 'gate_detection' build argument 'ament_cmake_args' from command line to 'None'
[2.466s] Level 5:colcon.colcon_core.verb:set package 'gate_detection' build argument 'catkin_cmake_args' from command line to 'None'
[2.466s] Level 5:colcon.colcon_core.verb:set package 'gate_detection' build argument 'catkin_skip_building_tests' from command line to 'False'
[2.466s] DEBUG:colcon.colcon_core.verb:Building package 'gate_detection' with the following arguments: {'ament_cmake_args': None, 'build_base': '/home/fatma/AUV_ws/build/gate_detection', 'catkin_cmake_args': None, 'catkin_skip_building_tests': False, 'cmake_args': None, 'cmake_clean_cache': False, 'cmake_clean_first': False, 'cmake_force_configure': False, 'cmake_target': None, 'cmake_target_skip_unavailable': False, 'install_base': '/home/fatma/AUV_ws/install/gate_detection', 'merge_install': False, 'path': '/home/fatma/AUV_ws/src/gate_detection', 'symlink_install': False, 'test_result_base': None}
[2.467s] INFO:colcon.colcon_core.executor:Executing jobs using 'parallel' executor
[2.471s] DEBUG:colcon.colcon_parallel_executor.executor.parallel:run_until_complete
[2.471s] INFO:colcon.colcon_ros.task.ament_cmake.build:Building ROS package in '/home/fatma/AUV_ws/src/interfaces' with build type 'ament_cmake'
[2.472s] INFO:colcon.colcon_cmake.task.cmake.build:Building CMake package in '/home/fatma/AUV_ws/src/interfaces'
[2.500s] INFO:colcon.colcon_core.plugin_system:Skipping extension 'colcon_core.shell.bat': Not used on non-Windows systems
[2.501s] INFO:colcon.colcon_core.shell:Skip shell extension 'powershell' for command environment: Not usable outside of PowerShell
[2.501s] DEBUG:colcon.colcon_core.shell:Skip shell extension 'dsv' for command environment
[2.526s] DEBUG:colcon.colcon_core.shell:Ignoring prefix path '/opt/ros/eloquent'
[2.565s] DEBUG:colcon.colcon_core.event_handler.log_command:Invoking command in '/home/fatma/AUV_ws/build/interfaces': CMAKE_PREFIX_PATH=/opt/ros/eloquent /usr/local/bin/cmake --build /home/fatma/AUV_ws/build/interfaces -- -j4 -l4
[4.289s] DEBUG:colcon.colcon_core.event_handler.log_command:Invoked command in '/home/fatma/AUV_ws/build/interfaces' returned '0': CMAKE_PREFIX_PATH=/opt/ros/eloquent /usr/local/bin/cmake --build /home/fatma/AUV_ws/build/interfaces -- -j4 -l4
[4.360s] DEBUG:colcon.colcon_core.event_handler.log_command:Invoking command in '/home/fatma/AUV_ws/build/interfaces': CMAKE_PREFIX_PATH=/opt/ros/eloquent /usr/local/bin/cmake --build /home/fatma/AUV_ws/build/interfaces --target install -- -j4 -l4
[4.786s] Level 1:colcon.colcon_core.environment:create_environment_scripts_only(interfaces)
[4.788s] DEBUG:colcon.colcon_core.event_handler.log_command:Invoked command in '/home/fatma/AUV_ws/build/interfaces' returned '0': CMAKE_PREFIX_PATH=/opt/ros/eloquent /usr/local/bin/cmake --build /home/fatma/AUV_ws/build/interfaces --target install -- -j4 -l4
[4.882s] Level 1:colcon.colcon_core.environment:checking '/home/fatma/AUV_ws/install/interfaces' for CMake module files
[4.883s] Level 1:colcon.colcon_core.environment:checking '/home/fatma/AUV_ws/install/interfaces' for CMake config files
[4.884s] Level 1:colcon.colcon_core.shell:create_environment_hook('interfaces', 'cmake_prefix_path')
[4.885s] INFO:colcon.colcon_core.shell:Creating environment hook '/home/fatma/AUV_ws/install/interfaces/share/interfaces/hook/cmake_prefix_path.ps1'
[4.894s] INFO:colcon.colcon_core.shell:Creating environment descriptor '/home/fatma/AUV_ws/install/interfaces/share/interfaces/hook/cmake_prefix_path.dsv'
[4.907s] INFO:colcon.colcon_core.shell:Creating environment hook '/home/fatma/AUV_ws/install/interfaces/share/interfaces/hook/cmake_prefix_path.sh'
[4.909s] Level 1:colcon.colcon_core.environment:checking '/home/fatma/AUV_ws/install/interfaces/lib'
[4.910s] Level 1:colcon.colcon_core.shell:create_environment_hook('interfaces', 'ld_library_path_lib')
[4.911s] INFO:colcon.colcon_core.shell:Creating environment hook '/home/fatma/AUV_ws/install/interfaces/share/interfaces/hook/ld_library_path_lib.ps1'
[4.912s] INFO:colcon.colcon_core.shell:Creating environment descriptor '/home/fatma/AUV_ws/install/interfaces/share/interfaces/hook/ld_library_path_lib.dsv'
[4.913s] INFO:colcon.colcon_core.shell:Creating environment hook '/home/fatma/AUV_ws/install/interfaces/share/interfaces/hook/ld_library_path_lib.sh'
[4.913s] Level 1:colcon.colcon_core.environment:checking '/home/fatma/AUV_ws/install/interfaces/bin'
[4.914s] Level 1:colcon.colcon_core.environment:checking '/home/fatma/AUV_ws/install/interfaces/lib/pkgconfig/interfaces.pc'
[4.914s] Level 1:colcon.colcon_core.environment:checking '/home/fatma/AUV_ws/install/interfaces/lib/python3.6/site-packages'
[4.914s] Level 1:colcon.colcon_core.shell:create_environment_hook('interfaces', 'pythonpath')
[4.916s] INFO:colcon.colcon_core.shell:Creating environment hook '/home/fatma/AUV_ws/install/interfaces/share/interfaces/hook/pythonpath.ps1'
[4.916s] INFO:colcon.colcon_core.shell:Creating environment descriptor '/home/fatma/AUV_ws/install/interfaces/share/interfaces/hook/pythonpath.dsv'
[4.917s] INFO:colcon.colcon_core.shell:Creating environment hook '/home/fatma/AUV_ws/install/interfaces/share/interfaces/hook/pythonpath.sh'
[4.920s] INFO:colcon.colcon_core.shell:Creating package script '/home/fatma/AUV_ws/install/interfaces/share/interfaces/package.ps1'
[4.923s] INFO:colcon.colcon_core.shell:Creating package descriptor '/home/fatma/AUV_ws/install/interfaces/share/interfaces/package.dsv'
[4.929s] INFO:colcon.colcon_core.shell:Creating package script '/home/fatma/AUV_ws/install/interfaces/share/interfaces/package.sh'
[4.931s] INFO:colcon.colcon_core.shell:Creating package script '/home/fatma/AUV_ws/install/interfaces/share/interfaces/package.bash'
[4.943s] INFO:colcon.colcon_core.shell:Creating package script '/home/fatma/AUV_ws/install/interfaces/share/interfaces/package.zsh'
[4.963s] Level 1:colcon.colcon_core.environment:create_file_with_runtime_dependencies(/home/fatma/AUV_ws/install/interfaces/share/colcon-core/packages/interfaces)
[5.022s] Level 1:colcon.colcon_core.environment:create_environment_scripts_only(interfaces)
[5.024s] Level 1:colcon.colcon_core.environment:checking '/home/fatma/AUV_ws/install/interfaces' for CMake module files
[5.025s] Level 1:colcon.colcon_core.environment:checking '/home/fatma/AUV_ws/install/interfaces' for CMake config files
[5.025s] Level 1:colcon.colcon_core.shell:create_environment_hook('interfaces', 'cmake_prefix_path')
[5.026s] INFO:colcon.colcon_core.shell:Creating environment hook '/home/fatma/AUV_ws/install/interfaces/share/interfaces/hook/cmake_prefix_path.ps1'
[5.027s] INFO:colcon.colcon_core.shell:Creating environment descriptor '/home/fatma/AUV_ws/install/interfaces/share/interfaces/hook/cmake_prefix_path.dsv'
[5.027s] INFO:colcon.colcon_core.shell:Creating environment hook '/home/fatma/AUV_ws/install/interfaces/share/interfaces/hook/cmake_prefix_path.sh'
[5.029s] Level 1:colcon.colcon_core.environment:checking '/home/fatma/AUV_ws/install/interfaces/lib'
[5.029s] Level 1:colcon.colcon_core.shell:create_environment_hook('interfaces', 'ld_library_path_lib')
[5.030s] INFO:colcon.colcon_core.shell:Creating environment hook '/home/fatma/AUV_ws/install/interfaces/share/interfaces/hook/ld_library_path_lib.ps1'
[5.031s] INFO:colcon.colcon_core.shell:Creating environment descriptor '/home/fatma/AUV_ws/install/interfaces/share/interfaces/hook/ld_library_path_lib.dsv'
[5.031s] INFO:colcon.colcon_core.shell:Creating environment hook '/home/fatma/AUV_ws/install/interfaces/share/interfaces/hook/ld_library_path_lib.sh'
[5.032s] Level 1:colcon.colcon_core.environment:checking '/home/fatma/AUV_ws/install/interfaces/bin'
[5.032s] Level 1:colcon.colcon_core.environment:checking '/home/fatma/AUV_ws/install/interfaces/lib/pkgconfig/interfaces.pc'
[5.033s] Level 1:colcon.colcon_core.environment:checking '/home/fatma/AUV_ws/install/interfaces/lib/python3.6/site-packages'
[5.033s] Level 1:colcon.colcon_core.shell:create_environment_hook('interfaces', 'pythonpath')
[5.034s] INFO:colcon.colcon_core.shell:Creating environment hook '/home/fatma/AUV_ws/install/interfaces/share/interfaces/hook/pythonpath.ps1'
[5.034s] INFO:colcon.colcon_core.shell:Creating environment descriptor '/home/fatma/AUV_ws/install/interfaces/share/interfaces/hook/pythonpath.dsv'
[5.035s] INFO:colcon.colcon_core.shell:Creating environment hook '/home/fatma/AUV_ws/install/interfaces/share/interfaces/hook/pythonpath.sh'
[5.037s] INFO:colcon.colcon_core.shell:Creating package script '/home/fatma/AUV_ws/install/interfaces/share/interfaces/package.ps1'
[5.037s] INFO:colcon.colcon_core.shell:Creating package descriptor '/home/fatma/AUV_ws/install/interfaces/share/interfaces/package.dsv'
[5.038s] INFO:colcon.colcon_core.shell:Creating package script '/home/fatma/AUV_ws/install/interfaces/share/interfaces/package.sh'
[5.039s] INFO:colcon.colcon_core.shell:Creating package script '/home/fatma/AUV_ws/install/interfaces/share/interfaces/package.bash'
[5.040s] INFO:colcon.colcon_core.shell:Creating package script '/home/fatma/AUV_ws/install/interfaces/share/interfaces/package.zsh'
[5.041s] Level 1:colcon.colcon_core.environment:create_file_with_runtime_dependencies(/home/fatma/AUV_ws/install/interfaces/share/colcon-core/packages/interfaces)
[5.041s] INFO:colcon.colcon_ros.task.ament_python.build:Building ROS package in '/home/fatma/AUV_ws/src/gate_detection' with build type 'ament_python'
[5.041s] Level 1:colcon.colcon_core.shell:create_environment_hook('gate_detection', 'ament_prefix_path')
[5.043s] INFO:colcon.colcon_core.shell:Creating environment hook '/home/fatma/AUV_ws/install/gate_detection/share/gate_detection/hook/ament_prefix_path.ps1'
[5.044s] INFO:colcon.colcon_core.shell:Creating environment descriptor '/home/fatma/AUV_ws/install/gate_detection/share/gate_detection/hook/ament_prefix_path.dsv'
[5.045s] INFO:colcon.colcon_core.shell:Creating environment hook '/home/fatma/AUV_ws/install/gate_detection/share/gate_detection/hook/ament_prefix_path.sh'
[5.047s] INFO:colcon.colcon_core.shell:Skip shell extension 'powershell' for command environment: Not usable outside of PowerShell
[5.048s] DEBUG:colcon.colcon_core.shell:Skip shell extension 'dsv' for command environment
[5.052s] DEBUG:colcon.colcon_core.shell:Ignoring prefix path '/opt/ros/eloquent'
[5.448s] INFO:colcon.colcon_core.task.python.build:Building Python package in '/home/fatma/AUV_ws/src/gate_detection'
[5.449s] INFO:colcon.colcon_core.shell:Skip shell extension 'powershell' for command environment: Not usable outside of PowerShell
[5.449s] DEBUG:colcon.colcon_core.shell:Skip shell extension 'dsv' for command environment
[5.453s] DEBUG:colcon.colcon_core.shell:Ignoring prefix path '/opt/ros/eloquent'
[5.469s] DEBUG:colcon.colcon_core.event_handler.log_command:Invoking command in '/home/fatma/AUV_ws/src/gate_detection': AMENT_PREFIX_PATH=/home/fatma/AUV_ws/install/interfaces:${AMENT_PREFIX_PATH} CMAKE_PREFIX_PATH=/home/fatma/AUV_ws/install/interfaces LD_LIBRARY_PATH=/home/fatma/AUV_ws/install/interfaces/lib:${LD_LIBRARY_PATH} PYTHONPATH=/home/fatma/AUV_ws/install/gate_detection/lib/python3.6/site-packages:/home/fatma/AUV_ws/install/interfaces/lib/python3.6/site-packages:${PYTHONPATH} /usr/bin/python3 setup.py egg_info --egg-base ../../build/gate_detection build --build-base /home/fatma/AUV_ws/build/gate_detection/build install --prefix /home/fatma/AUV_ws/install/gate_detection --record /home/fatma/AUV_ws/build/gate_detection/install.log --single-version-externally-managed
[6.202s] Level 1:colcon.colcon_core.environment:checking '/home/fatma/AUV_ws/install/gate_detection' for CMake module files
[6.203s] DEBUG:colcon.colcon_core.event_handler.log_command:Invoked command in '/home/fatma/AUV_ws/src/gate_detection' returned '0': AMENT_PREFIX_PATH=/home/fatma/AUV_ws/install/interfaces:${AMENT_PREFIX_PATH} CMAKE_PREFIX_PATH=/home/fatma/AUV_ws/install/interfaces LD_LIBRARY_PATH=/home/fatma/AUV_ws/install/interfaces/lib:${LD_LIBRARY_PATH} PYTHONPATH=/home/fatma/AUV_ws/install/gate_detection/lib/python3.6/site-packages:/home/fatma/AUV_ws/install/interfaces/lib/python3.6/site-packages:${PYTHONPATH} /usr/bin/python3 setup.py egg_info --egg-base ../../build/gate_detection build --build-base /home/fatma/AUV_ws/build/gate_detection/build install --prefix /home/fatma/AUV_ws/install/gate_detection --record /home/fatma/AUV_ws/build/gate_detection/install.log --single-version-externally-managed
[6.204s] Level 1:colcon.colcon_core.environment:checking '/home/fatma/AUV_ws/install/gate_detection' for CMake config files
[6.205s] Level 1:colcon.colcon_core.environment:checking '/home/fatma/AUV_ws/install/gate_detection/lib'
[6.206s] Level 1:colcon.colcon_core.environment:checking '/home/fatma/AUV_ws/install/gate_detection/bin'
[6.206s] Level 1:colcon.colcon_core.environment:checking '/home/fatma/AUV_ws/install/gate_detection/lib/pkgconfig/gate_detection.pc'
[6.206s] Level 1:colcon.colcon_core.environment:checking '/home/fatma/AUV_ws/install/gate_detection/lib/python3.6/site-packages'
[6.206s] Level 1:colcon.colcon_core.shell:create_environment_hook('gate_detection', 'pythonpath')
[6.207s] INFO:colcon.colcon_core.shell:Creating environment hook '/home/fatma/AUV_ws/install/gate_detection/share/gate_detection/hook/pythonpath.ps1'
[6.208s] INFO:colcon.colcon_core.shell:Creating environment descriptor '/home/fatma/AUV_ws/install/gate_detection/share/gate_detection/hook/pythonpath.dsv'
[6.209s] INFO:colcon.colcon_core.shell:Creating environment hook '/home/fatma/AUV_ws/install/gate_detection/share/gate_detection/hook/pythonpath.sh'
[6.209s] Level 1:colcon.colcon_core.environment:create_environment_scripts_only(gate_detection)
[6.211s] INFO:colcon.colcon_core.shell:Creating package script '/home/fatma/AUV_ws/install/gate_detection/share/gate_detection/package.ps1'
[6.212s] INFO:colcon.colcon_core.shell:Creating package descriptor '/home/fatma/AUV_ws/install/gate_detection/share/gate_detection/package.dsv'
[6.213s] INFO:colcon.colcon_core.shell:Creating package script '/home/fatma/AUV_ws/install/gate_detection/share/gate_detection/package.sh'
[6.214s] INFO:colcon.colcon_core.shell:Creating package script '/home/fatma/AUV_ws/install/gate_detection/share/gate_detection/package.bash'
[6.215s] INFO:colcon.colcon_core.shell:Creating package script '/home/fatma/AUV_ws/install/gate_detection/share/gate_detection/package.zsh'
[6.216s] Level 1:colcon.colcon_core.environment:create_file_with_runtime_dependencies(/home/fatma/AUV_ws/install/gate_detection/share/colcon-core/packages/gate_detection)
[6.217s] DEBUG:colcon.colcon_parallel_executor.executor.parallel:closing loop
[6.218s] DEBUG:colcon.colcon_parallel_executor.executor.parallel:loop closed
[6.218s] DEBUG:colcon.colcon_parallel_executor.executor.parallel:run_until_complete finished with '0'
[6.218s] DEBUG:colcon.colcon_core.event_reactor:joining thread
[6.296s] INFO:colcon.colcon_core.plugin_system:Skipping extension 'colcon_notification.desktop_notification.terminal_notifier': Not used on non-Darwin systems
[6.296s] INFO:colcon.colcon_core.plugin_system:Skipping extension 'colcon_notification.desktop_notification.win32': Not used on non-Windows systems
[6.296s] INFO:colcon.colcon_notification.desktop_notification:Sending desktop notification using 'notify2'
[6.299s] DEBUG:colcon.colcon_core.event_reactor:joined thread
[6.301s] INFO:colcon.colcon_core.shell:Creating prefix script '/home/fatma/AUV_ws/install/local_setup.ps1'
[6.316s] INFO:colcon.colcon_core.shell:Creating prefix util module '/home/fatma/AUV_ws/install/_local_setup_util_ps1.py'
[6.376s] INFO:colcon.colcon_core.shell:Creating prefix chain script '/home/fatma/AUV_ws/install/setup.ps1'
[6.382s] INFO:colcon.colcon_core.shell:Creating prefix script '/home/fatma/AUV_ws/install/local_setup.sh'
[6.384s] INFO:colcon.colcon_core.shell:Creating prefix util module '/home/fatma/AUV_ws/install/_local_setup_util_sh.py'
[6.386s] INFO:colcon.colcon_core.shell:Creating prefix chain script '/home/fatma/AUV_ws/install/setup.sh'
[6.391s] INFO:colcon.colcon_core.shell:Creating prefix script '/home/fatma/AUV_ws/install/local_setup.bash'
[6.393s] INFO:colcon.colcon_core.shell:Creating prefix chain script '/home/fatma/AUV_ws/install/setup.bash'
[6.398s] INFO:colcon.colcon_core.shell:Creating prefix script '/home/fatma/AUV_ws/install/local_setup.zsh'
[6.409s] INFO:colcon.colcon_core.shell:Creating prefix chain script '/home/fatma/AUV_ws/install/setup.zsh'
