[0.360s] Invoking command in '/home/fatma/AUV_ws/src/gate_detection': LD_LIBRARY_PATH=/home/fatma/AUV_ws/install/interfaces/lib:/opt/ros/eloquent/opt/yaml_cpp_vendor/lib:/opt/ros/eloquent/opt/rviz_ogre_vendor/lib:/opt/ros/eloquent/lib/x86_64-linux-gnu:/opt/ros/eloquent/lib PYTHONPATH=/home/fatma/AUV_ws/install/gate_detection/lib/python3.6/site-packages:/home/fatma/AUV_ws/install/interfaces/lib/python3.6/site-packages:/opt/ros/eloquent/lib/python3.6/site-packages:/home/fatma/AUV_ws/install/gate_detection/lib/python3.6/site-packages /usr/bin/python3 setup.py egg_info --egg-base ../../build/gate_detection build --build-base /home/fatma/AUV_ws/build/gate_detection/build install --prefix /home/fatma/AUV_ws/install/gate_detection --record /home/fatma/AUV_ws/build/gate_detection/install.log --single-version-externally-managed
[0.649s] running egg_info
[0.651s] writing ../../build/gate_detection/gate_detection.egg-info/PKG-INFO
[0.651s] writing dependency_links to ../../build/gate_detection/gate_detection.egg-info/dependency_links.txt
[0.651s] writing entry points to ../../build/gate_detection/gate_detection.egg-info/entry_points.txt
[0.652s] writing requirements to ../../build/gate_detection/gate_detection.egg-info/requires.txt
[0.652s] writing top-level names to ../../build/gate_detection/gate_detection.egg-info/top_level.txt
[0.694s] reading manifest file '../../build/gate_detection/gate_detection.egg-info/SOURCES.txt'
[0.697s] writing manifest file '../../build/gate_detection/gate_detection.egg-info/SOURCES.txt'
[0.697s] running build
[0.697s] running build_py
[0.697s] running install
[0.698s] running install_lib
[0.701s] running install_data
[0.702s] running install_egg_info
[0.705s] removing '/home/fatma/AUV_ws/install/gate_detection/lib/python3.6/site-packages/gate_detection-0.0.0-py3.6.egg-info' (and everything under it)
[0.706s] Copying ../../build/gate_detection/gate_detection.egg-info to /home/fatma/AUV_ws/install/gate_detection/lib/python3.6/site-packages/gate_detection-0.0.0-py3.6.egg-info
[0.708s] running install_scripts
[0.743s] Installing client script to /home/fatma/AUV_ws/install/gate_detection/lib/gate_detection
[0.743s] Installing service script to /home/fatma/AUV_ws/install/gate_detection/lib/gate_detection
[0.744s] writing list of installed files to '/home/fatma/AUV_ws/build/gate_detection/install.log'
[0.778s] Invoked command in '/home/fatma/AUV_ws/src/gate_detection' returned '0': LD_LIBRARY_PATH=/home/fatma/AUV_ws/install/interfaces/lib:/opt/ros/eloquent/opt/yaml_cpp_vendor/lib:/opt/ros/eloquent/opt/rviz_ogre_vendor/lib:/opt/ros/eloquent/lib/x86_64-linux-gnu:/opt/ros/eloquent/lib PYTHONPATH=/home/fatma/AUV_ws/install/gate_detection/lib/python3.6/site-packages:/home/fatma/AUV_ws/install/interfaces/lib/python3.6/site-packages:/opt/ros/eloquent/lib/python3.6/site-packages:/home/fatma/AUV_ws/install/gate_detection/lib/python3.6/site-packages /usr/bin/python3 setup.py egg_info --egg-base ../../build/gate_detection build --build-base /home/fatma/AUV_ws/build/gate_detection/build install --prefix /home/fatma/AUV_ws/install/gate_detection --record /home/fatma/AUV_ws/build/gate_detection/install.log --single-version-externally-managed
