[0.362s] Invoking command in '/home/fatma/AUV_ws/src/gate_detection': PYTHONPATH=/home/fatma/AUV_ws/install/gate_detection/lib/python3.6/site-packages:/home/fatma/AUV_ws/install/interfaces/lib/python3.6/site-packages:/home/fatma/AUV_ws/install/gate_detection/lib/python3.6/site-packages:/opt/ros/eloquent/lib/python3.6/site-packages /usr/bin/python3 setup.py egg_info --egg-base ../../build/gate_detection build --build-base /home/fatma/AUV_ws/build/gate_detection/build install --prefix /home/fatma/AUV_ws/install/gate_detection --record /home/fatma/AUV_ws/build/gate_detection/install.log --single-version-externally-managed
[0.662s] running egg_info
[0.663s] writing ../../build/gate_detection/gate_detection.egg-info/PKG-INFO
[0.664s] writing dependency_links to ../../build/gate_detection/gate_detection.egg-info/dependency_links.txt
[0.664s] writing entry points to ../../build/gate_detection/gate_detection.egg-info/entry_points.txt
[0.664s] writing requirements to ../../build/gate_detection/gate_detection.egg-info/requires.txt
[0.665s] writing top-level names to ../../build/gate_detection/gate_detection.egg-info/top_level.txt
[0.705s] reading manifest file '../../build/gate_detection/gate_detection.egg-info/SOURCES.txt'
[0.706s] writing manifest file '../../build/gate_detection/gate_detection.egg-info/SOURCES.txt'
[0.707s] running build
[0.707s] running build_py
[0.707s] copying gate_detection/client_node.py -> /home/fatma/AUV_ws/build/gate_detection/build/lib/gate_detection
[0.708s] running install
[0.708s] running install_lib
[0.709s] copying /home/fatma/AUV_ws/build/gate_detection/build/lib/gate_detection/client_node.py -> /home/fatma/AUV_ws/install/gate_detection/lib/python3.6/site-packages/gate_detection
[0.710s] byte-compiling /home/fatma/AUV_ws/install/gate_detection/lib/python3.6/site-packages/gate_detection/client_node.py to client_node.cpython-36.pyc
[0.711s] running install_data
[0.712s] running install_egg_info
[0.714s] removing '/home/fatma/AUV_ws/install/gate_detection/lib/python3.6/site-packages/gate_detection-0.0.0-py3.6.egg-info' (and everything under it)
[0.715s] Copying ../../build/gate_detection/gate_detection.egg-info to /home/fatma/AUV_ws/install/gate_detection/lib/python3.6/site-packages/gate_detection-0.0.0-py3.6.egg-info
[0.716s] running install_scripts
[0.739s] Installing client script to /home/fatma/AUV_ws/install/gate_detection/lib/gate_detection
[0.740s] Installing service script to /home/fatma/AUV_ws/install/gate_detection/lib/gate_detection
[0.740s] writing list of installed files to '/home/fatma/AUV_ws/build/gate_detection/install.log'
[0.773s] Invoked command in '/home/fatma/AUV_ws/src/gate_detection' returned '0': PYTHONPATH=/home/fatma/AUV_ws/install/gate_detection/lib/python3.6/site-packages:/home/fatma/AUV_ws/install/interfaces/lib/python3.6/site-packages:/home/fatma/AUV_ws/install/gate_detection/lib/python3.6/site-packages:/opt/ros/eloquent/lib/python3.6/site-packages /usr/bin/python3 setup.py egg_info --egg-base ../../build/gate_detection build --build-base /home/fatma/AUV_ws/build/gate_detection/build install --prefix /home/fatma/AUV_ws/install/gate_detection --record /home/fatma/AUV_ws/build/gate_detection/install.log --single-version-externally-managed
