-- Found ament_cmake: 0.8.2 (/opt/ros/eloquent/share/ament_cmake/cmake)
-- Found PythonInterp: /usr/bin/python3 (found suitable version "3.6.9", minimum required is "3") 
-- Using PYTHON_EXECUTABLE: /usr/bin/python3
-- Found ament_lint_auto: 0.8.1 (/opt/ros/eloquent/share/ament_lint_auto/cmake)
-- Found rosidl_default_generators: 0.8.0 (/opt/ros/eloquent/share/rosidl_default_generators/cmake)
-- Found rosidl_adapter: 0.8.2 (/opt/ros/eloquent/share/rosidl_adapter/cmake)
-- Found PythonInterp: /usr/bin/python3 (found version "3.6.9") 
-- Using single matching rosidl_typesupport_c: rosidl_typesupport_fastrtps_c
-- Using single matching rosidl_typesupport_cpp: rosidl_typesupport_fastrtps_cpp
-- Found rmw_implementation_cmake: 0.8.1 (/opt/ros/eloquent/share/rmw_implementation_cmake/cmake)
-- Found PythonInterp: /usr/bin/python3 (found suitable version "3.6.9", minimum required is "3.5") 
-- Found python_cmake_module: 0.8.0 (/opt/ros/eloquent/share/python_cmake_module/cmake)
-- Using PYTHON_EXECUTABLE: /usr/bin/python3
-- Using PYTHON_INCLUDE_DIRS: /usr/include/python3.6m
-- Using PYTHON_LIBRARIES: /usr/lib/x86_64-linux-gnu/libpython3.6m.so
-- Added test 'lint_cmake' to check CMake code style
-- Added test 'xmllint' to check XML markup files
-- Configuring done
-- Generating done
-- Build files have been written to: /home/fatma/AUV_ws/build/interfaces
[  3%] [34m[1mGenerating C code for ROS interfaces[0m
[  6%] [34m[1mGenerating C++ code for ROS interfaces[0m
[  6%] Built target interfaces__cpp
[ 10%] [34m[1mGenerating C++ introspection for ROS interfaces[0m
[ 13%] [34m[1mGenerating C++ type support for eProsima Fast-RTPS[0m
[35m[1mScanning dependencies of target interfaces__rosidl_generator_c[0m
[ 17%] [32mBuilding C object CMakeFiles/interfaces__rosidl_generator_c.dir/rosidl_generator_c/interfaces/srv/gate_location__functions.c.o[0m
[35m[1mScanning dependencies of target interfaces__rosidl_typesupport_introspection_cpp[0m
[35m[1mScanning dependencies of target interfaces__rosidl_typesupport_fastrtps_cpp[0m
[ 20%] [32mBuilding CXX object CMakeFiles/interfaces__rosidl_typesupport_introspection_cpp.dir/rosidl_typesupport_introspection_cpp/interfaces/srv/gate_location__type_support.cpp.o[0m
[ 24%] [32mBuilding CXX object CMakeFiles/interfaces__rosidl_typesupport_fastrtps_cpp.dir/rosidl_typesupport_fastrtps_cpp/interfaces/srv/dds_fastrtps/gate_location__type_support.cpp.o[0m
[ 27%] [32m[1mLinking C shared library libinterfaces__rosidl_generator_c.so[0m
[ 27%] Built target interfaces__rosidl_generator_c
[ 31%] [32m[1mLinking CXX shared library libinterfaces__rosidl_typesupport_introspection_cpp.so[0m
[ 34%] [34m[1mGenerating C introspection for ROS interfaces[0m
[ 37%] [32m[1mLinking CXX shared library libinterfaces__rosidl_typesupport_fastrtps_cpp.so[0m
[ 37%] Built target interfaces__rosidl_typesupport_introspection_cpp
[ 37%] Built target interfaces__rosidl_typesupport_fastrtps_cpp
[ 41%] [34m[1mGenerating C type support for eProsima Fast-RTPS[0m
[ 44%] [34m[1mGenerating C++ type support dispatch for ROS interfaces[0m
[35m[1mScanning dependencies of target interfaces__rosidl_typesupport_introspection_c[0m
[ 48%] [32mBuilding C object CMakeFiles/interfaces__rosidl_typesupport_introspection_c.dir/rosidl_typesupport_introspection_c/interfaces/srv/gate_location__type_support.c.o[0m
[ 51%] [32m[1mLinking C shared library libinterfaces__rosidl_typesupport_introspection_c.so[0m
[ 51%] Built target interfaces__rosidl_typesupport_introspection_c
[35m[1mScanning dependencies of target interfaces__rosidl_typesupport_cpp[0m
[ 55%] [32mBuilding CXX object CMakeFiles/interfaces__rosidl_typesupport_cpp.dir/rosidl_typesupport_cpp/interfaces/srv/gate_location__type_support.cpp.o[0m
[35m[1mScanning dependencies of target interfaces__rosidl_typesupport_fastrtps_c[0m
[ 58%] [32mBuilding CXX object CMakeFiles/interfaces__rosidl_typesupport_fastrtps_c.dir/rosidl_typesupport_fastrtps_c/interfaces/srv/gate_location__type_support_c.cpp.o[0m
[ 62%] [32m[1mLinking CXX shared library libinterfaces__rosidl_typesupport_cpp.so[0m
[ 65%] [32m[1mLinking CXX shared library libinterfaces__rosidl_typesupport_fastrtps_c.so[0m
[ 65%] Built target interfaces__rosidl_typesupport_cpp
[ 65%] Built target interfaces__rosidl_typesupport_fastrtps_c
[ 68%] [34m[1mGenerating C type support dispatch for ROS interfaces[0m
[35m[1mScanning dependencies of target interfaces__rosidl_typesupport_c[0m
[ 72%] [32mBuilding CXX object CMakeFiles/interfaces__rosidl_typesupport_c.dir/rosidl_typesupport_c/interfaces/srv/gate_location__type_support.cpp.o[0m
[ 75%] [32m[1mLinking CXX shared library libinterfaces__rosidl_typesupport_c.so[0m
[ 75%] Built target interfaces__rosidl_typesupport_c
[ 75%] Built target interfaces
[ 79%] [34m[1mGenerating Python code for ROS interfaces[0m
[ 79%] Built target interfaces__py
[35m[1mScanning dependencies of target interfaces__python[0m
[ 82%] [32mBuilding C object CMakeFiles/interfaces__python.dir/rosidl_generator_py/interfaces/srv/_gate_location_s.c.o[0m
[ 86%] [32m[1mLinking CXX shared library rosidl_generator_py/interfaces/libinterfaces__python.so[0m
[ 86%] Built target interfaces__python
[35m[1mScanning dependencies of target interfaces__rosidl_typesupport_c__pyext[0m
[35m[1mScanning dependencies of target interfaces__rosidl_typesupport_fastrtps_c__pyext[0m
[ 89%] [32mBuilding C object CMakeFiles/interfaces__rosidl_typesupport_c__pyext.dir/rosidl_generator_py/interfaces/_interfaces_s.ep.rosidl_typesupport_c.c.o[0m
[ 93%] [32mBuilding C object CMakeFiles/interfaces__rosidl_typesupport_fastrtps_c__pyext.dir/rosidl_generator_py/interfaces/_interfaces_s.ep.rosidl_typesupport_fastrtps_c.c.o[0m
[100%] [32m[1mLinking CXX shared library rosidl_generator_py/interfaces/interfaces_s__rosidl_typesupport_c.cpython-36m-x86_64-linux-gnu.so[0m
[100%] [32m[1mLinking CXX shared library rosidl_generator_py/interfaces/interfaces_s__rosidl_typesupport_fastrtps_c.cpython-36m-x86_64-linux-gnu.so[0m
[100%] Built target interfaces__rosidl_typesupport_c__pyext
[100%] Built target interfaces__rosidl_typesupport_fastrtps_c__pyext
[  3%] Built target interfaces__cpp
[ 13%] Built target interfaces__rosidl_generator_c
[ 24%] Built target interfaces__rosidl_typesupport_introspection_cpp
[ 34%] Built target interfaces__rosidl_typesupport_introspection_c
[ 44%] Built target interfaces__rosidl_typesupport_fastrtps_cpp
[ 55%] Built target interfaces__rosidl_typesupport_cpp
[ 65%] Built target interfaces__rosidl_typesupport_fastrtps_c
[ 75%] Built target interfaces__rosidl_typesupport_c
[ 75%] Built target interfaces
[ 79%] Built target interfaces__py
[ 86%] Built target interfaces__python
[100%] Built target interfaces__rosidl_typesupport_fastrtps_c__pyext
[100%] Built target interfaces__rosidl_typesupport_c__pyext
[36mInstall the project...[0m
-- Install configuration: ""
-- Up-to-date: /home/fatma/AUV_ws/install/interfaces/share/ament_index/resource_index/rosidl_interfaces/interfaces
-- Installing: /home/fatma/AUV_ws/install/interfaces/lib/libinterfaces__rosidl_typesupport_c.so
-- Set runtime path of "/home/fatma/AUV_ws/install/interfaces/lib/libinterfaces__rosidl_typesupport_c.so" to ""
-- Up-to-date: /home/fatma/AUV_ws/install/interfaces/share/interfaces/environment/library_path.sh
-- Installing: /home/fatma/AUV_ws/install/interfaces/share/interfaces/environment/library_path.dsv
-- Installing: /home/fatma/AUV_ws/install/interfaces/lib/libinterfaces__rosidl_typesupport_cpp.so
-- Set runtime path of "/home/fatma/AUV_ws/install/interfaces/lib/libinterfaces__rosidl_typesupport_cpp.so" to ""
-- Up-to-date: /home/fatma/AUV_ws/install/interfaces/include/interfaces
-- Up-to-date: /home/fatma/AUV_ws/install/interfaces/include/interfaces/msg
-- Up-to-date: /home/fatma/AUV_ws/install/interfaces/include/interfaces/msg/rosidl_typesupport_fastrtps_c__visibility_control.h
-- Up-to-date: /home/fatma/AUV_ws/install/interfaces/include/interfaces/srv
-- Installing: /home/fatma/AUV_ws/install/interfaces/include/interfaces/srv/gate_location__rosidl_typesupport_fastrtps_c.h
-- Installing: /home/fatma/AUV_ws/install/interfaces/lib/libinterfaces__rosidl_typesupport_fastrtps_c.so
-- Set runtime path of "/home/fatma/AUV_ws/install/interfaces/lib/libinterfaces__rosidl_typesupport_fastrtps_c.so" to ""
-- Up-to-date: /home/fatma/AUV_ws/install/interfaces/include/interfaces
-- Up-to-date: /home/fatma/AUV_ws/install/interfaces/include/interfaces/msg
-- Up-to-date: /home/fatma/AUV_ws/install/interfaces/include/interfaces/msg/rosidl_generator_c__visibility_control.h
-- Up-to-date: /home/fatma/AUV_ws/install/interfaces/include/interfaces/srv
-- Installing: /home/fatma/AUV_ws/install/interfaces/include/interfaces/srv/gate_location__functions.c
-- Installing: /home/fatma/AUV_ws/install/interfaces/include/interfaces/srv/gate_location__functions.h
-- Installing: /home/fatma/AUV_ws/install/interfaces/include/interfaces/srv/gate_location__type_support.h
-- Installing: /home/fatma/AUV_ws/install/interfaces/include/interfaces/srv/gate_location.h
-- Installing: /home/fatma/AUV_ws/install/interfaces/include/interfaces/srv/gate_location__struct.h
-- Installing: /home/fatma/AUV_ws/install/interfaces/lib/libinterfaces__rosidl_generator_c.so
-- Set runtime path of "/home/fatma/AUV_ws/install/interfaces/lib/libinterfaces__rosidl_generator_c.so" to ""
-- Up-to-date: /home/fatma/AUV_ws/install/interfaces/include/interfaces
-- Up-to-date: /home/fatma/AUV_ws/install/interfaces/include/interfaces/msg
-- Up-to-date: /home/fatma/AUV_ws/install/interfaces/include/interfaces/msg/rosidl_typesupport_fastrtps_cpp__visibility_control.h
-- Up-to-date: /home/fatma/AUV_ws/install/interfaces/include/interfaces/srv
-- Installing: /home/fatma/AUV_ws/install/interfaces/include/interfaces/srv/gate_location__rosidl_typesupport_fastrtps_cpp.hpp
-- Up-to-date: /home/fatma/AUV_ws/install/interfaces/include/interfaces/srv/dds_fastrtps
-- Installing: /home/fatma/AUV_ws/install/interfaces/lib/libinterfaces__rosidl_typesupport_fastrtps_cpp.so
-- Set runtime path of "/home/fatma/AUV_ws/install/interfaces/lib/libinterfaces__rosidl_typesupport_fastrtps_cpp.so" to ""
-- Up-to-date: /home/fatma/AUV_ws/install/interfaces/include/interfaces
-- Up-to-date: /home/fatma/AUV_ws/install/interfaces/include/interfaces/srv
-- Installing: /home/fatma/AUV_ws/install/interfaces/include/interfaces/srv/gate_location.hpp
-- Installing: /home/fatma/AUV_ws/install/interfaces/include/interfaces/srv/gate_location__struct.hpp
-- Installing: /home/fatma/AUV_ws/install/interfaces/include/interfaces/srv/gate_location__traits.hpp
-- Up-to-date: /home/fatma/AUV_ws/install/interfaces/include/interfaces
-- Up-to-date: /home/fatma/AUV_ws/install/interfaces/include/interfaces/msg
-- Up-to-date: /home/fatma/AUV_ws/install/interfaces/include/interfaces/msg/rosidl_typesupport_introspection_c__visibility_control.h
-- Up-to-date: /home/fatma/AUV_ws/install/interfaces/include/interfaces/srv
-- Installing: /home/fatma/AUV_ws/install/interfaces/include/interfaces/srv/gate_location__rosidl_typesupport_introspection_c.h
-- Installing: /home/fatma/AUV_ws/install/interfaces/include/interfaces/srv/gate_location__type_support.c
-- Installing: /home/fatma/AUV_ws/install/interfaces/lib/libinterfaces__rosidl_typesupport_introspection_c.so
-- Set runtime path of "/home/fatma/AUV_ws/install/interfaces/lib/libinterfaces__rosidl_typesupport_introspection_c.so" to ""
-- Up-to-date: /home/fatma/AUV_ws/install/interfaces/include/interfaces
-- Up-to-date: /home/fatma/AUV_ws/install/interfaces/include/interfaces/srv
-- Installing: /home/fatma/AUV_ws/install/interfaces/include/interfaces/srv/gate_location__type_support.cpp
-- Installing: /home/fatma/AUV_ws/install/interfaces/include/interfaces/srv/gate_location__rosidl_typesupport_introspection_cpp.hpp
-- Installing: /home/fatma/AUV_ws/install/interfaces/lib/libinterfaces__rosidl_typesupport_introspection_cpp.so
-- Set runtime path of "/home/fatma/AUV_ws/install/interfaces/lib/libinterfaces__rosidl_typesupport_introspection_cpp.so" to ""
-- Up-to-date: /home/fatma/AUV_ws/install/interfaces/share/interfaces/environment/pythonpath.sh
-- Installing: /home/fatma/AUV_ws/install/interfaces/share/interfaces/environment/pythonpath.dsv
-- Installing: /home/fatma/AUV_ws/install/interfaces/lib/python3.6/site-packages/interfaces/__init__.py
Compiling '/home/fatma/AUV_ws/install/interfaces/lib/python3.6/site-packages/interfaces/__init__.py'...
-- Up-to-date: /home/fatma/AUV_ws/install/interfaces/lib/python3.6/site-packages/interfaces/srv
-- Installing: /home/fatma/AUV_ws/install/interfaces/lib/python3.6/site-packages/interfaces/srv/_gate_location.py
-- Installing: /home/fatma/AUV_ws/install/interfaces/lib/python3.6/site-packages/interfaces/srv/__init__.py
-- Installing: /home/fatma/AUV_ws/install/interfaces/lib/python3.6/site-packages/interfaces/srv/_gate_location_s.c
-- Installing: /home/fatma/AUV_ws/install/interfaces/lib/python3.6/site-packages/interfaces/interfaces_s__rosidl_typesupport_c.cpython-36m-x86_64-linux-gnu.so
-- Set runtime path of "/home/fatma/AUV_ws/install/interfaces/lib/python3.6/site-packages/interfaces/interfaces_s__rosidl_typesupport_c.cpython-36m-x86_64-linux-gnu.so" to ""
-- Installing: /home/fatma/AUV_ws/install/interfaces/lib/python3.6/site-packages/interfaces/interfaces_s__rosidl_typesupport_fastrtps_c.cpython-36m-x86_64-linux-gnu.so
-- Set runtime path of "/home/fatma/AUV_ws/install/interfaces/lib/python3.6/site-packages/interfaces/interfaces_s__rosidl_typesupport_fastrtps_c.cpython-36m-x86_64-linux-gnu.so" to ""
-- Installing: /home/fatma/AUV_ws/install/interfaces/lib/libinterfaces__python.so
-- Set runtime path of "/home/fatma/AUV_ws/install/interfaces/lib/libinterfaces__python.so" to ""
-- Installing: /home/fatma/AUV_ws/install/interfaces/share/interfaces/srv/GateLocation.idl
-- Installing: /home/fatma/AUV_ws/install/interfaces/share/interfaces/srv/GateLocation.srv
-- Up-to-date: /home/fatma/AUV_ws/install/interfaces/share/interfaces/srv/GateLocation_Request.msg
-- Installing: /home/fatma/AUV_ws/install/interfaces/share/interfaces/srv/GateLocation_Response.msg
-- Up-to-date: /home/fatma/AUV_ws/install/interfaces/share/ament_index/resource_index/package_run_dependencies/interfaces
-- Installing: /home/fatma/AUV_ws/install/interfaces/share/ament_index/resource_index/parent_prefix_path/interfaces
-- Up-to-date: /home/fatma/AUV_ws/install/interfaces/share/interfaces/environment/ament_prefix_path.sh
-- Installing: /home/fatma/AUV_ws/install/interfaces/share/interfaces/environment/ament_prefix_path.dsv
-- Up-to-date: /home/fatma/AUV_ws/install/interfaces/share/interfaces/environment/path.sh
-- Installing: /home/fatma/AUV_ws/install/interfaces/share/interfaces/environment/path.dsv
-- Up-to-date: /home/fatma/AUV_ws/install/interfaces/share/interfaces/local_setup.bash
-- Up-to-date: /home/fatma/AUV_ws/install/interfaces/share/interfaces/local_setup.sh
-- Up-to-date: /home/fatma/AUV_ws/install/interfaces/share/interfaces/local_setup.zsh
-- Installing: /home/fatma/AUV_ws/install/interfaces/share/interfaces/local_setup.dsv
-- Installing: /home/fatma/AUV_ws/install/interfaces/share/interfaces/package.dsv
-- Up-to-date: /home/fatma/AUV_ws/install/interfaces/share/ament_index/resource_index/packages/interfaces
-- Up-to-date: /home/fatma/AUV_ws/install/interfaces/share/interfaces/cmake/rosidl_cmake-extras.cmake
-- Up-to-date: /home/fatma/AUV_ws/install/interfaces/share/interfaces/cmake/ament_cmake_export_libraries-extras.cmake
-- Up-to-date: /home/fatma/AUV_ws/install/interfaces/share/interfaces/cmake/ament_cmake_export_include_directories-extras.cmake
-- Up-to-date: /home/fatma/AUV_ws/install/interfaces/share/interfaces/cmake/interfacesConfig.cmake
-- Up-to-date: /home/fatma/AUV_ws/install/interfaces/share/interfaces/cmake/interfacesConfig-version.cmake
-- Up-to-date: /home/fatma/AUV_ws/install/interfaces/share/interfaces/package.xml
