running egg_info
creating ../../build/gate_detection/gate_detection.egg-info
writing ../../build/gate_detection/gate_detection.egg-info/PKG-INFO
writing dependency_links to ../../build/gate_detection/gate_detection.egg-info/dependency_links.txt
writing entry points to ../../build/gate_detection/gate_detection.egg-info/entry_points.txt
writing requirements to ../../build/gate_detection/gate_detection.egg-info/requires.txt
writing top-level names to ../../build/gate_detection/gate_detection.egg-info/top_level.txt
writing manifest file '../../build/gate_detection/gate_detection.egg-info/SOURCES.txt'
reading manifest file '../../build/gate_detection/gate_detection.egg-info/SOURCES.txt'
writing manifest file '../../build/gate_detection/gate_detection.egg-info/SOURCES.txt'
running build
running build_py
creating /home/fatma/AUV_ws/build/gate_detection/build
creating /home/fatma/AUV_ws/build/gate_detection/build/lib
creating /home/fatma/AUV_ws/build/gate_detection/build/lib/gate_detection
copying gate_detection/serve_node.py -> /home/fatma/AUV_ws/build/gate_detection/build/lib/gate_detection
copying gate_detection/__init__.py -> /home/fatma/AUV_ws/build/gate_detection/build/lib/gate_detection
copying gate_detection/client_node.py -> /home/fatma/AUV_ws/build/gate_detection/build/lib/gate_detection
running install
running install_lib
creating /home/fatma/AUV_ws/install/gate_detection/lib/python3.6/site-packages/gate_detection
copying /home/fatma/AUV_ws/build/gate_detection/build/lib/gate_detection/serve_node.py -> /home/fatma/AUV_ws/install/gate_detection/lib/python3.6/site-packages/gate_detection
copying /home/fatma/AUV_ws/build/gate_detection/build/lib/gate_detection/__init__.py -> /home/fatma/AUV_ws/install/gate_detection/lib/python3.6/site-packages/gate_detection
copying /home/fatma/AUV_ws/build/gate_detection/build/lib/gate_detection/client_node.py -> /home/fatma/AUV_ws/install/gate_detection/lib/python3.6/site-packages/gate_detection
byte-compiling /home/fatma/AUV_ws/install/gate_detection/lib/python3.6/site-packages/gate_detection/serve_node.py to serve_node.cpython-36.pyc
byte-compiling /home/fatma/AUV_ws/install/gate_detection/lib/python3.6/site-packages/gate_detection/__init__.py to __init__.cpython-36.pyc
byte-compiling /home/fatma/AUV_ws/install/gate_detection/lib/python3.6/site-packages/gate_detection/client_node.py to client_node.cpython-36.pyc
running install_data
creating /home/fatma/AUV_ws/install/gate_detection/share/ament_index
creating /home/fatma/AUV_ws/install/gate_detection/share/ament_index/resource_index
creating /home/fatma/AUV_ws/install/gate_detection/share/ament_index/resource_index/packages
copying resource/gate_detection -> /home/fatma/AUV_ws/install/gate_detection/share/ament_index/resource_index/packages
copying package.xml -> /home/fatma/AUV_ws/install/gate_detection/share/gate_detection
running install_egg_info
Copying ../../build/gate_detection/gate_detection.egg-info to /home/fatma/AUV_ws/install/gate_detection/lib/python3.6/site-packages/gate_detection-0.0.0-py3.6.egg-info
running install_scripts
Installing client script to /home/fatma/AUV_ws/install/gate_detection/lib/gate_detection
Installing service script to /home/fatma/AUV_ws/install/gate_detection/lib/gate_detection
writing list of installed files to '/home/fatma/AUV_ws/build/gate_detection/install.log'
