[0.351s] Invoking command in '/home/fatma/AUV_ws/src/gate_detection': AMENT_PREFIX_PATH=/home/fatma/AUV_ws/install/interfaces:${AMENT_PREFIX_PATH} CMAKE_PREFIX_PATH=/home/fatma/AUV_ws/install/interfaces LD_LIBRARY_PATH=/home/fatma/AUV_ws/install/interfaces/lib:${LD_LIBRARY_PATH} PYTHONPATH=/home/fatma/AUV_ws/install/gate_detection/lib/python3.6/site-packages:/home/fatma/AUV_ws/install/interfaces/lib/python3.6/site-packages:${PYTHONPATH} /usr/bin/python3 setup.py egg_info --egg-base ../../build/gate_detection build --build-base /home/fatma/AUV_ws/build/gate_detection/build install --prefix /home/fatma/AUV_ws/install/gate_detection --record /home/fatma/AUV_ws/build/gate_detection/install.log --single-version-externally-managed
[0.649s] running egg_info
[0.650s] writing ../../build/gate_detection/gate_detection.egg-info/PKG-INFO
[0.651s] writing dependency_links to ../../build/gate_detection/gate_detection.egg-info/dependency_links.txt
[0.651s] writing entry points to ../../build/gate_detection/gate_detection.egg-info/entry_points.txt
[0.651s] writing requirements to ../../build/gate_detection/gate_detection.egg-info/requires.txt
[0.652s] writing top-level names to ../../build/gate_detection/gate_detection.egg-info/top_level.txt
[0.691s] reading manifest file '../../build/gate_detection/gate_detection.egg-info/SOURCES.txt'
[0.693s] writing manifest file '../../build/gate_detection/gate_detection.egg-info/SOURCES.txt'
[0.694s] running build
[0.694s] running build_py
[0.694s] copying gate_detection/serve_node.py -> /home/fatma/AUV_ws/build/gate_detection/build/lib/gate_detection
[0.694s] copying gate_detection/client_node.py -> /home/fatma/AUV_ws/build/gate_detection/build/lib/gate_detection
[0.695s] running install
[0.695s] running install_lib
[0.697s] copying /home/fatma/AUV_ws/build/gate_detection/build/lib/gate_detection/serve_node.py -> /home/fatma/AUV_ws/install/gate_detection/lib/python3.6/site-packages/gate_detection
[0.697s] copying /home/fatma/AUV_ws/build/gate_detection/build/lib/gate_detection/client_node.py -> /home/fatma/AUV_ws/install/gate_detection/lib/python3.6/site-packages/gate_detection
[0.698s] byte-compiling /home/fatma/AUV_ws/install/gate_detection/lib/python3.6/site-packages/gate_detection/serve_node.py to serve_node.cpython-36.pyc
[0.699s] byte-compiling /home/fatma/AUV_ws/install/gate_detection/lib/python3.6/site-packages/gate_detection/client_node.py to client_node.cpython-36.pyc
[0.710s]   File "/home/fatma/AUV_ws/install/gate_detection/lib/python3.6/site-packages/gate_detection/client_node.py", line 1
[0.711s]     from tutorial_interfaces.srv import     # CHANGE
[0.711s]                                                    ^
[0.711s] SyntaxError: invalid syntax
[0.712s] 
[0.712s] running install_data
[0.712s] copying package.xml -> /home/fatma/AUV_ws/install/gate_detection/share/gate_detection
[0.712s] running install_egg_info
[0.714s] removing '/home/fatma/AUV_ws/install/gate_detection/lib/python3.6/site-packages/gate_detection-0.0.0-py3.6.egg-info' (and everything under it)
[0.715s] Copying ../../build/gate_detection/gate_detection.egg-info to /home/fatma/AUV_ws/install/gate_detection/lib/python3.6/site-packages/gate_detection-0.0.0-py3.6.egg-info
[0.716s] running install_scripts
[0.741s] Installing client script to /home/fatma/AUV_ws/install/gate_detection/lib/gate_detection
[0.741s] Installing service script to /home/fatma/AUV_ws/install/gate_detection/lib/gate_detection
[0.742s] writing list of installed files to '/home/fatma/AUV_ws/build/gate_detection/install.log'
[0.777s] Invoked command in '/home/fatma/AUV_ws/src/gate_detection' returned '0': AMENT_PREFIX_PATH=/home/fatma/AUV_ws/install/interfaces:${AMENT_PREFIX_PATH} CMAKE_PREFIX_PATH=/home/fatma/AUV_ws/install/interfaces LD_LIBRARY_PATH=/home/fatma/AUV_ws/install/interfaces/lib:${LD_LIBRARY_PATH} PYTHONPATH=/home/fatma/AUV_ws/install/gate_detection/lib/python3.6/site-packages:/home/fatma/AUV_ws/install/interfaces/lib/python3.6/site-packages:${PYTHONPATH} /usr/bin/python3 setup.py egg_info --egg-base ../../build/gate_detection build --build-base /home/fatma/AUV_ws/build/gate_detection/build install --prefix /home/fatma/AUV_ws/install/gate_detection --record /home/fatma/AUV_ws/build/gate_detection/install.log --single-version-externally-managed
