[0.021s] Invoking command in '/home/fatma/AUV_ws/build/interfaces': CMAKE_PREFIX_PATH=/opt/ros/eloquent /usr/local/bin/cmake --build /home/fatma/AUV_ws/build/interfaces -- -j4 -l4
[0.083s] -- Found ament_cmake: 0.8.2 (/opt/ros/eloquent/share/ament_cmake/cmake)
[0.128s] -- Found PythonInterp: /usr/bin/python3 (found suitable version "3.6.9", minimum required is "3") 
[0.128s] -- Using PYTHON_EXECUTABLE: /usr/bin/python3
[0.403s] -- Found ament_lint_auto: 0.8.1 (/opt/ros/eloquent/share/ament_lint_auto/cmake)
[0.507s] -- Found rosidl_default_generators: 0.8.0 (/opt/ros/eloquent/share/rosidl_default_generators/cmake)
[0.797s] -- Found rosidl_adapter: 0.8.2 (/opt/ros/eloquent/share/rosidl_adapter/cmake)
[1.196s] -- Found PythonInterp: /usr/bin/python3 (found version "3.6.9") 
[1.305s] -- Using single matching rosidl_typesupport_c: rosidl_typesupport_fastrtps_c
[1.331s] -- Using single matching rosidl_typesupport_cpp: rosidl_typesupport_fastrtps_cpp
[1.669s] -- Found rmw_implementation_cmake: 0.8.1 (/opt/ros/eloquent/share/rmw_implementation_cmake/cmake)
[1.713s] -- Found PythonInterp: /usr/bin/python3 (found suitable version "3.6.9", minimum required is "3.5") 
[1.714s] -- Found python_cmake_module: 0.8.0 (/opt/ros/eloquent/share/python_cmake_module/cmake)
[1.763s] -- Using PYTHON_EXECUTABLE: /usr/bin/python3
[1.763s] -- Using PYTHON_INCLUDE_DIRS: /usr/include/python3.6m
[1.763s] -- Using PYTHON_LIBRARIES: /usr/lib/x86_64-linux-gnu/libpython3.6m.so
[2.141s] -- Added test 'lint_cmake' to check CMake code style
[2.146s] -- Added test 'xmllint' to check XML markup files
[2.162s] -- Configuring done
[2.306s] -- Generating done
[2.318s] -- Build files have been written to: /home/fatma/AUV_ws/build/interfaces
[2.338s] [  3%] [34m[1mGenerating C code for ROS interfaces[0m
[2.347s] [  6%] [34m[1mGenerating C++ code for ROS interfaces[0m
[2.760s] [  6%] Built target interfaces__cpp
[2.768s] [ 10%] [34m[1mGenerating C++ type support for eProsima Fast-RTPS[0m
[2.768s] [ 13%] [34m[1mGenerating C++ introspection for ROS interfaces[0m
[2.807s] [35m[1mScanning dependencies of target interfaces__rosidl_generator_c[0m
[2.817s] [ 17%] [32mBuilding C object CMakeFiles/interfaces__rosidl_generator_c.dir/rosidl_generator_c/interfaces/srv/gate_location__functions.c.o[0m
[2.895s] [ 20%] [32m[1mLinking C shared library libinterfaces__rosidl_generator_c.so[0m
[2.940s] [ 20%] Built target interfaces__rosidl_generator_c
[2.954s] [ 24%] [34m[1mGenerating C introspection for ROS interfaces[0m
[3.251s] [35m[1mScanning dependencies of target interfaces__rosidl_typesupport_introspection_cpp[0m
[3.270s] [ 27%] [32mBuilding CXX object CMakeFiles/interfaces__rosidl_typesupport_introspection_cpp.dir/rosidl_typesupport_introspection_cpp/interfaces/srv/gate_location__type_support.cpp.o[0m
[3.371s] [35m[1mScanning dependencies of target interfaces__rosidl_typesupport_fastrtps_cpp[0m
[3.389s] [ 31%] [32mBuilding CXX object CMakeFiles/interfaces__rosidl_typesupport_fastrtps_cpp.dir/rosidl_typesupport_fastrtps_cpp/interfaces/srv/dds_fastrtps/gate_location__type_support.cpp.o[0m
[3.628s] [35m[1mScanning dependencies of target interfaces__rosidl_typesupport_introspection_c[0m
[3.642s] [ 34%] [32mBuilding C object CMakeFiles/interfaces__rosidl_typesupport_introspection_c.dir/rosidl_typesupport_introspection_c/interfaces/srv/gate_location__type_support.c.o[0m
[3.643s] [ 37%] [32m[1mLinking CXX shared library libinterfaces__rosidl_typesupport_introspection_cpp.so[0m
[3.700s] [ 41%] [32m[1mLinking C shared library libinterfaces__rosidl_typesupport_introspection_c.so[0m
[3.731s] [ 41%] Built target interfaces__rosidl_typesupport_introspection_c
[3.746s] [ 41%] Built target interfaces__rosidl_typesupport_introspection_cpp
[3.969s] [ 44%] [32m[1mLinking CXX shared library libinterfaces__rosidl_typesupport_fastrtps_cpp.so[0m
[4.067s] [ 44%] Built target interfaces__rosidl_typesupport_fastrtps_cpp
[4.073s] [ 48%] [34m[1mGenerating C type support for eProsima Fast-RTPS[0m
[4.074s] [ 51%] [34m[1mGenerating C++ type support dispatch for ROS interfaces[0m
[4.408s] [35m[1mScanning dependencies of target interfaces__rosidl_typesupport_cpp[0m
[4.426s] [ 55%] [32mBuilding CXX object CMakeFiles/interfaces__rosidl_typesupport_cpp.dir/rosidl_typesupport_cpp/interfaces/srv/gate_location__type_support.cpp.o[0m
[4.480s] [35m[1mScanning dependencies of target interfaces__rosidl_typesupport_fastrtps_c[0m
[4.501s] [ 58%] [32mBuilding CXX object CMakeFiles/interfaces__rosidl_typesupport_fastrtps_c.dir/rosidl_typesupport_fastrtps_c/interfaces/srv/gate_location__type_support_c.cpp.o[0m
[4.931s] [ 62%] [32m[1mLinking CXX shared library libinterfaces__rosidl_typesupport_cpp.so[0m
[4.938s] [ 65%] [32m[1mLinking CXX shared library libinterfaces__rosidl_typesupport_fastrtps_c.so[0m
[5.075s] [ 65%] Built target interfaces__rosidl_typesupport_fastrtps_c
[5.076s] [ 65%] Built target interfaces__rosidl_typesupport_cpp
[5.081s] [ 68%] [34m[1mGenerating C type support dispatch for ROS interfaces[0m
[5.376s] [35m[1mScanning dependencies of target interfaces__rosidl_typesupport_c[0m
[5.386s] [ 72%] [32mBuilding CXX object CMakeFiles/interfaces__rosidl_typesupport_c.dir/rosidl_typesupport_c/interfaces/srv/gate_location__type_support.cpp.o[0m
[5.416s] [ 75%] [32m[1mLinking CXX shared library libinterfaces__rosidl_typesupport_c.so[0m
[5.471s] [ 75%] Built target interfaces__rosidl_typesupport_c
[5.483s] [ 75%] Built target interfaces
[5.497s] [ 79%] [34m[1mGenerating Python code for ROS interfaces[0m
[6.036s] [ 79%] Built target interfaces__py
[6.044s] [35m[1mScanning dependencies of target interfaces__python[0m
[6.070s] [ 82%] [32mBuilding C object CMakeFiles/interfaces__python.dir/rosidl_generator_py/interfaces/srv/_gate_location_s.c.o[0m
[6.166s] [ 86%] [32m[1mLinking CXX shared library rosidl_generator_py/interfaces/libinterfaces__python.so[0m
[6.231s] [ 86%] Built target interfaces__python
[6.240s] [35m[1mScanning dependencies of target interfaces__rosidl_typesupport_c__pyext[0m
[6.241s] [35m[1mScanning dependencies of target interfaces__rosidl_typesupport_fastrtps_c__pyext[0m
[6.269s] [ 89%] [32mBuilding C object CMakeFiles/interfaces__rosidl_typesupport_c__pyext.dir/rosidl_generator_py/interfaces/_interfaces_s.ep.rosidl_typesupport_c.c.o[0m
[6.272s] [ 93%] [32mBuilding C object CMakeFiles/interfaces__rosidl_typesupport_fastrtps_c__pyext.dir/rosidl_generator_py/interfaces/_interfaces_s.ep.rosidl_typesupport_fastrtps_c.c.o[0m
[6.371s] [ 96%] [32m[1mLinking CXX shared library rosidl_generator_py/interfaces/interfaces_s__rosidl_typesupport_c.cpython-36m-x86_64-linux-gnu.so[0m
[6.383s] [100%] [32m[1mLinking CXX shared library rosidl_generator_py/interfaces/interfaces_s__rosidl_typesupport_fastrtps_c.cpython-36m-x86_64-linux-gnu.so[0m
[6.439s] [100%] Built target interfaces__rosidl_typesupport_c__pyext
[6.451s] [100%] Built target interfaces__rosidl_typesupport_fastrtps_c__pyext
[6.458s] Invoked command in '/home/fatma/AUV_ws/build/interfaces' returned '0': CMAKE_PREFIX_PATH=/opt/ros/eloquent /usr/local/bin/cmake --build /home/fatma/AUV_ws/build/interfaces -- -j4 -l4
[6.519s] Invoking command in '/home/fatma/AUV_ws/build/interfaces': CMAKE_PREFIX_PATH=/opt/ros/eloquent /usr/local/bin/cmake --build /home/fatma/AUV_ws/build/interfaces --target install -- -j4 -l4
[6.561s] [  3%] Built target interfaces__cpp
[6.564s] [ 13%] Built target interfaces__rosidl_generator_c
[6.581s] [ 24%] Built target interfaces__rosidl_typesupport_introspection_cpp
[6.582s] [ 34%] Built target interfaces__rosidl_typesupport_introspection_c
[6.583s] [ 44%] Built target interfaces__rosidl_typesupport_fastrtps_cpp
[6.601s] [ 65%] Built target interfaces__rosidl_typesupport_cpp
[6.602s] [ 65%] Built target interfaces__rosidl_typesupport_fastrtps_c
[6.620s] [ 75%] Built target interfaces__rosidl_typesupport_c
[6.632s] [ 75%] Built target interfaces
[6.646s] [ 79%] Built target interfaces__py
[6.668s] [ 86%] Built target interfaces__python
[6.690s] [100%] Built target interfaces__rosidl_typesupport_fastrtps_c__pyext
[6.690s] [100%] Built target interfaces__rosidl_typesupport_c__pyext
[6.701s] [36mInstall the project...[0m
[6.708s] -- Install configuration: ""
[6.708s] -- Up-to-date: /home/fatma/AUV_ws/install/interfaces/share/ament_index/resource_index/rosidl_interfaces/interfaces
[6.709s] -- Installing: /home/fatma/AUV_ws/install/interfaces/lib/libinterfaces__rosidl_typesupport_c.so
[6.710s] -- Set runtime path of "/home/fatma/AUV_ws/install/interfaces/lib/libinterfaces__rosidl_typesupport_c.so" to ""
[6.710s] -- Up-to-date: /home/fatma/AUV_ws/install/interfaces/share/interfaces/environment/library_path.sh
[6.711s] -- Installing: /home/fatma/AUV_ws/install/interfaces/share/interfaces/environment/library_path.dsv
[6.712s] -- Installing: /home/fatma/AUV_ws/install/interfaces/lib/libinterfaces__rosidl_typesupport_cpp.so
[6.713s] -- Set runtime path of "/home/fatma/AUV_ws/install/interfaces/lib/libinterfaces__rosidl_typesupport_cpp.so" to ""
[6.713s] -- Up-to-date: /home/fatma/AUV_ws/install/interfaces/include/interfaces
[6.713s] -- Up-to-date: /home/fatma/AUV_ws/install/interfaces/include/interfaces/msg
[6.714s] -- Up-to-date: /home/fatma/AUV_ws/install/interfaces/include/interfaces/msg/rosidl_typesupport_fastrtps_c__visibility_control.h
[6.714s] -- Up-to-date: /home/fatma/AUV_ws/install/interfaces/include/interfaces/srv
[6.714s] -- Installing: /home/fatma/AUV_ws/install/interfaces/include/interfaces/srv/gate_location__rosidl_typesupport_fastrtps_c.h
[6.714s] -- Installing: /home/fatma/AUV_ws/install/interfaces/lib/libinterfaces__rosidl_typesupport_fastrtps_c.so
[6.715s] -- Set runtime path of "/home/fatma/AUV_ws/install/interfaces/lib/libinterfaces__rosidl_typesupport_fastrtps_c.so" to ""
[6.716s] -- Up-to-date: /home/fatma/AUV_ws/install/interfaces/include/interfaces
[6.716s] -- Up-to-date: /home/fatma/AUV_ws/install/interfaces/include/interfaces/msg
[6.717s] -- Up-to-date: /home/fatma/AUV_ws/install/interfaces/include/interfaces/msg/rosidl_generator_c__visibility_control.h
[6.717s] -- Up-to-date: /home/fatma/AUV_ws/install/interfaces/include/interfaces/srv
[6.717s] -- Installing: /home/fatma/AUV_ws/install/interfaces/include/interfaces/srv/gate_location__functions.c
[6.717s] -- Installing: /home/fatma/AUV_ws/install/interfaces/include/interfaces/srv/gate_location__functions.h
[6.718s] -- Installing: /home/fatma/AUV_ws/install/interfaces/include/interfaces/srv/gate_location__type_support.h
[6.718s] -- Installing: /home/fatma/AUV_ws/install/interfaces/include/interfaces/srv/gate_location.h
[6.718s] -- Installing: /home/fatma/AUV_ws/install/interfaces/include/interfaces/srv/gate_location__struct.h
[6.718s] -- Installing: /home/fatma/AUV_ws/install/interfaces/lib/libinterfaces__rosidl_generator_c.so
[6.719s] -- Set runtime path of "/home/fatma/AUV_ws/install/interfaces/lib/libinterfaces__rosidl_generator_c.so" to ""
[6.720s] -- Up-to-date: /home/fatma/AUV_ws/install/interfaces/include/interfaces
[6.720s] -- Up-to-date: /home/fatma/AUV_ws/install/interfaces/include/interfaces/msg
[6.720s] -- Up-to-date: /home/fatma/AUV_ws/install/interfaces/include/interfaces/msg/rosidl_typesupport_fastrtps_cpp__visibility_control.h
[6.721s] -- Up-to-date: /home/fatma/AUV_ws/install/interfaces/include/interfaces/srv
[6.721s] -- Installing: /home/fatma/AUV_ws/install/interfaces/include/interfaces/srv/gate_location__rosidl_typesupport_fastrtps_cpp.hpp
[6.721s] -- Up-to-date: /home/fatma/AUV_ws/install/interfaces/include/interfaces/srv/dds_fastrtps
[6.721s] -- Installing: /home/fatma/AUV_ws/install/interfaces/lib/libinterfaces__rosidl_typesupport_fastrtps_cpp.so
[6.723s] -- Set runtime path of "/home/fatma/AUV_ws/install/interfaces/lib/libinterfaces__rosidl_typesupport_fastrtps_cpp.so" to ""
[6.723s] -- Up-to-date: /home/fatma/AUV_ws/install/interfaces/include/interfaces
[6.724s] -- Up-to-date: /home/fatma/AUV_ws/install/interfaces/include/interfaces/srv
[6.724s] -- Installing: /home/fatma/AUV_ws/install/interfaces/include/interfaces/srv/gate_location.hpp
[6.724s] -- Installing: /home/fatma/AUV_ws/install/interfaces/include/interfaces/srv/gate_location__struct.hpp
[6.731s] -- Installing: /home/fatma/AUV_ws/install/interfaces/include/interfaces/srv/gate_location__traits.hpp
[6.732s] -- Up-to-date: /home/fatma/AUV_ws/install/interfaces/include/interfaces
[6.732s] -- Up-to-date: /home/fatma/AUV_ws/install/interfaces/include/interfaces/msg
[6.732s] -- Up-to-date: /home/fatma/AUV_ws/install/interfaces/include/interfaces/msg/rosidl_typesupport_introspection_c__visibility_control.h
[6.735s] -- Up-to-date: /home/fatma/AUV_ws/install/interfaces/include/interfaces/srv
[6.735s] -- Installing: /home/fatma/AUV_ws/install/interfaces/include/interfaces/srv/gate_location__rosidl_typesupport_introspection_c.h
[6.735s] -- Installing: /home/fatma/AUV_ws/install/interfaces/include/interfaces/srv/gate_location__type_support.c
[6.736s] -- Installing: /home/fatma/AUV_ws/install/interfaces/lib/libinterfaces__rosidl_typesupport_introspection_c.so
[6.736s] -- Set runtime path of "/home/fatma/AUV_ws/install/interfaces/lib/libinterfaces__rosidl_typesupport_introspection_c.so" to ""
[6.736s] -- Up-to-date: /home/fatma/AUV_ws/install/interfaces/include/interfaces
[6.736s] -- Up-to-date: /home/fatma/AUV_ws/install/interfaces/include/interfaces/srv
[6.737s] -- Installing: /home/fatma/AUV_ws/install/interfaces/include/interfaces/srv/gate_location__type_support.cpp
[6.737s] -- Installing: /home/fatma/AUV_ws/install/interfaces/include/interfaces/srv/gate_location__rosidl_typesupport_introspection_cpp.hpp
[6.737s] -- Installing: /home/fatma/AUV_ws/install/interfaces/lib/libinterfaces__rosidl_typesupport_introspection_cpp.so
[6.737s] -- Set runtime path of "/home/fatma/AUV_ws/install/interfaces/lib/libinterfaces__rosidl_typesupport_introspection_cpp.so" to ""
[6.737s] -- Up-to-date: /home/fatma/AUV_ws/install/interfaces/share/interfaces/environment/pythonpath.sh
[6.738s] -- Installing: /home/fatma/AUV_ws/install/interfaces/share/interfaces/environment/pythonpath.dsv
[6.738s] -- Installing: /home/fatma/AUV_ws/install/interfaces/lib/python3.6/site-packages/interfaces/__init__.py
[6.775s] Compiling '/home/fatma/AUV_ws/install/interfaces/lib/python3.6/site-packages/interfaces/__init__.py'...
[6.782s] -- Up-to-date: /home/fatma/AUV_ws/install/interfaces/lib/python3.6/site-packages/interfaces/srv
[6.782s] -- Installing: /home/fatma/AUV_ws/install/interfaces/lib/python3.6/site-packages/interfaces/srv/_gate_location.py
[6.782s] -- Installing: /home/fatma/AUV_ws/install/interfaces/lib/python3.6/site-packages/interfaces/srv/__init__.py
[6.782s] -- Installing: /home/fatma/AUV_ws/install/interfaces/lib/python3.6/site-packages/interfaces/srv/_gate_location_s.c
[6.784s] -- Installing: /home/fatma/AUV_ws/install/interfaces/lib/python3.6/site-packages/interfaces/interfaces_s__rosidl_typesupport_c.cpython-36m-x86_64-linux-gnu.so
[6.786s] -- Set runtime path of "/home/fatma/AUV_ws/install/interfaces/lib/python3.6/site-packages/interfaces/interfaces_s__rosidl_typesupport_c.cpython-36m-x86_64-linux-gnu.so" to ""
[6.787s] -- Installing: /home/fatma/AUV_ws/install/interfaces/lib/python3.6/site-packages/interfaces/interfaces_s__rosidl_typesupport_fastrtps_c.cpython-36m-x86_64-linux-gnu.so
[6.789s] -- Set runtime path of "/home/fatma/AUV_ws/install/interfaces/lib/python3.6/site-packages/interfaces/interfaces_s__rosidl_typesupport_fastrtps_c.cpython-36m-x86_64-linux-gnu.so" to ""
[6.790s] -- Installing: /home/fatma/AUV_ws/install/interfaces/lib/libinterfaces__python.so
[6.792s] -- Set runtime path of "/home/fatma/AUV_ws/install/interfaces/lib/libinterfaces__python.so" to ""
[6.792s] -- Installing: /home/fatma/AUV_ws/install/interfaces/share/interfaces/srv/GateLocation.idl
[6.793s] -- Installing: /home/fatma/AUV_ws/install/interfaces/share/interfaces/srv/GateLocation.srv
[6.793s] -- Up-to-date: /home/fatma/AUV_ws/install/interfaces/share/interfaces/srv/GateLocation_Request.msg
[6.794s] -- Installing: /home/fatma/AUV_ws/install/interfaces/share/interfaces/srv/GateLocation_Response.msg
[6.795s] -- Up-to-date: /home/fatma/AUV_ws/install/interfaces/share/ament_index/resource_index/package_run_dependencies/interfaces
[6.795s] -- Installing: /home/fatma/AUV_ws/install/interfaces/share/ament_index/resource_index/parent_prefix_path/interfaces
[6.796s] -- Up-to-date: /home/fatma/AUV_ws/install/interfaces/share/interfaces/environment/ament_prefix_path.sh
[6.796s] -- Installing: /home/fatma/AUV_ws/install/interfaces/share/interfaces/environment/ament_prefix_path.dsv
[6.797s] -- Up-to-date: /home/fatma/AUV_ws/install/interfaces/share/interfaces/environment/path.sh
[6.797s] -- Installing: /home/fatma/AUV_ws/install/interfaces/share/interfaces/environment/path.dsv
[6.797s] -- Up-to-date: /home/fatma/AUV_ws/install/interfaces/share/interfaces/local_setup.bash
[6.798s] -- Up-to-date: /home/fatma/AUV_ws/install/interfaces/share/interfaces/local_setup.sh
[6.798s] -- Up-to-date: /home/fatma/AUV_ws/install/interfaces/share/interfaces/local_setup.zsh
[6.799s] -- Installing: /home/fatma/AUV_ws/install/interfaces/share/interfaces/local_setup.dsv
[6.799s] -- Installing: /home/fatma/AUV_ws/install/interfaces/share/interfaces/package.dsv
[6.800s] -- Up-to-date: /home/fatma/AUV_ws/install/interfaces/share/ament_index/resource_index/packages/interfaces
[6.800s] -- Up-to-date: /home/fatma/AUV_ws/install/interfaces/share/interfaces/cmake/rosidl_cmake-extras.cmake
[6.801s] -- Up-to-date: /home/fatma/AUV_ws/install/interfaces/share/interfaces/cmake/ament_cmake_export_libraries-extras.cmake
[6.801s] -- Up-to-date: /home/fatma/AUV_ws/install/interfaces/share/interfaces/cmake/ament_cmake_export_include_directories-extras.cmake
[6.801s] -- Up-to-date: /home/fatma/AUV_ws/install/interfaces/share/interfaces/cmake/interfacesConfig.cmake
[6.802s] -- Up-to-date: /home/fatma/AUV_ws/install/interfaces/share/interfaces/cmake/interfacesConfig-version.cmake
[6.802s] -- Up-to-date: /home/fatma/AUV_ws/install/interfaces/share/interfaces/package.xml
[6.808s] Invoked command in '/home/fatma/AUV_ws/build/interfaces' returned '0': CMAKE_PREFIX_PATH=/opt/ros/eloquent /usr/local/bin/cmake --build /home/fatma/AUV_ws/build/interfaces --target install -- -j4 -l4
