[0.021s] Invoking command in '/home/fatma/AUV_ws/build/interfaces': CMAKE_PREFIX_PATH=/opt/ros/eloquent /usr/local/bin/cmake /home/fatma/AUV_ws/src/interfaces -DCMAKE_INSTALL_PREFIX=/home/fatma/AUV_ws/install/interfaces
[0.066s] -- Found ament_cmake: 0.8.2 (/opt/ros/eloquent/share/ament_cmake/cmake)
[0.108s] -- Found PythonInterp: /usr/bin/python3 (found suitable version "3.6.9", minimum required is "3") 
[0.109s] -- Using PYTHON_EXECUTABLE: /usr/bin/python3
[0.385s] -- Found ament_lint_auto: 0.8.1 (/opt/ros/eloquent/share/ament_lint_auto/cmake)
[0.493s] -- Found rosidl_default_generators: 0.8.0 (/opt/ros/eloquent/share/rosidl_default_generators/cmake)
[0.781s] -- Found rosidl_adapter: 0.8.2 (/opt/ros/eloquent/share/rosidl_adapter/cmake)
[1.167s] -- Found PythonInterp: /usr/bin/python3 (found version "3.6.9") 
[1.298s] -- Using single matching rosidl_typesupport_c: rosidl_typesupport_fastrtps_c
[1.335s] -- Using single matching rosidl_typesupport_cpp: rosidl_typesupport_fastrtps_cpp
[1.696s] -- Found rmw_implementation_cmake: 0.8.1 (/opt/ros/eloquent/share/rmw_implementation_cmake/cmake)
[1.742s] -- Found PythonInterp: /usr/bin/python3 (found suitable version "3.6.9", minimum required is "3.5") 
[1.746s] -- Found python_cmake_module: 0.8.0 (/opt/ros/eloquent/share/python_cmake_module/cmake)
[1.818s] -- Found PythonLibs: /usr/lib/x86_64-linux-gnu/libpython3.6m.so (found suitable version "3.6.9", minimum required is "3.5") 
[1.819s] -- Using PYTHON_EXECUTABLE: /usr/bin/python3
[1.819s] -- Using PYTHON_INCLUDE_DIRS: /usr/include/python3.6m
[1.819s] -- Using PYTHON_LIBRARIES: /usr/lib/x86_64-linux-gnu/libpython3.6m.so
[1.854s] -- Found PythonExtra: .so  
[2.288s] -- Added test 'lint_cmake' to check CMake code style
[2.293s] -- Added test 'xmllint' to check XML markup files
[2.312s] -- Configuring done
[2.496s] -- Generating done
[2.507s] -- Build files have been written to: /home/fatma/AUV_ws/build/interfaces
[2.518s] Invoked command in '/home/fatma/AUV_ws/build/interfaces' returned '0': CMAKE_PREFIX_PATH=/opt/ros/eloquent /usr/local/bin/cmake /home/fatma/AUV_ws/src/interfaces -DCMAKE_INSTALL_PREFIX=/home/fatma/AUV_ws/install/interfaces
[2.523s] Invoking command in '/home/fatma/AUV_ws/build/interfaces': CMAKE_PREFIX_PATH=/opt/ros/eloquent /usr/local/bin/cmake --build /home/fatma/AUV_ws/build/interfaces -- -j4 -l4
[2.555s] [  3%] [34m[1mGenerating C code for ROS interfaces[0m
[2.556s] [35m[1mScanning dependencies of target interfaces__cpp[0m
[2.564s] [  6%] [34m[1mGenerating C++ code for ROS interfaces[0m
[2.963s] [  6%] Built target interfaces__cpp
[2.970s] [ 13%] [34m[1mGenerating C++ type support for eProsima Fast-RTPS[0m
[2.971s] [ 13%] [34m[1mGenerating C++ introspection for ROS interfaces[0m
[2.987s] [35m[1mScanning dependencies of target interfaces__rosidl_generator_c[0m
[3.001s] [ 17%] [32mBuilding C object CMakeFiles/interfaces__rosidl_generator_c.dir/rosidl_generator_c/interfaces/srv/gate_location__functions.c.o[0m
[3.074s] [ 20%] [32m[1mLinking C shared library libinterfaces__rosidl_generator_c.so[0m
[3.117s] [ 20%] Built target interfaces__rosidl_generator_c
[3.126s] [ 24%] [34m[1mGenerating C introspection for ROS interfaces[0m
[3.394s] [35m[1mScanning dependencies of target interfaces__rosidl_typesupport_introspection_cpp[0m
[3.410s] [ 27%] [32mBuilding CXX object CMakeFiles/interfaces__rosidl_typesupport_introspection_cpp.dir/rosidl_typesupport_introspection_cpp/interfaces/srv/gate_location__type_support.cpp.o[0m
[3.710s] [35m[1mScanning dependencies of target interfaces__rosidl_typesupport_fastrtps_cpp[0m
[3.746s] [ 34%] [32m[1mLinking CXX shared library libinterfaces__rosidl_typesupport_introspection_cpp.so[0m
[3.746s] [ 34%] [32mBuilding CXX object CMakeFiles/interfaces__rosidl_typesupport_fastrtps_cpp.dir/rosidl_typesupport_fastrtps_cpp/interfaces/srv/dds_fastrtps/gate_location__type_support.cpp.o[0m
[3.800s] [ 34%] Built target interfaces__rosidl_typesupport_introspection_cpp
[3.807s] [35m[1mScanning dependencies of target interfaces__rosidl_typesupport_introspection_c[0m
[3.822s] [ 37%] [32mBuilding C object CMakeFiles/interfaces__rosidl_typesupport_introspection_c.dir/rosidl_typesupport_introspection_c/interfaces/srv/gate_location__type_support.c.o[0m
[3.861s] [ 41%] [32m[1mLinking C shared library libinterfaces__rosidl_typesupport_introspection_c.so[0m
[3.890s] [ 41%] Built target interfaces__rosidl_typesupport_introspection_c
[4.202s] [ 44%] [32m[1mLinking CXX shared library libinterfaces__rosidl_typesupport_fastrtps_cpp.so[0m
[4.332s] [ 44%] Built target interfaces__rosidl_typesupport_fastrtps_cpp
[4.338s] [ 48%] [34m[1mGenerating C type support for eProsima Fast-RTPS[0m
[4.339s] [ 51%] [34m[1mGenerating C++ type support dispatch for ROS interfaces[0m
[4.680s] [35m[1mScanning dependencies of target interfaces__rosidl_typesupport_cpp[0m
[4.704s] [ 55%] [32mBuilding CXX object CMakeFiles/interfaces__rosidl_typesupport_cpp.dir/rosidl_typesupport_cpp/interfaces/srv/gate_location__type_support.cpp.o[0m
[4.739s] [35m[1mScanning dependencies of target interfaces__rosidl_typesupport_fastrtps_c[0m
[4.765s] [ 58%] [32mBuilding CXX object CMakeFiles/interfaces__rosidl_typesupport_fastrtps_c.dir/rosidl_typesupport_fastrtps_c/interfaces/srv/gate_location__type_support_c.cpp.o[0m
[5.180s] [ 62%] [32m[1mLinking CXX shared library libinterfaces__rosidl_typesupport_cpp.so[0m
[5.199s] [ 65%] [32m[1mLinking CXX shared library libinterfaces__rosidl_typesupport_fastrtps_c.so[0m
[5.296s] [ 65%] Built target interfaces__rosidl_typesupport_cpp
[5.314s] [ 65%] Built target interfaces__rosidl_typesupport_fastrtps_c
[5.319s] [ 68%] [34m[1mGenerating C type support dispatch for ROS interfaces[0m
[5.627s] [35m[1mScanning dependencies of target interfaces__rosidl_typesupport_c[0m
[5.639s] [ 72%] [32mBuilding CXX object CMakeFiles/interfaces__rosidl_typesupport_c.dir/rosidl_typesupport_c/interfaces/srv/gate_location__type_support.cpp.o[0m
[5.668s] [ 75%] [32m[1mLinking CXX shared library libinterfaces__rosidl_typesupport_c.so[0m
[5.728s] [ 75%] Built target interfaces__rosidl_typesupport_c
[5.734s] [35m[1mScanning dependencies of target interfaces[0m
[5.740s] [ 75%] Built target interfaces
[5.747s] [35m[1mScanning dependencies of target interfaces__py[0m
[5.754s] [ 79%] [34m[1mGenerating Python code for ROS interfaces[0m
[6.299s] [ 79%] Built target interfaces__py
[6.305s] [35m[1mScanning dependencies of target interfaces__python[0m
[6.337s] [ 82%] [32mBuilding C object CMakeFiles/interfaces__python.dir/rosidl_generator_py/interfaces/srv/_gate_location_s.c.o[0m
[6.433s] [ 86%] [32m[1mLinking CXX shared library rosidl_generator_py/interfaces/libinterfaces__python.so[0m
[6.497s] [ 86%] Built target interfaces__python
[6.505s] [35m[1mScanning dependencies of target interfaces__rosidl_typesupport_c__pyext[0m
[6.505s] [35m[1mScanning dependencies of target interfaces__rosidl_typesupport_fastrtps_c__pyext[0m
[6.533s] [ 89%] [32mBuilding C object CMakeFiles/interfaces__rosidl_typesupport_fastrtps_c__pyext.dir/rosidl_generator_py/interfaces/_interfaces_s.ep.rosidl_typesupport_fastrtps_c.c.o[0m
[6.540s] [ 93%] [32mBuilding C object CMakeFiles/interfaces__rosidl_typesupport_c__pyext.dir/rosidl_generator_py/interfaces/_interfaces_s.ep.rosidl_typesupport_c.c.o[0m
[6.641s] [ 96%] [32m[1mLinking CXX shared library rosidl_generator_py/interfaces/interfaces_s__rosidl_typesupport_fastrtps_c.cpython-36m-x86_64-linux-gnu.so[0m
[6.649s] [100%] [32m[1mLinking CXX shared library rosidl_generator_py/interfaces/interfaces_s__rosidl_typesupport_c.cpython-36m-x86_64-linux-gnu.so[0m
[6.719s] [100%] Built target interfaces__rosidl_typesupport_fastrtps_c__pyext
[6.722s] [100%] Built target interfaces__rosidl_typesupport_c__pyext
[6.729s] Invoked command in '/home/fatma/AUV_ws/build/interfaces' returned '0': CMAKE_PREFIX_PATH=/opt/ros/eloquent /usr/local/bin/cmake --build /home/fatma/AUV_ws/build/interfaces -- -j4 -l4
[6.791s] Invoking command in '/home/fatma/AUV_ws/build/interfaces': CMAKE_PREFIX_PATH=/opt/ros/eloquent /usr/local/bin/cmake --build /home/fatma/AUV_ws/build/interfaces --target install -- -j4 -l4
[6.833s] [  3%] Built target interfaces__cpp
[6.835s] [ 13%] Built target interfaces__rosidl_generator_c
[6.852s] [ 24%] Built target interfaces__rosidl_typesupport_introspection_cpp
[6.853s] [ 34%] Built target interfaces__rosidl_typesupport_introspection_c
[6.859s] [ 44%] Built target interfaces__rosidl_typesupport_fastrtps_cpp
[6.879s] [ 65%] Built target interfaces__rosidl_typesupport_cpp
[6.879s] [ 65%] Built target interfaces__rosidl_typesupport_fastrtps_c
[6.895s] [ 75%] Built target interfaces__rosidl_typesupport_c
[6.908s] [ 75%] Built target interfaces
[6.924s] [ 79%] Built target interfaces__py
[6.943s] [ 86%] Built target interfaces__python
[6.964s] [100%] Built target interfaces__rosidl_typesupport_fastrtps_c__pyext
[6.964s] [100%] Built target interfaces__rosidl_typesupport_c__pyext
[6.974s] [36mInstall the project...[0m
[6.982s] -- Install configuration: ""
[6.982s] -- Installing: /home/fatma/AUV_ws/install/interfaces/share/ament_index/resource_index/rosidl_interfaces/interfaces
[6.983s] -- Installing: /home/fatma/AUV_ws/install/interfaces/lib/libinterfaces__rosidl_typesupport_c.so
[6.984s] -- Set runtime path of "/home/fatma/AUV_ws/install/interfaces/lib/libinterfaces__rosidl_typesupport_c.so" to ""
[6.985s] -- Installing: /home/fatma/AUV_ws/install/interfaces/share/interfaces/environment/library_path.sh
[6.986s] -- Installing: /home/fatma/AUV_ws/install/interfaces/share/interfaces/environment/library_path.dsv
[6.986s] -- Installing: /home/fatma/AUV_ws/install/interfaces/lib/libinterfaces__rosidl_typesupport_cpp.so
[6.988s] -- Set runtime path of "/home/fatma/AUV_ws/install/interfaces/lib/libinterfaces__rosidl_typesupport_cpp.so" to ""
[6.988s] -- Installing: /home/fatma/AUV_ws/install/interfaces/include/interfaces
[6.988s] -- Installing: /home/fatma/AUV_ws/install/interfaces/include/interfaces/msg
[6.989s] -- Installing: /home/fatma/AUV_ws/install/interfaces/include/interfaces/msg/rosidl_typesupport_fastrtps_c__visibility_control.h
[6.989s] -- Installing: /home/fatma/AUV_ws/install/interfaces/include/interfaces/srv
[6.989s] -- Installing: /home/fatma/AUV_ws/install/interfaces/include/interfaces/srv/gate_location__rosidl_typesupport_fastrtps_c.h
[6.990s] -- Installing: /home/fatma/AUV_ws/install/interfaces/lib/libinterfaces__rosidl_typesupport_fastrtps_c.so
[6.991s] -- Set runtime path of "/home/fatma/AUV_ws/install/interfaces/lib/libinterfaces__rosidl_typesupport_fastrtps_c.so" to ""
[6.991s] -- Up-to-date: /home/fatma/AUV_ws/install/interfaces/include/interfaces
[6.992s] -- Up-to-date: /home/fatma/AUV_ws/install/interfaces/include/interfaces/msg
[6.992s] -- Installing: /home/fatma/AUV_ws/install/interfaces/include/interfaces/msg/rosidl_generator_c__visibility_control.h
[6.992s] -- Up-to-date: /home/fatma/AUV_ws/install/interfaces/include/interfaces/srv
[6.992s] -- Installing: /home/fatma/AUV_ws/install/interfaces/include/interfaces/srv/gate_location__functions.c
[6.992s] -- Installing: /home/fatma/AUV_ws/install/interfaces/include/interfaces/srv/gate_location__functions.h
[6.992s] -- Installing: /home/fatma/AUV_ws/install/interfaces/include/interfaces/srv/gate_location__type_support.h
[6.993s] -- Installing: /home/fatma/AUV_ws/install/interfaces/include/interfaces/srv/gate_location.h
[6.993s] -- Installing: /home/fatma/AUV_ws/install/interfaces/include/interfaces/srv/gate_location__struct.h
[6.993s] -- Installing: /home/fatma/AUV_ws/install/interfaces/lib/libinterfaces__rosidl_generator_c.so
[6.994s] -- Set runtime path of "/home/fatma/AUV_ws/install/interfaces/lib/libinterfaces__rosidl_generator_c.so" to ""
[6.995s] -- Up-to-date: /home/fatma/AUV_ws/install/interfaces/include/interfaces
[6.995s] -- Up-to-date: /home/fatma/AUV_ws/install/interfaces/include/interfaces/msg
[6.996s] -- Installing: /home/fatma/AUV_ws/install/interfaces/include/interfaces/msg/rosidl_typesupport_fastrtps_cpp__visibility_control.h
[6.996s] -- Up-to-date: /home/fatma/AUV_ws/install/interfaces/include/interfaces/srv
[6.996s] -- Installing: /home/fatma/AUV_ws/install/interfaces/include/interfaces/srv/gate_location__rosidl_typesupport_fastrtps_cpp.hpp
[6.996s] -- Installing: /home/fatma/AUV_ws/install/interfaces/include/interfaces/srv/dds_fastrtps
[6.997s] -- Installing: /home/fatma/AUV_ws/install/interfaces/lib/libinterfaces__rosidl_typesupport_fastrtps_cpp.so
[6.998s] -- Set runtime path of "/home/fatma/AUV_ws/install/interfaces/lib/libinterfaces__rosidl_typesupport_fastrtps_cpp.so" to ""
[6.998s] -- Up-to-date: /home/fatma/AUV_ws/install/interfaces/include/interfaces
[6.999s] -- Up-to-date: /home/fatma/AUV_ws/install/interfaces/include/interfaces/srv
[6.999s] -- Installing: /home/fatma/AUV_ws/install/interfaces/include/interfaces/srv/gate_location.hpp
[6.999s] -- Installing: /home/fatma/AUV_ws/install/interfaces/include/interfaces/srv/gate_location__struct.hpp
[6.999s] -- Installing: /home/fatma/AUV_ws/install/interfaces/include/interfaces/srv/gate_location__traits.hpp
[7.000s] -- Up-to-date: /home/fatma/AUV_ws/install/interfaces/include/interfaces
[7.000s] -- Up-to-date: /home/fatma/AUV_ws/install/interfaces/include/interfaces/msg
[7.000s] -- Installing: /home/fatma/AUV_ws/install/interfaces/include/interfaces/msg/rosidl_typesupport_introspection_c__visibility_control.h
[7.000s] -- Up-to-date: /home/fatma/AUV_ws/install/interfaces/include/interfaces/srv
[7.000s] -- Installing: /home/fatma/AUV_ws/install/interfaces/include/interfaces/srv/gate_location__rosidl_typesupport_introspection_c.h
[7.000s] -- Installing: /home/fatma/AUV_ws/install/interfaces/include/interfaces/srv/gate_location__type_support.c
[7.001s] -- Installing: /home/fatma/AUV_ws/install/interfaces/lib/libinterfaces__rosidl_typesupport_introspection_c.so
[7.002s] -- Set runtime path of "/home/fatma/AUV_ws/install/interfaces/lib/libinterfaces__rosidl_typesupport_introspection_c.so" to ""
[7.003s] -- Up-to-date: /home/fatma/AUV_ws/install/interfaces/include/interfaces
[7.003s] -- Up-to-date: /home/fatma/AUV_ws/install/interfaces/include/interfaces/srv
[7.003s] -- Installing: /home/fatma/AUV_ws/install/interfaces/include/interfaces/srv/gate_location__type_support.cpp
[7.003s] -- Installing: /home/fatma/AUV_ws/install/interfaces/include/interfaces/srv/gate_location__rosidl_typesupport_introspection_cpp.hpp
[7.004s] -- Installing: /home/fatma/AUV_ws/install/interfaces/lib/libinterfaces__rosidl_typesupport_introspection_cpp.so
[7.005s] -- Set runtime path of "/home/fatma/AUV_ws/install/interfaces/lib/libinterfaces__rosidl_typesupport_introspection_cpp.so" to ""
[7.006s] -- Installing: /home/fatma/AUV_ws/install/interfaces/share/interfaces/environment/pythonpath.sh
[7.006s] -- Installing: /home/fatma/AUV_ws/install/interfaces/share/interfaces/environment/pythonpath.dsv
[7.007s] -- Installing: /home/fatma/AUV_ws/install/interfaces/lib/python3.6/site-packages/interfaces/__init__.py
[7.053s] Compiling '/home/fatma/AUV_ws/install/interfaces/lib/python3.6/site-packages/interfaces/__init__.py'...
[7.060s] -- Installing: /home/fatma/AUV_ws/install/interfaces/lib/python3.6/site-packages/interfaces/srv
[7.060s] -- Installing: /home/fatma/AUV_ws/install/interfaces/lib/python3.6/site-packages/interfaces/srv/_gate_location.py
[7.061s] -- Installing: /home/fatma/AUV_ws/install/interfaces/lib/python3.6/site-packages/interfaces/srv/__init__.py
[7.061s] -- Installing: /home/fatma/AUV_ws/install/interfaces/lib/python3.6/site-packages/interfaces/srv/_gate_location_s.c
[7.062s] -- Installing: /home/fatma/AUV_ws/install/interfaces/lib/python3.6/site-packages/interfaces/interfaces_s__rosidl_typesupport_c.cpython-36m-x86_64-linux-gnu.so
[7.063s] -- Set runtime path of "/home/fatma/AUV_ws/install/interfaces/lib/python3.6/site-packages/interfaces/interfaces_s__rosidl_typesupport_c.cpython-36m-x86_64-linux-gnu.so" to ""
[7.065s] -- Installing: /home/fatma/AUV_ws/install/interfaces/lib/python3.6/site-packages/interfaces/interfaces_s__rosidl_typesupport_fastrtps_c.cpython-36m-x86_64-linux-gnu.so
[7.066s] -- Set runtime path of "/home/fatma/AUV_ws/install/interfaces/lib/python3.6/site-packages/interfaces/interfaces_s__rosidl_typesupport_fastrtps_c.cpython-36m-x86_64-linux-gnu.so" to ""
[7.067s] -- Installing: /home/fatma/AUV_ws/install/interfaces/lib/libinterfaces__python.so
[7.068s] -- Set runtime path of "/home/fatma/AUV_ws/install/interfaces/lib/libinterfaces__python.so" to ""
[7.069s] -- Installing: /home/fatma/AUV_ws/install/interfaces/share/interfaces/srv/GateLocation.idl
[7.069s] -- Installing: /home/fatma/AUV_ws/install/interfaces/share/interfaces/srv/GateLocation.srv
[7.070s] -- Installing: /home/fatma/AUV_ws/install/interfaces/share/interfaces/srv/GateLocation_Request.msg
[7.071s] -- Installing: /home/fatma/AUV_ws/install/interfaces/share/interfaces/srv/GateLocation_Response.msg
[7.071s] -- Installing: /home/fatma/AUV_ws/install/interfaces/share/ament_index/resource_index/package_run_dependencies/interfaces
[7.072s] -- Installing: /home/fatma/AUV_ws/install/interfaces/share/ament_index/resource_index/parent_prefix_path/interfaces
[7.072s] -- Installing: /home/fatma/AUV_ws/install/interfaces/share/interfaces/environment/ament_prefix_path.sh
[7.073s] -- Installing: /home/fatma/AUV_ws/install/interfaces/share/interfaces/environment/ament_prefix_path.dsv
[7.074s] -- Installing: /home/fatma/AUV_ws/install/interfaces/share/interfaces/environment/path.sh
[7.074s] -- Installing: /home/fatma/AUV_ws/install/interfaces/share/interfaces/environment/path.dsv
[7.075s] -- Installing: /home/fatma/AUV_ws/install/interfaces/share/interfaces/local_setup.bash
[7.075s] -- Installing: /home/fatma/AUV_ws/install/interfaces/share/interfaces/local_setup.sh
[7.076s] -- Installing: /home/fatma/AUV_ws/install/interfaces/share/interfaces/local_setup.zsh
[7.076s] -- Installing: /home/fatma/AUV_ws/install/interfaces/share/interfaces/local_setup.dsv
[7.077s] -- Installing: /home/fatma/AUV_ws/install/interfaces/share/interfaces/package.dsv
[7.077s] -- Installing: /home/fatma/AUV_ws/install/interfaces/share/ament_index/resource_index/packages/interfaces
[7.078s] -- Installing: /home/fatma/AUV_ws/install/interfaces/share/interfaces/cmake/rosidl_cmake-extras.cmake
[7.079s] -- Installing: /home/fatma/AUV_ws/install/interfaces/share/interfaces/cmake/ament_cmake_export_libraries-extras.cmake
[7.079s] -- Installing: /home/fatma/AUV_ws/install/interfaces/share/interfaces/cmake/ament_cmake_export_include_directories-extras.cmake
[7.080s] -- Installing: /home/fatma/AUV_ws/install/interfaces/share/interfaces/cmake/interfacesConfig.cmake
[7.080s] -- Installing: /home/fatma/AUV_ws/install/interfaces/share/interfaces/cmake/interfacesConfig-version.cmake
[7.080s] -- Installing: /home/fatma/AUV_ws/install/interfaces/share/interfaces/package.xml
[7.087s] Invoked command in '/home/fatma/AUV_ws/build/interfaces' returned '0': CMAKE_PREFIX_PATH=/opt/ros/eloquent /usr/local/bin/cmake --build /home/fatma/AUV_ws/build/interfaces --target install -- -j4 -l4
