[0.025s] Invoking command in '/home/fatma/AUV_ws/build/interfaces': CMAKE_PREFIX_PATH=/opt/ros/eloquent /usr/local/bin/cmake --build /home/fatma/AUV_ws/build/interfaces -- -j4 -l4
[0.362s] [  3%] Built target interfaces__cpp
[0.370s] [ 13%] Built target interfaces__rosidl_generator_c
[0.396s] [ 24%] Built target interfaces__rosidl_typesupport_introspection_cpp
[0.418s] [ 34%] Built target interfaces__rosidl_typesupport_introspection_c
[0.428s] [ 44%] Built target interfaces__rosidl_typesupport_fastrtps_cpp
[0.446s] [ 55%] Built target interfaces__rosidl_typesupport_cpp
[0.478s] [ 65%] Built target interfaces__rosidl_typesupport_fastrtps_c
[0.502s] [ 75%] Built target interfaces__rosidl_typesupport_c
[0.515s] [ 75%] Built target interfaces
[0.529s] [ 79%] Built target interfaces__py
[0.557s] [ 86%] Built target interfaces__python
[0.580s] [ 93%] Built target interfaces__rosidl_typesupport_c__pyext
[0.582s] [100%] Built target interfaces__rosidl_typesupport_fastrtps_c__pyext
[0.590s] Invoked command in '/home/fatma/AUV_ws/build/interfaces' returned '0': CMAKE_PREFIX_PATH=/opt/ros/eloquent /usr/local/bin/cmake --build /home/fatma/AUV_ws/build/interfaces -- -j4 -l4
[0.650s] Invoking command in '/home/fatma/AUV_ws/build/interfaces': CMAKE_PREFIX_PATH=/opt/ros/eloquent /usr/local/bin/cmake --build /home/fatma/AUV_ws/build/interfaces --target install -- -j4 -l4
[0.690s] [  3%] Built target interfaces__cpp
[0.691s] [ 13%] Built target interfaces__rosidl_generator_c
[0.712s] [ 34%] Built target interfaces__rosidl_typesupport_introspection_cpp
[0.712s] [ 34%] Built target interfaces__rosidl_typesupport_introspection_c
[0.713s] [ 44%] Built target interfaces__rosidl_typesupport_fastrtps_cpp
[0.737s] [ 55%] Built target interfaces__rosidl_typesupport_fastrtps_c
[0.739s] [ 65%] Built target interfaces__rosidl_typesupport_cpp
[0.757s] [ 75%] Built target interfaces__rosidl_typesupport_c
[0.772s] [ 75%] Built target interfaces
[0.787s] [ 79%] Built target interfaces__py
[0.812s] [ 86%] Built target interfaces__python
[0.833s] [ 93%] Built target interfaces__rosidl_typesupport_c__pyext
[0.834s] [100%] Built target interfaces__rosidl_typesupport_fastrtps_c__pyext
[0.845s] [36mInstall the project...[0m
[0.852s] -- Install configuration: ""
[0.852s] -- Up-to-date: /home/fatma/AUV_ws/install/interfaces/share/ament_index/resource_index/rosidl_interfaces/interfaces
[0.853s] -- Up-to-date: /home/fatma/AUV_ws/install/interfaces/lib/libinterfaces__rosidl_typesupport_c.so
[0.854s] -- Up-to-date: /home/fatma/AUV_ws/install/interfaces/share/interfaces/environment/library_path.sh
[0.855s] -- Up-to-date: /home/fatma/AUV_ws/install/interfaces/share/interfaces/environment/library_path.dsv
[0.855s] -- Up-to-date: /home/fatma/AUV_ws/install/interfaces/lib/libinterfaces__rosidl_typesupport_cpp.so
[0.856s] -- Up-to-date: /home/fatma/AUV_ws/install/interfaces/include/interfaces
[0.857s] -- Up-to-date: /home/fatma/AUV_ws/install/interfaces/include/interfaces/msg
[0.857s] -- Up-to-date: /home/fatma/AUV_ws/install/interfaces/include/interfaces/msg/rosidl_typesupport_fastrtps_c__visibility_control.h
[0.857s] -- Up-to-date: /home/fatma/AUV_ws/install/interfaces/include/interfaces/srv
[0.857s] -- Up-to-date: /home/fatma/AUV_ws/install/interfaces/include/interfaces/srv/gate_location__rosidl_typesupport_fastrtps_c.h
[0.858s] -- Up-to-date: /home/fatma/AUV_ws/install/interfaces/lib/libinterfaces__rosidl_typesupport_fastrtps_c.so
[0.858s] -- Up-to-date: /home/fatma/AUV_ws/install/interfaces/include/interfaces
[0.859s] -- Up-to-date: /home/fatma/AUV_ws/install/interfaces/include/interfaces/msg
[0.859s] -- Up-to-date: /home/fatma/AUV_ws/install/interfaces/include/interfaces/msg/rosidl_generator_c__visibility_control.h
[0.859s] -- Up-to-date: /home/fatma/AUV_ws/install/interfaces/include/interfaces/srv
[0.860s] -- Up-to-date: /home/fatma/AUV_ws/install/interfaces/include/interfaces/srv/gate_location__functions.c
[0.860s] -- Up-to-date: /home/fatma/AUV_ws/install/interfaces/include/interfaces/srv/gate_location__functions.h
[0.860s] -- Up-to-date: /home/fatma/AUV_ws/install/interfaces/include/interfaces/srv/gate_location__type_support.h
[0.860s] -- Up-to-date: /home/fatma/AUV_ws/install/interfaces/include/interfaces/srv/gate_location.h
[0.861s] -- Up-to-date: /home/fatma/AUV_ws/install/interfaces/include/interfaces/srv/gate_location__struct.h
[0.861s] -- Up-to-date: /home/fatma/AUV_ws/install/interfaces/lib/libinterfaces__rosidl_generator_c.so
[0.861s] -- Up-to-date: /home/fatma/AUV_ws/install/interfaces/include/interfaces
[0.861s] -- Up-to-date: /home/fatma/AUV_ws/install/interfaces/include/interfaces/msg
[0.862s] -- Up-to-date: /home/fatma/AUV_ws/install/interfaces/include/interfaces/msg/rosidl_typesupport_fastrtps_cpp__visibility_control.h
[0.862s] -- Up-to-date: /home/fatma/AUV_ws/install/interfaces/include/interfaces/srv
[0.862s] -- Up-to-date: /home/fatma/AUV_ws/install/interfaces/include/interfaces/srv/gate_location__rosidl_typesupport_fastrtps_cpp.hpp
[0.862s] -- Up-to-date: /home/fatma/AUV_ws/install/interfaces/include/interfaces/srv/dds_fastrtps
[0.862s] -- Up-to-date: /home/fatma/AUV_ws/install/interfaces/lib/libinterfaces__rosidl_typesupport_fastrtps_cpp.so
[0.866s] -- Up-to-date: /home/fatma/AUV_ws/install/interfaces/include/interfaces
[0.866s] -- Up-to-date: /home/fatma/AUV_ws/install/interfaces/include/interfaces/srv
[0.866s] -- Up-to-date: /home/fatma/AUV_ws/install/interfaces/include/interfaces/srv/gate_location.hpp
[0.866s] -- Up-to-date: /home/fatma/AUV_ws/install/interfaces/include/interfaces/srv/gate_location__struct.hpp
[0.867s] -- Up-to-date: /home/fatma/AUV_ws/install/interfaces/include/interfaces/srv/gate_location__traits.hpp
[0.867s] -- Up-to-date: /home/fatma/AUV_ws/install/interfaces/include/interfaces
[0.867s] -- Up-to-date: /home/fatma/AUV_ws/install/interfaces/include/interfaces/msg
[0.867s] -- Up-to-date: /home/fatma/AUV_ws/install/interfaces/include/interfaces/msg/rosidl_typesupport_introspection_c__visibility_control.h
[0.868s] -- Up-to-date: /home/fatma/AUV_ws/install/interfaces/include/interfaces/srv
[0.868s] -- Up-to-date: /home/fatma/AUV_ws/install/interfaces/include/interfaces/srv/gate_location__rosidl_typesupport_introspection_c.h
[0.868s] -- Up-to-date: /home/fatma/AUV_ws/install/interfaces/include/interfaces/srv/gate_location__type_support.c
[0.868s] -- Up-to-date: /home/fatma/AUV_ws/install/interfaces/lib/libinterfaces__rosidl_typesupport_introspection_c.so
[0.868s] -- Up-to-date: /home/fatma/AUV_ws/install/interfaces/include/interfaces
[0.869s] -- Up-to-date: /home/fatma/AUV_ws/install/interfaces/include/interfaces/srv
[0.869s] -- Up-to-date: /home/fatma/AUV_ws/install/interfaces/include/interfaces/srv/gate_location__type_support.cpp
[0.869s] -- Up-to-date: /home/fatma/AUV_ws/install/interfaces/include/interfaces/srv/gate_location__rosidl_typesupport_introspection_cpp.hpp
[0.869s] -- Up-to-date: /home/fatma/AUV_ws/install/interfaces/lib/libinterfaces__rosidl_typesupport_introspection_cpp.so
[0.870s] -- Up-to-date: /home/fatma/AUV_ws/install/interfaces/share/interfaces/environment/pythonpath.sh
[0.870s] -- Up-to-date: /home/fatma/AUV_ws/install/interfaces/share/interfaces/environment/pythonpath.dsv
[0.870s] -- Up-to-date: /home/fatma/AUV_ws/install/interfaces/lib/python3.6/site-packages/interfaces/__init__.py
[0.916s] -- Up-to-date: /home/fatma/AUV_ws/install/interfaces/lib/python3.6/site-packages/interfaces/srv
[0.916s] -- Up-to-date: /home/fatma/AUV_ws/install/interfaces/lib/python3.6/site-packages/interfaces/srv/_gate_location.py
[0.916s] -- Up-to-date: /home/fatma/AUV_ws/install/interfaces/lib/python3.6/site-packages/interfaces/srv/__init__.py
[0.917s] -- Up-to-date: /home/fatma/AUV_ws/install/interfaces/lib/python3.6/site-packages/interfaces/srv/_gate_location_s.c
[0.917s] -- Up-to-date: /home/fatma/AUV_ws/install/interfaces/lib/python3.6/site-packages/interfaces/interfaces_s__rosidl_typesupport_c.cpython-36m-x86_64-linux-gnu.so
[0.919s] -- Up-to-date: /home/fatma/AUV_ws/install/interfaces/lib/python3.6/site-packages/interfaces/interfaces_s__rosidl_typesupport_fastrtps_c.cpython-36m-x86_64-linux-gnu.so
[0.921s] -- Up-to-date: /home/fatma/AUV_ws/install/interfaces/lib/libinterfaces__python.so
[0.922s] -- Up-to-date: /home/fatma/AUV_ws/install/interfaces/share/interfaces/srv/GateLocation.idl
[0.922s] -- Up-to-date: /home/fatma/AUV_ws/install/interfaces/share/interfaces/srv/GateLocation.srv
[0.923s] -- Up-to-date: /home/fatma/AUV_ws/install/interfaces/share/interfaces/srv/GateLocation_Request.msg
[0.923s] -- Up-to-date: /home/fatma/AUV_ws/install/interfaces/share/interfaces/srv/GateLocation_Response.msg
[0.923s] -- Up-to-date: /home/fatma/AUV_ws/install/interfaces/share/ament_index/resource_index/package_run_dependencies/interfaces
[0.924s] -- Up-to-date: /home/fatma/AUV_ws/install/interfaces/share/ament_index/resource_index/parent_prefix_path/interfaces
[0.924s] -- Up-to-date: /home/fatma/AUV_ws/install/interfaces/share/interfaces/environment/ament_prefix_path.sh
[0.925s] -- Up-to-date: /home/fatma/AUV_ws/install/interfaces/share/interfaces/environment/ament_prefix_path.dsv
[0.927s] -- Up-to-date: /home/fatma/AUV_ws/install/interfaces/share/interfaces/environment/path.sh
[0.927s] -- Up-to-date: /home/fatma/AUV_ws/install/interfaces/share/interfaces/environment/path.dsv
[0.928s] -- Up-to-date: /home/fatma/AUV_ws/install/interfaces/share/interfaces/local_setup.bash
[0.928s] -- Up-to-date: /home/fatma/AUV_ws/install/interfaces/share/interfaces/local_setup.sh
[0.929s] -- Up-to-date: /home/fatma/AUV_ws/install/interfaces/share/interfaces/local_setup.zsh
[0.929s] -- Up-to-date: /home/fatma/AUV_ws/install/interfaces/share/interfaces/local_setup.dsv
[0.929s] -- Installing: /home/fatma/AUV_ws/install/interfaces/share/interfaces/package.dsv
[0.930s] -- Up-to-date: /home/fatma/AUV_ws/install/interfaces/share/ament_index/resource_index/packages/interfaces
[0.931s] -- Up-to-date: /home/fatma/AUV_ws/install/interfaces/share/interfaces/cmake/rosidl_cmake-extras.cmake
[0.931s] -- Up-to-date: /home/fatma/AUV_ws/install/interfaces/share/interfaces/cmake/ament_cmake_export_libraries-extras.cmake
[0.931s] -- Up-to-date: /home/fatma/AUV_ws/install/interfaces/share/interfaces/cmake/ament_cmake_export_include_directories-extras.cmake
[0.932s] -- Up-to-date: /home/fatma/AUV_ws/install/interfaces/share/interfaces/cmake/interfacesConfig.cmake
[0.932s] -- Up-to-date: /home/fatma/AUV_ws/install/interfaces/share/interfaces/cmake/interfacesConfig-version.cmake
[0.932s] -- Up-to-date: /home/fatma/AUV_ws/install/interfaces/share/interfaces/package.xml
[0.940s] Invoked command in '/home/fatma/AUV_ws/build/interfaces' returned '0': CMAKE_PREFIX_PATH=/opt/ros/eloquent /usr/local/bin/cmake --build /home/fatma/AUV_ws/build/interfaces --target install -- -j4 -l4
