[0.610s] DEBUG:colcon:Command line arguments: ['/usr/bin/colcon', 'build']
[0.610s] DEBUG:colcon:Parsed command line arguments: Namespace(ament_cmake_args=None, base_paths=['.'], build_base='build', catkin_cmake_args=None, catkin_skip_building_tests=False, cmake_args=None, cmake_clean_cache=False, cmake_clean_first=False, cmake_force_configure=False, cmake_target=None, cmake_target_skip_unavailable=False, continue_on_error=False, event_handlers=None, executor='parallel', ignore_user_meta=False, install_base='install', log_base=None, log_level=None, main=<bound method BuildVerb.main of <colcon_core.verb.build.BuildVerb object at 0x7fd29f3aa160>>, merge_install=False, metas=['./colcon.meta'], packages_above=None, packages_above_and_dependencies=None, packages_above_depth=None, packages_end=None, packages_ignore=None, packages_ignore_regex=None, packages_select=None, packages_select_build_failed=False, packages_select_by_dep=None, packages_select_regex=None, packages_select_test_failures=False, packages_skip=None, packages_skip_build_finished=False, packages_skip_by_dep=None, packages_skip_regex=None, packages_skip_test_passed=False, packages_skip_up_to=None, packages_start=None, packages_up_to=None, packages_up_to_regex=None, parallel_workers=4, paths=None, symlink_install=False, test_result_base=None, verb_extension=<colcon_core.verb.build.BuildVerb object at 0x7fd29f3aa160>, verb_name='build', verb_parser=<colcon_defaults.argument_parser.defaults.DefaultArgumentsDecorator object at 0x7fd29f3aa4a8>)
[0.718s] Level 1:colcon.colcon_core.package_discovery:discover_packages(colcon_meta) check parameters
[0.719s] Level 1:colcon.colcon_core.package_discovery:discover_packages(recursive) check parameters
[0.719s] Level 1:colcon.colcon_core.package_discovery:discover_packages(ignore) check parameters
[0.719s] Level 1:colcon.colcon_core.package_discovery:discover_packages(path) check parameters
[0.719s] Level 1:colcon.colcon_core.package_discovery:discover_packages(colcon_meta) discover
[0.719s] Level 1:colcon.colcon_core.package_discovery:discover_packages(recursive) discover
[0.719s] INFO:colcon.colcon_core.package_discovery:Crawling recursively for packages in '/home/fatma/AUV_ws'
[0.719s] Level 1:colcon.colcon_core.package_identification:_identify(.) by extensions ['ignore', 'ignore_ament_install']
[0.720s] Level 1:colcon.colcon_core.package_identification:_identify(.) by extension 'ignore'
[0.720s] Level 1:colcon.colcon_core.package_identification:_identify(.) by extension 'ignore_ament_install'
[0.720s] Level 1:colcon.colcon_core.package_identification:_identify(.) by extensions ['colcon_pkg']
[0.720s] Level 1:colcon.colcon_core.package_identification:_identify(.) by extension 'colcon_pkg'
[0.720s] Level 1:colcon.colcon_core.package_identification:_identify(.) by extensions ['colcon_meta']
[0.720s] Level 1:colcon.colcon_core.package_identification:_identify(.) by extension 'colcon_meta'
[0.720s] Level 1:colcon.colcon_core.package_identification:_identify(.) by extensions ['ros']
[0.720s] Level 1:colcon.colcon_core.package_identification:_identify(.) by extension 'ros'
[0.734s] Level 1:colcon.colcon_core.package_identification:_identify(.) by extensions ['cmake', 'python']
[0.734s] Level 1:colcon.colcon_core.package_identification:_identify(.) by extension 'cmake'
[0.734s] Level 1:colcon.colcon_core.package_identification:_identify(.) by extension 'python'
[0.734s] Level 1:colcon.colcon_core.package_identification:_identify(.) by extensions ['python_setup_py']
[0.734s] Level 1:colcon.colcon_core.package_identification:_identify(.) by extension 'python_setup_py'
[0.734s] Level 1:colcon.colcon_core.package_identification:_identify(build) by extensions ['ignore', 'ignore_ament_install']
[0.735s] Level 1:colcon.colcon_core.package_identification:_identify(build) by extension 'ignore'
[0.735s] Level 1:colcon.colcon_core.package_identification:_identify(build) ignored
[0.735s] Level 1:colcon.colcon_core.package_identification:_identify(install) by extensions ['ignore', 'ignore_ament_install']
[0.735s] Level 1:colcon.colcon_core.package_identification:_identify(install) by extension 'ignore'
[0.735s] Level 1:colcon.colcon_core.package_identification:_identify(install) ignored
[0.736s] Level 1:colcon.colcon_core.package_identification:_identify(log) by extensions ['ignore', 'ignore_ament_install']
[0.736s] Level 1:colcon.colcon_core.package_identification:_identify(log) by extension 'ignore'
[0.736s] Level 1:colcon.colcon_core.package_identification:_identify(log) ignored
[0.736s] Level 1:colcon.colcon_core.package_identification:_identify(src) by extensions ['ignore', 'ignore_ament_install']
[0.736s] Level 1:colcon.colcon_core.package_identification:_identify(src) by extension 'ignore'
[0.736s] Level 1:colcon.colcon_core.package_identification:_identify(src) by extension 'ignore_ament_install'
[0.736s] Level 1:colcon.colcon_core.package_identification:_identify(src) by extensions ['colcon_pkg']
[0.736s] Level 1:colcon.colcon_core.package_identification:_identify(src) by extension 'colcon_pkg'
[0.736s] Level 1:colcon.colcon_core.package_identification:_identify(src) by extensions ['colcon_meta']
[0.736s] Level 1:colcon.colcon_core.package_identification:_identify(src) by extension 'colcon_meta'
[0.736s] Level 1:colcon.colcon_core.package_identification:_identify(src) by extensions ['ros']
[0.736s] Level 1:colcon.colcon_core.package_identification:_identify(src) by extension 'ros'
[0.737s] Level 1:colcon.colcon_core.package_identification:_identify(src) by extensions ['cmake', 'python']
[0.737s] Level 1:colcon.colcon_core.package_identification:_identify(src) by extension 'cmake'
[0.737s] Level 1:colcon.colcon_core.package_identification:_identify(src) by extension 'python'
[0.737s] Level 1:colcon.colcon_core.package_identification:_identify(src) by extensions ['python_setup_py']
[0.737s] Level 1:colcon.colcon_core.package_identification:_identify(src) by extension 'python_setup_py'
[0.737s] Level 1:colcon.colcon_core.package_identification:_identify(src/gate_detection) by extensions ['ignore', 'ignore_ament_install']
[0.737s] Level 1:colcon.colcon_core.package_identification:_identify(src/gate_detection) by extension 'ignore'
[0.737s] Level 1:colcon.colcon_core.package_identification:_identify(src/gate_detection) by extension 'ignore_ament_install'
[0.737s] Level 1:colcon.colcon_core.package_identification:_identify(src/gate_detection) by extensions ['colcon_pkg']
[0.737s] Level 1:colcon.colcon_core.package_identification:_identify(src/gate_detection) by extension 'colcon_pkg'
[0.737s] Level 1:colcon.colcon_core.package_identification:_identify(src/gate_detection) by extensions ['colcon_meta']
[0.737s] Level 1:colcon.colcon_core.package_identification:_identify(src/gate_detection) by extension 'colcon_meta'
[0.737s] Level 1:colcon.colcon_core.package_identification:_identify(src/gate_detection) by extensions ['ros']
[0.737s] Level 1:colcon.colcon_core.package_identification:_identify(src/gate_detection) by extension 'ros'
[0.798s] DEBUG:colcon.colcon_core.package_identification:Package 'src/gate_detection' with type 'ros.ament_python' and name 'gate_detection'
[0.809s] Level 1:colcon.colcon_core.package_identification:_identify(src/interfaces) by extensions ['ignore', 'ignore_ament_install']
[0.809s] Level 1:colcon.colcon_core.package_identification:_identify(src/interfaces) by extension 'ignore'
[0.809s] Level 1:colcon.colcon_core.package_identification:_identify(src/interfaces) by extension 'ignore_ament_install'
[0.809s] Level 1:colcon.colcon_core.package_identification:_identify(src/interfaces) by extensions ['colcon_pkg']
[0.810s] Level 1:colcon.colcon_core.package_identification:_identify(src/interfaces) by extension 'colcon_pkg'
[0.810s] Level 1:colcon.colcon_core.package_identification:_identify(src/interfaces) by extensions ['colcon_meta']
[0.810s] Level 1:colcon.colcon_core.package_identification:_identify(src/interfaces) by extension 'colcon_meta'
[0.810s] Level 1:colcon.colcon_core.package_identification:_identify(src/interfaces) by extensions ['ros']
[0.810s] Level 1:colcon.colcon_core.package_identification:_identify(src/interfaces) by extension 'ros'
[0.825s] DEBUG:colcon.colcon_core.package_identification:Package 'src/interfaces' with type 'ros.ament_cmake' and name 'interfaces'
[0.825s] Level 1:colcon.colcon_core.package_discovery:discover_packages(recursive) using defaults
[0.826s] Level 1:colcon.colcon_core.package_discovery:discover_packages(ignore) discover
[0.826s] Level 1:colcon.colcon_core.package_discovery:discover_packages(ignore) using defaults
[0.826s] Level 1:colcon.colcon_core.package_discovery:discover_packages(path) discover
[0.826s] Level 1:colcon.colcon_core.package_discovery:discover_packages(path) using defaults
[0.996s] Level 5:colcon.colcon_core.verb:set package 'interfaces' build argument 'cmake_args' from command line to 'None'
[0.996s] Level 5:colcon.colcon_core.verb:set package 'interfaces' build argument 'cmake_target' from command line to 'None'
[0.996s] Level 5:colcon.colcon_core.verb:set package 'interfaces' build argument 'cmake_target_skip_unavailable' from command line to 'False'
[0.996s] Level 5:colcon.colcon_core.verb:set package 'interfaces' build argument 'cmake_clean_cache' from command line to 'False'
[0.996s] Level 5:colcon.colcon_core.verb:set package 'interfaces' build argument 'cmake_clean_first' from command line to 'False'
[0.996s] Level 5:colcon.colcon_core.verb:set package 'interfaces' build argument 'cmake_force_configure' from command line to 'False'
[0.996s] Level 5:colcon.colcon_core.verb:set package 'interfaces' build argument 'ament_cmake_args' from command line to 'None'
[0.996s] Level 5:colcon.colcon_core.verb:set package 'interfaces' build argument 'catkin_cmake_args' from command line to 'None'
[0.996s] Level 5:colcon.colcon_core.verb:set package 'interfaces' build argument 'catkin_skip_building_tests' from command line to 'False'
[0.997s] DEBUG:colcon.colcon_core.verb:Building package 'interfaces' with the following arguments: {'ament_cmake_args': None, 'build_base': '/home/fatma/AUV_ws/build/interfaces', 'catkin_cmake_args': None, 'catkin_skip_building_tests': False, 'cmake_args': None, 'cmake_clean_cache': False, 'cmake_clean_first': False, 'cmake_force_configure': False, 'cmake_target': None, 'cmake_target_skip_unavailable': False, 'install_base': '/home/fatma/AUV_ws/install/interfaces', 'merge_install': False, 'path': '/home/fatma/AUV_ws/src/interfaces', 'symlink_install': False, 'test_result_base': None}
[1.001s] Level 5:colcon.colcon_core.verb:set package 'gate_detection' build argument 'cmake_args' from command line to 'None'
[1.001s] Level 5:colcon.colcon_core.verb:set package 'gate_detection' build argument 'cmake_target' from command line to 'None'
[1.001s] Level 5:colcon.colcon_core.verb:set package 'gate_detection' build argument 'cmake_target_skip_unavailable' from command line to 'False'
[1.001s] Level 5:colcon.colcon_core.verb:set package 'gate_detection' build argument 'cmake_clean_cache' from command line to 'False'
[1.001s] Level 5:colcon.colcon_core.verb:set package 'gate_detection' build argument 'cmake_clean_first' from command line to 'False'
[1.001s] Level 5:colcon.colcon_core.verb:set package 'gate_detection' build argument 'cmake_force_configure' from command line to 'False'
[1.001s] Level 5:colcon.colcon_core.verb:set package 'gate_detection' build argument 'ament_cmake_args' from command line to 'None'
[1.001s] Level 5:colcon.colcon_core.verb:set package 'gate_detection' build argument 'catkin_cmake_args' from command line to 'None'
[1.001s] Level 5:colcon.colcon_core.verb:set package 'gate_detection' build argument 'catkin_skip_building_tests' from command line to 'False'
[1.001s] DEBUG:colcon.colcon_core.verb:Building package 'gate_detection' with the following arguments: {'ament_cmake_args': None, 'build_base': '/home/fatma/AUV_ws/build/gate_detection', 'catkin_cmake_args': None, 'catkin_skip_building_tests': False, 'cmake_args': None, 'cmake_clean_cache': False, 'cmake_clean_first': False, 'cmake_force_configure': False, 'cmake_target': None, 'cmake_target_skip_unavailable': False, 'install_base': '/home/fatma/AUV_ws/install/gate_detection', 'merge_install': False, 'path': '/home/fatma/AUV_ws/src/gate_detection', 'symlink_install': False, 'test_result_base': None}
[1.001s] INFO:colcon.colcon_core.executor:Executing jobs using 'parallel' executor
[1.004s] DEBUG:colcon.colcon_parallel_executor.executor.parallel:run_until_complete
[1.004s] INFO:colcon.colcon_ros.task.ament_cmake.build:Building ROS package in '/home/fatma/AUV_ws/src/interfaces' with build type 'ament_cmake'
[1.005s] INFO:colcon.colcon_cmake.task.cmake.build:Building CMake package in '/home/fatma/AUV_ws/src/interfaces'
[1.053s] INFO:colcon.colcon_core.plugin_system:Skipping extension 'colcon_core.shell.bat': Not used on non-Windows systems
[1.053s] INFO:colcon.colcon_core.shell:Skip shell extension 'powershell' for command environment: Not usable outside of PowerShell
[1.053s] DEBUG:colcon.colcon_core.shell:Skip shell extension 'dsv' for command environment
[1.073s] DEBUG:colcon.colcon_core.shell:Ignoring prefix path '/opt/ros/eloquent'
[1.152s] DEBUG:colcon.colcon_core.event_handler.log_command:Invoking command in '/home/fatma/AUV_ws/build/interfaces': CMAKE_PREFIX_PATH=/opt/ros/eloquent /usr/local/bin/cmake --build /home/fatma/AUV_ws/build/interfaces -- -j4 -l4
[2.969s] DEBUG:colcon.colcon_core.event_handler.log_command:Invoked command in '/home/fatma/AUV_ws/build/interfaces' returned '0': CMAKE_PREFIX_PATH=/opt/ros/eloquent /usr/local/bin/cmake --build /home/fatma/AUV_ws/build/interfaces -- -j4 -l4
[3.034s] DEBUG:colcon.colcon_core.event_handler.log_command:Invoking command in '/home/fatma/AUV_ws/build/interfaces': CMAKE_PREFIX_PATH=/opt/ros/eloquent /usr/local/bin/cmake --build /home/fatma/AUV_ws/build/interfaces --target install -- -j4 -l4
[3.415s] Level 1:colcon.colcon_core.environment:create_environment_scripts_only(interfaces)
[3.417s] DEBUG:colcon.colcon_core.event_handler.log_command:Invoked command in '/home/fatma/AUV_ws/build/interfaces' returned '0': CMAKE_PREFIX_PATH=/opt/ros/eloquent /usr/local/bin/cmake --build /home/fatma/AUV_ws/build/interfaces --target install -- -j4 -l4
[3.510s] Level 1:colcon.colcon_core.environment:checking '/home/fatma/AUV_ws/install/interfaces' for CMake module files
[3.511s] Level 1:colcon.colcon_core.environment:checking '/home/fatma/AUV_ws/install/interfaces' for CMake config files
[3.511s] Level 1:colcon.colcon_core.shell:create_environment_hook('interfaces', 'cmake_prefix_path')
[3.512s] INFO:colcon.colcon_core.shell:Creating environment hook '/home/fatma/AUV_ws/install/interfaces/share/interfaces/hook/cmake_prefix_path.ps1'
[3.521s] INFO:colcon.colcon_core.shell:Creating environment descriptor '/home/fatma/AUV_ws/install/interfaces/share/interfaces/hook/cmake_prefix_path.dsv'
[3.534s] INFO:colcon.colcon_core.shell:Creating environment hook '/home/fatma/AUV_ws/install/interfaces/share/interfaces/hook/cmake_prefix_path.sh'
[3.581s] Level 1:colcon.colcon_core.environment:checking '/home/fatma/AUV_ws/install/interfaces/lib'
[3.582s] Level 1:colcon.colcon_core.shell:create_environment_hook('interfaces', 'ld_library_path_lib')
[3.584s] INFO:colcon.colcon_core.shell:Creating environment hook '/home/fatma/AUV_ws/install/interfaces/share/interfaces/hook/ld_library_path_lib.ps1'
[3.585s] INFO:colcon.colcon_core.shell:Creating environment descriptor '/home/fatma/AUV_ws/install/interfaces/share/interfaces/hook/ld_library_path_lib.dsv'
[3.586s] INFO:colcon.colcon_core.shell:Creating environment hook '/home/fatma/AUV_ws/install/interfaces/share/interfaces/hook/ld_library_path_lib.sh'
[3.588s] Level 1:colcon.colcon_core.environment:checking '/home/fatma/AUV_ws/install/interfaces/bin'
[3.588s] Level 1:colcon.colcon_core.environment:checking '/home/fatma/AUV_ws/install/interfaces/lib/pkgconfig/interfaces.pc'
[3.588s] Level 1:colcon.colcon_core.environment:checking '/home/fatma/AUV_ws/install/interfaces/lib/python3.6/site-packages'
[3.588s] Level 1:colcon.colcon_core.shell:create_environment_hook('interfaces', 'pythonpath')
[3.590s] INFO:colcon.colcon_core.shell:Creating environment hook '/home/fatma/AUV_ws/install/interfaces/share/interfaces/hook/pythonpath.ps1'
[3.591s] INFO:colcon.colcon_core.shell:Creating environment descriptor '/home/fatma/AUV_ws/install/interfaces/share/interfaces/hook/pythonpath.dsv'
[3.592s] INFO:colcon.colcon_core.shell:Creating environment hook '/home/fatma/AUV_ws/install/interfaces/share/interfaces/hook/pythonpath.sh'
[3.594s] INFO:colcon.colcon_core.shell:Creating package script '/home/fatma/AUV_ws/install/interfaces/share/interfaces/package.ps1'
[3.595s] INFO:colcon.colcon_core.shell:Creating package descriptor '/home/fatma/AUV_ws/install/interfaces/share/interfaces/package.dsv'
[3.596s] INFO:colcon.colcon_core.shell:Creating package script '/home/fatma/AUV_ws/install/interfaces/share/interfaces/package.sh'
[3.598s] INFO:colcon.colcon_core.shell:Creating package script '/home/fatma/AUV_ws/install/interfaces/share/interfaces/package.bash'
[3.602s] INFO:colcon.colcon_core.shell:Creating package script '/home/fatma/AUV_ws/install/interfaces/share/interfaces/package.zsh'
[3.624s] Level 1:colcon.colcon_core.environment:create_file_with_runtime_dependencies(/home/fatma/AUV_ws/install/interfaces/share/colcon-core/packages/interfaces)
[3.684s] Level 1:colcon.colcon_core.environment:create_environment_scripts_only(interfaces)
[3.686s] Level 1:colcon.colcon_core.environment:checking '/home/fatma/AUV_ws/install/interfaces' for CMake module files
[3.686s] Level 1:colcon.colcon_core.environment:checking '/home/fatma/AUV_ws/install/interfaces' for CMake config files
[3.687s] Level 1:colcon.colcon_core.shell:create_environment_hook('interfaces', 'cmake_prefix_path')
[3.687s] INFO:colcon.colcon_core.shell:Creating environment hook '/home/fatma/AUV_ws/install/interfaces/share/interfaces/hook/cmake_prefix_path.ps1'
[3.688s] INFO:colcon.colcon_core.shell:Creating environment descriptor '/home/fatma/AUV_ws/install/interfaces/share/interfaces/hook/cmake_prefix_path.dsv'
[3.689s] INFO:colcon.colcon_core.shell:Creating environment hook '/home/fatma/AUV_ws/install/interfaces/share/interfaces/hook/cmake_prefix_path.sh'
[3.690s] Level 1:colcon.colcon_core.environment:checking '/home/fatma/AUV_ws/install/interfaces/lib'
[3.690s] Level 1:colcon.colcon_core.shell:create_environment_hook('interfaces', 'ld_library_path_lib')
[3.691s] INFO:colcon.colcon_core.shell:Creating environment hook '/home/fatma/AUV_ws/install/interfaces/share/interfaces/hook/ld_library_path_lib.ps1'
[3.692s] INFO:colcon.colcon_core.shell:Creating environment descriptor '/home/fatma/AUV_ws/install/interfaces/share/interfaces/hook/ld_library_path_lib.dsv'
[3.692s] INFO:colcon.colcon_core.shell:Creating environment hook '/home/fatma/AUV_ws/install/interfaces/share/interfaces/hook/ld_library_path_lib.sh'
[3.693s] Level 1:colcon.colcon_core.environment:checking '/home/fatma/AUV_ws/install/interfaces/bin'
[3.693s] Level 1:colcon.colcon_core.environment:checking '/home/fatma/AUV_ws/install/interfaces/lib/pkgconfig/interfaces.pc'
[3.693s] Level 1:colcon.colcon_core.environment:checking '/home/fatma/AUV_ws/install/interfaces/lib/python3.6/site-packages'
[3.693s] Level 1:colcon.colcon_core.shell:create_environment_hook('interfaces', 'pythonpath')
[3.694s] INFO:colcon.colcon_core.shell:Creating environment hook '/home/fatma/AUV_ws/install/interfaces/share/interfaces/hook/pythonpath.ps1'
[3.695s] INFO:colcon.colcon_core.shell:Creating environment descriptor '/home/fatma/AUV_ws/install/interfaces/share/interfaces/hook/pythonpath.dsv'
[3.695s] INFO:colcon.colcon_core.shell:Creating environment hook '/home/fatma/AUV_ws/install/interfaces/share/interfaces/hook/pythonpath.sh'
[3.697s] INFO:colcon.colcon_core.shell:Creating package script '/home/fatma/AUV_ws/install/interfaces/share/interfaces/package.ps1'
[3.698s] INFO:colcon.colcon_core.shell:Creating package descriptor '/home/fatma/AUV_ws/install/interfaces/share/interfaces/package.dsv'
[3.699s] INFO:colcon.colcon_core.shell:Creating package script '/home/fatma/AUV_ws/install/interfaces/share/interfaces/package.sh'
[3.699s] INFO:colcon.colcon_core.shell:Creating package script '/home/fatma/AUV_ws/install/interfaces/share/interfaces/package.bash'
[3.700s] INFO:colcon.colcon_core.shell:Creating package script '/home/fatma/AUV_ws/install/interfaces/share/interfaces/package.zsh'
[3.701s] Level 1:colcon.colcon_core.environment:create_file_with_runtime_dependencies(/home/fatma/AUV_ws/install/interfaces/share/colcon-core/packages/interfaces)
[3.701s] INFO:colcon.colcon_ros.task.ament_python.build:Building ROS package in '/home/fatma/AUV_ws/src/gate_detection' with build type 'ament_python'
[3.701s] Level 1:colcon.colcon_core.shell:create_environment_hook('gate_detection', 'ament_prefix_path')
[3.702s] INFO:colcon.colcon_core.shell:Creating environment hook '/home/fatma/AUV_ws/install/gate_detection/share/gate_detection/hook/ament_prefix_path.ps1'
[3.703s] INFO:colcon.colcon_core.shell:Creating environment descriptor '/home/fatma/AUV_ws/install/gate_detection/share/gate_detection/hook/ament_prefix_path.dsv'
[3.704s] INFO:colcon.colcon_core.shell:Creating environment hook '/home/fatma/AUV_ws/install/gate_detection/share/gate_detection/hook/ament_prefix_path.sh'
[3.705s] INFO:colcon.colcon_core.shell:Skip shell extension 'powershell' for command environment: Not usable outside of PowerShell
[3.705s] DEBUG:colcon.colcon_core.shell:Skip shell extension 'dsv' for command environment
[3.707s] DEBUG:colcon.colcon_core.shell:Ignoring prefix path '/opt/ros/eloquent'
[4.097s] INFO:colcon.colcon_core.task.python.build:Building Python package in '/home/fatma/AUV_ws/src/gate_detection'
[4.098s] INFO:colcon.colcon_core.shell:Skip shell extension 'powershell' for command environment: Not usable outside of PowerShell
[4.099s] DEBUG:colcon.colcon_core.shell:Skip shell extension 'dsv' for command environment
[4.101s] DEBUG:colcon.colcon_core.shell:Ignoring prefix path '/opt/ros/eloquent'
[4.115s] DEBUG:colcon.colcon_core.event_handler.log_command:Invoking command in '/home/fatma/AUV_ws/src/gate_detection': AMENT_PREFIX_PATH=/home/fatma/AUV_ws/install/interfaces:${AMENT_PREFIX_PATH} CMAKE_PREFIX_PATH=/home/fatma/AUV_ws/install/interfaces LD_LIBRARY_PATH=/home/fatma/AUV_ws/install/interfaces/lib:${LD_LIBRARY_PATH} PYTHONPATH=/home/fatma/AUV_ws/install/gate_detection/lib/python3.6/site-packages:/home/fatma/AUV_ws/install/interfaces/lib/python3.6/site-packages:${PYTHONPATH} /usr/bin/python3 setup.py egg_info --egg-base ../../build/gate_detection build --build-base /home/fatma/AUV_ws/build/gate_detection/build install --prefix /home/fatma/AUV_ws/install/gate_detection --record /home/fatma/AUV_ws/build/gate_detection/install.log --single-version-externally-managed
[4.815s] Level 1:colcon.colcon_core.environment:checking '/home/fatma/AUV_ws/install/gate_detection' for CMake module files
[4.816s] DEBUG:colcon.colcon_core.event_handler.log_command:Invoked command in '/home/fatma/AUV_ws/src/gate_detection' returned '0': AMENT_PREFIX_PATH=/home/fatma/AUV_ws/install/interfaces:${AMENT_PREFIX_PATH} CMAKE_PREFIX_PATH=/home/fatma/AUV_ws/install/interfaces LD_LIBRARY_PATH=/home/fatma/AUV_ws/install/interfaces/lib:${LD_LIBRARY_PATH} PYTHONPATH=/home/fatma/AUV_ws/install/gate_detection/lib/python3.6/site-packages:/home/fatma/AUV_ws/install/interfaces/lib/python3.6/site-packages:${PYTHONPATH} /usr/bin/python3 setup.py egg_info --egg-base ../../build/gate_detection build --build-base /home/fatma/AUV_ws/build/gate_detection/build install --prefix /home/fatma/AUV_ws/install/gate_detection --record /home/fatma/AUV_ws/build/gate_detection/install.log --single-version-externally-managed
[4.817s] Level 1:colcon.colcon_core.environment:checking '/home/fatma/AUV_ws/install/gate_detection' for CMake config files
[4.818s] Level 1:colcon.colcon_core.environment:checking '/home/fatma/AUV_ws/install/gate_detection/lib'
[4.819s] Level 1:colcon.colcon_core.environment:checking '/home/fatma/AUV_ws/install/gate_detection/bin'
[4.819s] Level 1:colcon.colcon_core.environment:checking '/home/fatma/AUV_ws/install/gate_detection/lib/pkgconfig/gate_detection.pc'
[4.819s] Level 1:colcon.colcon_core.environment:checking '/home/fatma/AUV_ws/install/gate_detection/lib/python3.6/site-packages'
[4.819s] Level 1:colcon.colcon_core.shell:create_environment_hook('gate_detection', 'pythonpath')
[4.820s] INFO:colcon.colcon_core.shell:Creating environment hook '/home/fatma/AUV_ws/install/gate_detection/share/gate_detection/hook/pythonpath.ps1'
[4.821s] INFO:colcon.colcon_core.shell:Creating environment descriptor '/home/fatma/AUV_ws/install/gate_detection/share/gate_detection/hook/pythonpath.dsv'
[4.821s] INFO:colcon.colcon_core.shell:Creating environment hook '/home/fatma/AUV_ws/install/gate_detection/share/gate_detection/hook/pythonpath.sh'
[4.822s] Level 1:colcon.colcon_core.environment:create_environment_scripts_only(gate_detection)
[4.823s] INFO:colcon.colcon_core.shell:Creating package script '/home/fatma/AUV_ws/install/gate_detection/share/gate_detection/package.ps1'
[4.823s] INFO:colcon.colcon_core.shell:Creating package descriptor '/home/fatma/AUV_ws/install/gate_detection/share/gate_detection/package.dsv'
[4.824s] INFO:colcon.colcon_core.shell:Creating package script '/home/fatma/AUV_ws/install/gate_detection/share/gate_detection/package.sh'
[4.824s] INFO:colcon.colcon_core.shell:Creating package script '/home/fatma/AUV_ws/install/gate_detection/share/gate_detection/package.bash'
[4.825s] INFO:colcon.colcon_core.shell:Creating package script '/home/fatma/AUV_ws/install/gate_detection/share/gate_detection/package.zsh'
[4.825s] Level 1:colcon.colcon_core.environment:create_file_with_runtime_dependencies(/home/fatma/AUV_ws/install/gate_detection/share/colcon-core/packages/gate_detection)
[4.826s] DEBUG:colcon.colcon_parallel_executor.executor.parallel:closing loop
[4.826s] DEBUG:colcon.colcon_parallel_executor.executor.parallel:loop closed
[4.826s] DEBUG:colcon.colcon_parallel_executor.executor.parallel:run_until_complete finished with '0'
[4.827s] DEBUG:colcon.colcon_core.event_reactor:joining thread
[4.895s] INFO:colcon.colcon_core.plugin_system:Skipping extension 'colcon_notification.desktop_notification.terminal_notifier': Not used on non-Darwin systems
[4.895s] INFO:colcon.colcon_core.plugin_system:Skipping extension 'colcon_notification.desktop_notification.win32': Not used on non-Windows systems
[4.895s] INFO:colcon.colcon_notification.desktop_notification:Sending desktop notification using 'notify2'
[4.899s] DEBUG:colcon.colcon_core.event_reactor:joined thread
[4.901s] INFO:colcon.colcon_core.shell:Creating prefix script '/home/fatma/AUV_ws/install/local_setup.ps1'
[4.909s] INFO:colcon.colcon_core.shell:Creating prefix util module '/home/fatma/AUV_ws/install/_local_setup_util_ps1.py'
[4.923s] INFO:colcon.colcon_core.shell:Creating prefix chain script '/home/fatma/AUV_ws/install/setup.ps1'
[4.968s] INFO:colcon.colcon_core.shell:Creating prefix script '/home/fatma/AUV_ws/install/local_setup.sh'
[4.977s] INFO:colcon.colcon_core.shell:Creating prefix util module '/home/fatma/AUV_ws/install/_local_setup_util_sh.py'
[4.978s] INFO:colcon.colcon_core.shell:Creating prefix chain script '/home/fatma/AUV_ws/install/setup.sh'
[4.981s] INFO:colcon.colcon_core.shell:Creating prefix script '/home/fatma/AUV_ws/install/local_setup.bash'
[4.983s] INFO:colcon.colcon_core.shell:Creating prefix chain script '/home/fatma/AUV_ws/install/setup.bash'
[4.986s] INFO:colcon.colcon_core.shell:Creating prefix script '/home/fatma/AUV_ws/install/local_setup.zsh'
[4.999s] INFO:colcon.colcon_core.shell:Creating prefix chain script '/home/fatma/AUV_ws/install/setup.zsh'
