[0.356s] Invoking command in '/home/fatma/AUV_ws/src/gate_detection': AMENT_PREFIX_PATH=/home/fatma/AUV_ws/install/interfaces:${AMENT_PREFIX_PATH} CMAKE_PREFIX_PATH=/home/fatma/AUV_ws/install/interfaces LD_LIBRARY_PATH=/home/fatma/AUV_ws/install/interfaces/lib:${LD_LIBRARY_PATH} PYTHONPATH=/home/fatma/AUV_ws/install/gate_detection/lib/python3.6/site-packages:/home/fatma/AUV_ws/install/interfaces/lib/python3.6/site-packages:${PYTHONPATH} /usr/bin/python3 setup.py egg_info --egg-base ../../build/gate_detection build --build-base /home/fatma/AUV_ws/build/gate_detection/build install --prefix /home/fatma/AUV_ws/install/gate_detection --record /home/fatma/AUV_ws/build/gate_detection/install.log --single-version-externally-managed
[0.712s] running egg_info
[0.713s] writing ../../build/gate_detection/gate_detection.egg-info/PKG-INFO
[0.714s] writing dependency_links to ../../build/gate_detection/gate_detection.egg-info/dependency_links.txt
[0.714s] writing entry points to ../../build/gate_detection/gate_detection.egg-info/entry_points.txt
[0.714s] writing requirements to ../../build/gate_detection/gate_detection.egg-info/requires.txt
[0.714s] writing top-level names to ../../build/gate_detection/gate_detection.egg-info/top_level.txt
[0.762s] reading manifest file '../../build/gate_detection/gate_detection.egg-info/SOURCES.txt'
[0.764s] writing manifest file '../../build/gate_detection/gate_detection.egg-info/SOURCES.txt'
[0.764s] running build
[0.764s] running build_py
[0.764s] copying gate_detection/server_node.py -> /home/fatma/AUV_ws/build/gate_detection/build/lib/gate_detection
[0.765s] running install
[0.766s] running install_lib
[0.767s] copying /home/fatma/AUV_ws/build/gate_detection/build/lib/gate_detection/server_node.py -> /home/fatma/AUV_ws/install/gate_detection/lib/python3.6/site-packages/gate_detection
[0.768s] byte-compiling /home/fatma/AUV_ws/install/gate_detection/lib/python3.6/site-packages/gate_detection/server_node.py to server_node.cpython-36.pyc
[0.771s]   File "/home/fatma/AUV_ws/install/gate_detection/lib/python3.6/site-packages/gate_detection/server_node.py", line 217
[0.771s]     )
[0.771s]     ^
[0.771s] SyntaxError: invalid syntax
[0.772s] 
[0.772s] running install_data
[0.772s] running install_egg_info
[0.776s] removing '/home/fatma/AUV_ws/install/gate_detection/lib/python3.6/site-packages/gate_detection-0.0.0-py3.6.egg-info' (and everything under it)
[0.776s] Copying ../../build/gate_detection/gate_detection.egg-info to /home/fatma/AUV_ws/install/gate_detection/lib/python3.6/site-packages/gate_detection-0.0.0-py3.6.egg-info
[0.777s] running install_scripts
[0.805s] Installing client script to /home/fatma/AUV_ws/install/gate_detection/lib/gate_detection
[0.806s] Installing service script to /home/fatma/AUV_ws/install/gate_detection/lib/gate_detection
[0.806s] writing list of installed files to '/home/fatma/AUV_ws/build/gate_detection/install.log'
[0.848s] Invoked command in '/home/fatma/AUV_ws/src/gate_detection' returned '0': AMENT_PREFIX_PATH=/home/fatma/AUV_ws/install/interfaces:${AMENT_PREFIX_PATH} CMAKE_PREFIX_PATH=/home/fatma/AUV_ws/install/interfaces LD_LIBRARY_PATH=/home/fatma/AUV_ws/install/interfaces/lib:${LD_LIBRARY_PATH} PYTHONPATH=/home/fatma/AUV_ws/install/gate_detection/lib/python3.6/site-packages:/home/fatma/AUV_ws/install/interfaces/lib/python3.6/site-packages:${PYTHONPATH} /usr/bin/python3 setup.py egg_info --egg-base ../../build/gate_detection build --build-base /home/fatma/AUV_ws/build/gate_detection/build install --prefix /home/fatma/AUV_ws/install/gate_detection --record /home/fatma/AUV_ws/build/gate_detection/install.log --single-version-externally-managed
