[0.022s] Invoking command in '/home/fatma/AUV_ws/build/interfaces': CMAKE_PREFIX_PATH=/opt/ros/eloquent /usr/local/bin/cmake --build /home/fatma/AUV_ws/build/interfaces -- -j4 -l4
[0.069s] [ 10%] Built target interfaces__rosidl_generator_c
[0.077s] [ 13%] Built target interfaces__cpp
[0.095s] [ 24%] Built target interfaces__rosidl_typesupport_introspection_c
[0.103s] [ 34%] Built target interfaces__rosidl_typesupport_introspection_cpp
[0.106s] [ 44%] Built target interfaces__rosidl_typesupport_fastrtps_cpp
[0.126s] [ 55%] Built target interfaces__rosidl_typesupport_fastrtps_c
[0.129s] [ 65%] Built target interfaces__rosidl_typesupport_cpp
[0.145s] [ 75%] Built target interfaces__rosidl_typesupport_c
[0.158s] [ 75%] Built target interfaces
[0.169s] [ 79%] Built target interfaces__py
[0.189s] [ 86%] Built target interfaces__python
[0.214s] [100%] Built target interfaces__rosidl_typesupport_fastrtps_c__pyext
[0.214s] [100%] Built target interfaces__rosidl_typesupport_c__pyext
[0.221s] Invoked command in '/home/fatma/AUV_ws/build/interfaces' returned '0': CMAKE_PREFIX_PATH=/opt/ros/eloquent /usr/local/bin/cmake --build /home/fatma/AUV_ws/build/interfaces -- -j4 -l4
[0.281s] Invoking command in '/home/fatma/AUV_ws/build/interfaces': CMAKE_PREFIX_PATH=/opt/ros/eloquent /usr/local/bin/cmake --build /home/fatma/AUV_ws/build/interfaces --target install -- -j4 -l4
[0.318s] [  3%] Built target interfaces__cpp
[0.319s] [ 13%] Built target interfaces__rosidl_generator_c
[0.336s] [ 24%] Built target interfaces__rosidl_typesupport_introspection_cpp
[0.339s] [ 34%] Built target interfaces__rosidl_typesupport_introspection_c
[0.345s] [ 44%] Built target interfaces__rosidl_typesupport_fastrtps_cpp
[0.365s] [ 62%] Built target interfaces__rosidl_typesupport_fastrtps_c
[0.365s] [ 65%] Built target interfaces__rosidl_typesupport_cpp
[0.383s] [ 75%] Built target interfaces__rosidl_typesupport_c
[0.395s] [ 75%] Built target interfaces
[0.409s] [ 79%] Built target interfaces__py
[0.435s] [ 86%] Built target interfaces__python
[0.457s] [ 93%] Built target interfaces__rosidl_typesupport_fastrtps_c__pyext
[0.459s] [100%] Built target interfaces__rosidl_typesupport_c__pyext
[0.468s] [36mInstall the project...[0m
[0.474s] -- Install configuration: ""
[0.475s] -- Up-to-date: /home/fatma/AUV_ws/install/interfaces/share/ament_index/resource_index/rosidl_interfaces/interfaces
[0.476s] -- Up-to-date: /home/fatma/AUV_ws/install/interfaces/lib/libinterfaces__rosidl_typesupport_c.so
[0.477s] -- Up-to-date: /home/fatma/AUV_ws/install/interfaces/share/interfaces/environment/library_path.sh
[0.477s] -- Up-to-date: /home/fatma/AUV_ws/install/interfaces/share/interfaces/environment/library_path.dsv
[0.478s] -- Up-to-date: /home/fatma/AUV_ws/install/interfaces/lib/libinterfaces__rosidl_typesupport_cpp.so
[0.479s] -- Up-to-date: /home/fatma/AUV_ws/install/interfaces/include/interfaces
[0.479s] -- Up-to-date: /home/fatma/AUV_ws/install/interfaces/include/interfaces/msg
[0.480s] -- Up-to-date: /home/fatma/AUV_ws/install/interfaces/include/interfaces/msg/rosidl_typesupport_fastrtps_c__visibility_control.h
[0.480s] -- Up-to-date: /home/fatma/AUV_ws/install/interfaces/include/interfaces/srv
[0.480s] -- Up-to-date: /home/fatma/AUV_ws/install/interfaces/include/interfaces/srv/gate_location__rosidl_typesupport_fastrtps_c.h
[0.480s] -- Up-to-date: /home/fatma/AUV_ws/install/interfaces/lib/libinterfaces__rosidl_typesupport_fastrtps_c.so
[0.482s] -- Up-to-date: /home/fatma/AUV_ws/install/interfaces/include/interfaces
[0.482s] -- Up-to-date: /home/fatma/AUV_ws/install/interfaces/include/interfaces/msg
[0.482s] -- Up-to-date: /home/fatma/AUV_ws/install/interfaces/include/interfaces/msg/rosidl_generator_c__visibility_control.h
[0.482s] -- Up-to-date: /home/fatma/AUV_ws/install/interfaces/include/interfaces/srv
[0.483s] -- Up-to-date: /home/fatma/AUV_ws/install/interfaces/include/interfaces/srv/gate_location__functions.c
[0.483s] -- Up-to-date: /home/fatma/AUV_ws/install/interfaces/include/interfaces/srv/gate_location__functions.h
[0.483s] -- Up-to-date: /home/fatma/AUV_ws/install/interfaces/include/interfaces/srv/gate_location__type_support.h
[0.483s] -- Up-to-date: /home/fatma/AUV_ws/install/interfaces/include/interfaces/srv/gate_location.h
[0.484s] -- Up-to-date: /home/fatma/AUV_ws/install/interfaces/include/interfaces/srv/gate_location__struct.h
[0.484s] -- Up-to-date: /home/fatma/AUV_ws/install/interfaces/lib/libinterfaces__rosidl_generator_c.so
[0.484s] -- Up-to-date: /home/fatma/AUV_ws/install/interfaces/include/interfaces
[0.485s] -- Up-to-date: /home/fatma/AUV_ws/install/interfaces/include/interfaces/msg
[0.485s] -- Up-to-date: /home/fatma/AUV_ws/install/interfaces/include/interfaces/msg/rosidl_typesupport_fastrtps_cpp__visibility_control.h
[0.485s] -- Up-to-date: /home/fatma/AUV_ws/install/interfaces/include/interfaces/srv
[0.485s] -- Up-to-date: /home/fatma/AUV_ws/install/interfaces/include/interfaces/srv/gate_location__rosidl_typesupport_fastrtps_cpp.hpp
[0.485s] -- Up-to-date: /home/fatma/AUV_ws/install/interfaces/include/interfaces/srv/dds_fastrtps
[0.486s] -- Up-to-date: /home/fatma/AUV_ws/install/interfaces/lib/libinterfaces__rosidl_typesupport_fastrtps_cpp.so
[0.487s] -- Up-to-date: /home/fatma/AUV_ws/install/interfaces/include/interfaces
[0.487s] -- Up-to-date: /home/fatma/AUV_ws/install/interfaces/include/interfaces/srv
[0.488s] -- Up-to-date: /home/fatma/AUV_ws/install/interfaces/include/interfaces/srv/gate_location.hpp
[0.488s] -- Up-to-date: /home/fatma/AUV_ws/install/interfaces/include/interfaces/srv/gate_location__struct.hpp
[0.488s] -- Up-to-date: /home/fatma/AUV_ws/install/interfaces/include/interfaces/srv/gate_location__traits.hpp
[0.488s] -- Up-to-date: /home/fatma/AUV_ws/install/interfaces/include/interfaces
[0.488s] -- Up-to-date: /home/fatma/AUV_ws/install/interfaces/include/interfaces/msg
[0.489s] -- Up-to-date: /home/fatma/AUV_ws/install/interfaces/include/interfaces/msg/rosidl_typesupport_introspection_c__visibility_control.h
[0.489s] -- Up-to-date: /home/fatma/AUV_ws/install/interfaces/include/interfaces/srv
[0.489s] -- Up-to-date: /home/fatma/AUV_ws/install/interfaces/include/interfaces/srv/gate_location__rosidl_typesupport_introspection_c.h
[0.490s] -- Up-to-date: /home/fatma/AUV_ws/install/interfaces/include/interfaces/srv/gate_location__type_support.c
[0.490s] -- Up-to-date: /home/fatma/AUV_ws/install/interfaces/lib/libinterfaces__rosidl_typesupport_introspection_c.so
[0.490s] -- Up-to-date: /home/fatma/AUV_ws/install/interfaces/include/interfaces
[0.491s] -- Up-to-date: /home/fatma/AUV_ws/install/interfaces/include/interfaces/srv
[0.491s] -- Up-to-date: /home/fatma/AUV_ws/install/interfaces/include/interfaces/srv/gate_location__type_support.cpp
[0.491s] -- Up-to-date: /home/fatma/AUV_ws/install/interfaces/include/interfaces/srv/gate_location__rosidl_typesupport_introspection_cpp.hpp
[0.491s] -- Up-to-date: /home/fatma/AUV_ws/install/interfaces/lib/libinterfaces__rosidl_typesupport_introspection_cpp.so
[0.492s] -- Up-to-date: /home/fatma/AUV_ws/install/interfaces/share/interfaces/environment/pythonpath.sh
[0.493s] -- Up-to-date: /home/fatma/AUV_ws/install/interfaces/share/interfaces/environment/pythonpath.dsv
[0.493s] -- Up-to-date: /home/fatma/AUV_ws/install/interfaces/lib/python3.6/site-packages/interfaces/__init__.py
[0.542s] -- Up-to-date: /home/fatma/AUV_ws/install/interfaces/lib/python3.6/site-packages/interfaces/srv
[0.542s] -- Up-to-date: /home/fatma/AUV_ws/install/interfaces/lib/python3.6/site-packages/interfaces/srv/_gate_location.py
[0.542s] -- Up-to-date: /home/fatma/AUV_ws/install/interfaces/lib/python3.6/site-packages/interfaces/srv/__init__.py
[0.542s] -- Up-to-date: /home/fatma/AUV_ws/install/interfaces/lib/python3.6/site-packages/interfaces/srv/_gate_location_s.c
[0.543s] -- Up-to-date: /home/fatma/AUV_ws/install/interfaces/lib/python3.6/site-packages/interfaces/interfaces_s__rosidl_typesupport_c.cpython-36m-x86_64-linux-gnu.so
[0.548s] -- Up-to-date: /home/fatma/AUV_ws/install/interfaces/lib/python3.6/site-packages/interfaces/interfaces_s__rosidl_typesupport_fastrtps_c.cpython-36m-x86_64-linux-gnu.so
[0.549s] -- Up-to-date: /home/fatma/AUV_ws/install/interfaces/lib/libinterfaces__python.so
[0.550s] -- Up-to-date: /home/fatma/AUV_ws/install/interfaces/share/interfaces/srv/GateLocation.idl
[0.550s] -- Up-to-date: /home/fatma/AUV_ws/install/interfaces/share/interfaces/srv/GateLocation.srv
[0.550s] -- Up-to-date: /home/fatma/AUV_ws/install/interfaces/share/interfaces/srv/GateLocation_Request.msg
[0.551s] -- Up-to-date: /home/fatma/AUV_ws/install/interfaces/share/interfaces/srv/GateLocation_Response.msg
[0.551s] -- Up-to-date: /home/fatma/AUV_ws/install/interfaces/share/ament_index/resource_index/package_run_dependencies/interfaces
[0.551s] -- Up-to-date: /home/fatma/AUV_ws/install/interfaces/share/ament_index/resource_index/parent_prefix_path/interfaces
[0.551s] -- Up-to-date: /home/fatma/AUV_ws/install/interfaces/share/interfaces/environment/ament_prefix_path.sh
[0.552s] -- Up-to-date: /home/fatma/AUV_ws/install/interfaces/share/interfaces/environment/ament_prefix_path.dsv
[0.552s] -- Up-to-date: /home/fatma/AUV_ws/install/interfaces/share/interfaces/environment/path.sh
[0.552s] -- Up-to-date: /home/fatma/AUV_ws/install/interfaces/share/interfaces/environment/path.dsv
[0.552s] -- Up-to-date: /home/fatma/AUV_ws/install/interfaces/share/interfaces/local_setup.bash
[0.553s] -- Up-to-date: /home/fatma/AUV_ws/install/interfaces/share/interfaces/local_setup.sh
[0.553s] -- Up-to-date: /home/fatma/AUV_ws/install/interfaces/share/interfaces/local_setup.zsh
[0.553s] -- Up-to-date: /home/fatma/AUV_ws/install/interfaces/share/interfaces/local_setup.dsv
[0.553s] -- Installing: /home/fatma/AUV_ws/install/interfaces/share/interfaces/package.dsv
[0.554s] -- Up-to-date: /home/fatma/AUV_ws/install/interfaces/share/ament_index/resource_index/packages/interfaces
[0.554s] -- Up-to-date: /home/fatma/AUV_ws/install/interfaces/share/interfaces/cmake/rosidl_cmake-extras.cmake
[0.555s] -- Up-to-date: /home/fatma/AUV_ws/install/interfaces/share/interfaces/cmake/ament_cmake_export_libraries-extras.cmake
[0.555s] -- Up-to-date: /home/fatma/AUV_ws/install/interfaces/share/interfaces/cmake/ament_cmake_export_include_directories-extras.cmake
[0.555s] -- Up-to-date: /home/fatma/AUV_ws/install/interfaces/share/interfaces/cmake/interfacesConfig.cmake
[0.555s] -- Up-to-date: /home/fatma/AUV_ws/install/interfaces/share/interfaces/cmake/interfacesConfig-version.cmake
[0.556s] -- Up-to-date: /home/fatma/AUV_ws/install/interfaces/share/interfaces/package.xml
[0.561s] Invoked command in '/home/fatma/AUV_ws/build/interfaces' returned '0': CMAKE_PREFIX_PATH=/opt/ros/eloquent /usr/local/bin/cmake --build /home/fatma/AUV_ws/build/interfaces --target install -- -j4 -l4
