[0.354s] Invoking command in '/home/fatma/AUV_ws/src/gate_detection': AMENT_PREFIX_PATH=/home/fatma/AUV_ws/install/interfaces:${AMENT_PREFIX_PATH} CMAKE_PREFIX_PATH=/home/fatma/AUV_ws/install/interfaces LD_LIBRARY_PATH=/home/fatma/AUV_ws/install/interfaces/lib:${LD_LIBRARY_PATH} PYTHONPATH=/home/fatma/AUV_ws/install/gate_detection/lib/python3.6/site-packages:/home/fatma/AUV_ws/install/interfaces/lib/python3.6/site-packages:${PYTHONPATH} /usr/bin/python3 setup.py egg_info --egg-base ../../build/gate_detection build --build-base /home/fatma/AUV_ws/build/gate_detection/build install --prefix /home/fatma/AUV_ws/install/gate_detection --record /home/fatma/AUV_ws/build/gate_detection/install.log --single-version-externally-managed
[0.649s] running egg_info
[0.651s] writing ../../build/gate_detection/gate_detection.egg-info/PKG-INFO
[0.651s] writing dependency_links to ../../build/gate_detection/gate_detection.egg-info/dependency_links.txt
[0.651s] writing entry points to ../../build/gate_detection/gate_detection.egg-info/entry_points.txt
[0.652s] writing requirements to ../../build/gate_detection/gate_detection.egg-info/requires.txt
[0.652s] writing top-level names to ../../build/gate_detection/gate_detection.egg-info/top_level.txt
[0.693s] reading manifest file '../../build/gate_detection/gate_detection.egg-info/SOURCES.txt'
[0.695s] writing manifest file '../../build/gate_detection/gate_detection.egg-info/SOURCES.txt'
[0.695s] running build
[0.696s] running build_py
[0.696s] copying gate_detection/client_node.py -> /home/fatma/AUV_ws/build/gate_detection/build/lib/gate_detection
[0.696s] running install
[0.697s] running install_lib
[0.698s] copying /home/fatma/AUV_ws/build/gate_detection/build/lib/gate_detection/client_node.py -> /home/fatma/AUV_ws/install/gate_detection/lib/python3.6/site-packages/gate_detection
[0.699s] byte-compiling /home/fatma/AUV_ws/install/gate_detection/lib/python3.6/site-packages/gate_detection/client_node.py to client_node.cpython-36.pyc
[0.700s] running install_data
[0.701s] running install_egg_info
[0.703s] removing '/home/fatma/AUV_ws/install/gate_detection/lib/python3.6/site-packages/gate_detection-0.0.0-py3.6.egg-info' (and everything under it)
[0.704s] Copying ../../build/gate_detection/gate_detection.egg-info to /home/fatma/AUV_ws/install/gate_detection/lib/python3.6/site-packages/gate_detection-0.0.0-py3.6.egg-info
[0.705s] running install_scripts
[0.728s] Installing client script to /home/fatma/AUV_ws/install/gate_detection/lib/gate_detection
[0.728s] Installing service script to /home/fatma/AUV_ws/install/gate_detection/lib/gate_detection
[0.728s] writing list of installed files to '/home/fatma/AUV_ws/build/gate_detection/install.log'
[0.762s] Invoked command in '/home/fatma/AUV_ws/src/gate_detection' returned '0': AMENT_PREFIX_PATH=/home/fatma/AUV_ws/install/interfaces:${AMENT_PREFIX_PATH} CMAKE_PREFIX_PATH=/home/fatma/AUV_ws/install/interfaces LD_LIBRARY_PATH=/home/fatma/AUV_ws/install/interfaces/lib:${LD_LIBRARY_PATH} PYTHONPATH=/home/fatma/AUV_ws/install/gate_detection/lib/python3.6/site-packages:/home/fatma/AUV_ws/install/interfaces/lib/python3.6/site-packages:${PYTHONPATH} /usr/bin/python3 setup.py egg_info --egg-base ../../build/gate_detection build --build-base /home/fatma/AUV_ws/build/gate_detection/build install --prefix /home/fatma/AUV_ws/install/gate_detection --record /home/fatma/AUV_ws/build/gate_detection/install.log --single-version-externally-managed
