[0.227s] DEBUG:colcon:Command line arguments: ['/usr/bin/colcon', 'build', '--packages-select', 'interfaces']
[0.227s] DEBUG:colcon:Parsed command line arguments: Namespace(ament_cmake_args=None, base_paths=['.'], build_base='build', catkin_cmake_args=None, catkin_skip_building_tests=False, cmake_args=None, cmake_clean_cache=False, cmake_clean_first=False, cmake_force_configure=False, cmake_target=None, cmake_target_skip_unavailable=False, continue_on_error=False, event_handlers=None, executor='parallel', ignore_user_meta=False, install_base='install', log_base=None, log_level=None, main=<bound method BuildVerb.main of <colcon_core.verb.build.BuildVerb object at 0x7f171b20d0f0>>, merge_install=False, metas=['./colcon.meta'], packages_above=None, packages_above_and_dependencies=None, packages_above_depth=None, packages_end=None, packages_ignore=None, packages_ignore_regex=None, packages_select=['interfaces'], packages_select_build_failed=False, packages_select_by_dep=None, packages_select_regex=None, packages_select_test_failures=False, packages_skip=None, packages_skip_build_finished=False, packages_skip_by_dep=None, packages_skip_regex=None, packages_skip_test_passed=False, packages_skip_up_to=None, packages_start=None, packages_up_to=None, packages_up_to_regex=None, parallel_workers=4, paths=None, symlink_install=False, test_result_base=None, verb_extension=<colcon_core.verb.build.BuildVerb object at 0x7f171b20d0f0>, verb_name='build', verb_parser=<colcon_defaults.argument_parser.defaults.DefaultArgumentsDecorator object at 0x7f171b20d438>)
[0.236s] Level 1:colcon.colcon_core.package_discovery:discover_packages(colcon_meta) check parameters
[0.236s] Level 1:colcon.colcon_core.package_discovery:discover_packages(recursive) check parameters
[0.236s] Level 1:colcon.colcon_core.package_discovery:discover_packages(ignore) check parameters
[0.236s] Level 1:colcon.colcon_core.package_discovery:discover_packages(path) check parameters
[0.236s] Level 1:colcon.colcon_core.package_discovery:discover_packages(colcon_meta) discover
[0.236s] Level 1:colcon.colcon_core.package_discovery:discover_packages(recursive) discover
[0.237s] INFO:colcon.colcon_core.package_discovery:Crawling recursively for packages in '/home/fatma/AUV_ws'
[0.237s] Level 1:colcon.colcon_core.package_identification:_identify(.) by extensions ['ignore', 'ignore_ament_install']
[0.237s] Level 1:colcon.colcon_core.package_identification:_identify(.) by extension 'ignore'
[0.237s] Level 1:colcon.colcon_core.package_identification:_identify(.) by extension 'ignore_ament_install'
[0.237s] Level 1:colcon.colcon_core.package_identification:_identify(.) by extensions ['colcon_pkg']
[0.237s] Level 1:colcon.colcon_core.package_identification:_identify(.) by extension 'colcon_pkg'
[0.237s] Level 1:colcon.colcon_core.package_identification:_identify(.) by extensions ['colcon_meta']
[0.237s] Level 1:colcon.colcon_core.package_identification:_identify(.) by extension 'colcon_meta'
[0.237s] Level 1:colcon.colcon_core.package_identification:_identify(.) by extensions ['ros']
[0.237s] Level 1:colcon.colcon_core.package_identification:_identify(.) by extension 'ros'
[0.254s] Level 1:colcon.colcon_core.package_identification:_identify(.) by extensions ['cmake', 'python']
[0.254s] Level 1:colcon.colcon_core.package_identification:_identify(.) by extension 'cmake'
[0.254s] Level 1:colcon.colcon_core.package_identification:_identify(.) by extension 'python'
[0.254s] Level 1:colcon.colcon_core.package_identification:_identify(.) by extensions ['python_setup_py']
[0.254s] Level 1:colcon.colcon_core.package_identification:_identify(.) by extension 'python_setup_py'
[0.254s] Level 1:colcon.colcon_core.package_identification:_identify(build) by extensions ['ignore', 'ignore_ament_install']
[0.255s] Level 1:colcon.colcon_core.package_identification:_identify(build) by extension 'ignore'
[0.255s] Level 1:colcon.colcon_core.package_identification:_identify(build) ignored
[0.255s] Level 1:colcon.colcon_core.package_identification:_identify(install) by extensions ['ignore', 'ignore_ament_install']
[0.255s] Level 1:colcon.colcon_core.package_identification:_identify(install) by extension 'ignore'
[0.255s] Level 1:colcon.colcon_core.package_identification:_identify(install) ignored
[0.256s] Level 1:colcon.colcon_core.package_identification:_identify(log) by extensions ['ignore', 'ignore_ament_install']
[0.256s] Level 1:colcon.colcon_core.package_identification:_identify(log) by extension 'ignore'
[0.256s] Level 1:colcon.colcon_core.package_identification:_identify(log) ignored
[0.256s] Level 1:colcon.colcon_core.package_identification:_identify(src) by extensions ['ignore', 'ignore_ament_install']
[0.256s] Level 1:colcon.colcon_core.package_identification:_identify(src) by extension 'ignore'
[0.256s] Level 1:colcon.colcon_core.package_identification:_identify(src) by extension 'ignore_ament_install'
[0.257s] Level 1:colcon.colcon_core.package_identification:_identify(src) by extensions ['colcon_pkg']
[0.257s] Level 1:colcon.colcon_core.package_identification:_identify(src) by extension 'colcon_pkg'
[0.257s] Level 1:colcon.colcon_core.package_identification:_identify(src) by extensions ['colcon_meta']
[0.257s] Level 1:colcon.colcon_core.package_identification:_identify(src) by extension 'colcon_meta'
[0.257s] Level 1:colcon.colcon_core.package_identification:_identify(src) by extensions ['ros']
[0.257s] Level 1:colcon.colcon_core.package_identification:_identify(src) by extension 'ros'
[0.257s] Level 1:colcon.colcon_core.package_identification:_identify(src) by extensions ['cmake', 'python']
[0.257s] Level 1:colcon.colcon_core.package_identification:_identify(src) by extension 'cmake'
[0.257s] Level 1:colcon.colcon_core.package_identification:_identify(src) by extension 'python'
[0.257s] Level 1:colcon.colcon_core.package_identification:_identify(src) by extensions ['python_setup_py']
[0.257s] Level 1:colcon.colcon_core.package_identification:_identify(src) by extension 'python_setup_py'
[0.258s] Level 1:colcon.colcon_core.package_identification:_identify(src/gate_detection) by extensions ['ignore', 'ignore_ament_install']
[0.258s] Level 1:colcon.colcon_core.package_identification:_identify(src/gate_detection) by extension 'ignore'
[0.258s] Level 1:colcon.colcon_core.package_identification:_identify(src/gate_detection) by extension 'ignore_ament_install'
[0.258s] Level 1:colcon.colcon_core.package_identification:_identify(src/gate_detection) by extensions ['colcon_pkg']
[0.258s] Level 1:colcon.colcon_core.package_identification:_identify(src/gate_detection) by extension 'colcon_pkg'
[0.258s] Level 1:colcon.colcon_core.package_identification:_identify(src/gate_detection) by extensions ['colcon_meta']
[0.258s] Level 1:colcon.colcon_core.package_identification:_identify(src/gate_detection) by extension 'colcon_meta'
[0.258s] Level 1:colcon.colcon_core.package_identification:_identify(src/gate_detection) by extensions ['ros']
[0.258s] Level 1:colcon.colcon_core.package_identification:_identify(src/gate_detection) by extension 'ros'
[0.262s] DEBUG:colcon.colcon_core.package_identification:Package 'src/gate_detection' with type 'ros.ament_python' and name 'gate_detection'
[0.262s] Level 1:colcon.colcon_core.package_identification:_identify(src/interfaces) by extensions ['ignore', 'ignore_ament_install']
[0.262s] Level 1:colcon.colcon_core.package_identification:_identify(src/interfaces) by extension 'ignore'
[0.262s] Level 1:colcon.colcon_core.package_identification:_identify(src/interfaces) by extension 'ignore_ament_install'
[0.263s] Level 1:colcon.colcon_core.package_identification:_identify(src/interfaces) by extensions ['colcon_pkg']
[0.263s] Level 1:colcon.colcon_core.package_identification:_identify(src/interfaces) by extension 'colcon_pkg'
[0.263s] Level 1:colcon.colcon_core.package_identification:_identify(src/interfaces) by extensions ['colcon_meta']
[0.263s] Level 1:colcon.colcon_core.package_identification:_identify(src/interfaces) by extension 'colcon_meta'
[0.263s] Level 1:colcon.colcon_core.package_identification:_identify(src/interfaces) by extensions ['ros']
[0.263s] Level 1:colcon.colcon_core.package_identification:_identify(src/interfaces) by extension 'ros'
[0.264s] DEBUG:colcon.colcon_core.package_identification:Package 'src/interfaces' with type 'ros.ament_cmake' and name 'interfaces'
[0.264s] Level 1:colcon.colcon_core.package_discovery:discover_packages(recursive) using defaults
[0.264s] Level 1:colcon.colcon_core.package_discovery:discover_packages(ignore) discover
[0.264s] Level 1:colcon.colcon_core.package_discovery:discover_packages(ignore) using defaults
[0.264s] Level 1:colcon.colcon_core.package_discovery:discover_packages(path) discover
[0.264s] Level 1:colcon.colcon_core.package_discovery:discover_packages(path) using defaults
[0.292s] INFO:colcon.colcon_core.package_selection:Skipping not selected package 'gate_detection' in 'src/gate_detection'
[0.297s] Level 5:colcon.colcon_core.verb:set package 'interfaces' build argument 'cmake_args' from command line to 'None'
[0.297s] Level 5:colcon.colcon_core.verb:set package 'interfaces' build argument 'cmake_target' from command line to 'None'
[0.297s] Level 5:colcon.colcon_core.verb:set package 'interfaces' build argument 'cmake_target_skip_unavailable' from command line to 'False'
[0.297s] Level 5:colcon.colcon_core.verb:set package 'interfaces' build argument 'cmake_clean_cache' from command line to 'False'
[0.297s] Level 5:colcon.colcon_core.verb:set package 'interfaces' build argument 'cmake_clean_first' from command line to 'False'
[0.297s] Level 5:colcon.colcon_core.verb:set package 'interfaces' build argument 'cmake_force_configure' from command line to 'False'
[0.297s] Level 5:colcon.colcon_core.verb:set package 'interfaces' build argument 'ament_cmake_args' from command line to 'None'
[0.297s] Level 5:colcon.colcon_core.verb:set package 'interfaces' build argument 'catkin_cmake_args' from command line to 'None'
[0.297s] Level 5:colcon.colcon_core.verb:set package 'interfaces' build argument 'catkin_skip_building_tests' from command line to 'False'
[0.297s] DEBUG:colcon.colcon_core.verb:Building package 'interfaces' with the following arguments: {'ament_cmake_args': None, 'build_base': '/home/fatma/AUV_ws/build/interfaces', 'catkin_cmake_args': None, 'catkin_skip_building_tests': False, 'cmake_args': None, 'cmake_clean_cache': False, 'cmake_clean_first': False, 'cmake_force_configure': False, 'cmake_target': None, 'cmake_target_skip_unavailable': False, 'install_base': '/home/fatma/AUV_ws/install/interfaces', 'merge_install': False, 'path': '/home/fatma/AUV_ws/src/interfaces', 'symlink_install': False, 'test_result_base': None}
[0.298s] INFO:colcon.colcon_core.executor:Executing jobs using 'parallel' executor
[0.301s] DEBUG:colcon.colcon_parallel_executor.executor.parallel:run_until_complete
[0.302s] INFO:colcon.colcon_ros.task.ament_cmake.build:Building ROS package in '/home/fatma/AUV_ws/src/interfaces' with build type 'ament_cmake'
[0.302s] INFO:colcon.colcon_cmake.task.cmake.build:Building CMake package in '/home/fatma/AUV_ws/src/interfaces'
[0.308s] INFO:colcon.colcon_core.plugin_system:Skipping extension 'colcon_core.shell.bat': Not used on non-Windows systems
[0.308s] INFO:colcon.colcon_core.shell:Skip shell extension 'powershell' for command environment: Not usable outside of PowerShell
[0.308s] DEBUG:colcon.colcon_core.shell:Skip shell extension 'dsv' for command environment
[0.312s] DEBUG:colcon.colcon_core.shell:Ignoring prefix path '/opt/ros/eloquent'
[0.325s] DEBUG:colcon.colcon_core.event_handler.log_command:Invoking command in '/home/fatma/AUV_ws/build/interfaces': CMAKE_PREFIX_PATH=/opt/ros/eloquent /usr/local/bin/cmake /home/fatma/AUV_ws/src/interfaces -DCMAKE_INSTALL_PREFIX=/home/fatma/AUV_ws/install/interfaces
[2.821s] DEBUG:colcon.colcon_core.event_handler.log_command:Invoked command in '/home/fatma/AUV_ws/build/interfaces' returned '0': CMAKE_PREFIX_PATH=/opt/ros/eloquent /usr/local/bin/cmake /home/fatma/AUV_ws/src/interfaces -DCMAKE_INSTALL_PREFIX=/home/fatma/AUV_ws/install/interfaces
[2.827s] DEBUG:colcon.colcon_core.event_handler.log_command:Invoking command in '/home/fatma/AUV_ws/build/interfaces': CMAKE_PREFIX_PATH=/opt/ros/eloquent /usr/local/bin/cmake --build /home/fatma/AUV_ws/build/interfaces -- -j4 -l4
[7.032s] DEBUG:colcon.colcon_core.event_handler.log_command:Invoked command in '/home/fatma/AUV_ws/build/interfaces' returned '0': CMAKE_PREFIX_PATH=/opt/ros/eloquent /usr/local/bin/cmake --build /home/fatma/AUV_ws/build/interfaces -- -j4 -l4
[7.094s] DEBUG:colcon.colcon_core.event_handler.log_command:Invoking command in '/home/fatma/AUV_ws/build/interfaces': CMAKE_PREFIX_PATH=/opt/ros/eloquent /usr/local/bin/cmake --build /home/fatma/AUV_ws/build/interfaces --target install -- -j4 -l4
[7.388s] Level 1:colcon.colcon_core.environment:create_environment_scripts_only(interfaces)
[7.390s] DEBUG:colcon.colcon_core.event_handler.log_command:Invoked command in '/home/fatma/AUV_ws/build/interfaces' returned '0': CMAKE_PREFIX_PATH=/opt/ros/eloquent /usr/local/bin/cmake --build /home/fatma/AUV_ws/build/interfaces --target install -- -j4 -l4
[7.395s] Level 1:colcon.colcon_core.environment:checking '/home/fatma/AUV_ws/install/interfaces' for CMake module files
[7.396s] Level 1:colcon.colcon_core.environment:checking '/home/fatma/AUV_ws/install/interfaces' for CMake config files
[7.396s] Level 1:colcon.colcon_core.shell:create_environment_hook('interfaces', 'cmake_prefix_path')
[7.397s] INFO:colcon.colcon_core.shell:Creating environment hook '/home/fatma/AUV_ws/install/interfaces/share/interfaces/hook/cmake_prefix_path.ps1'
[7.399s] INFO:colcon.colcon_core.shell:Creating environment descriptor '/home/fatma/AUV_ws/install/interfaces/share/interfaces/hook/cmake_prefix_path.dsv'
[7.399s] INFO:colcon.colcon_core.shell:Creating environment hook '/home/fatma/AUV_ws/install/interfaces/share/interfaces/hook/cmake_prefix_path.sh'
[7.401s] Level 1:colcon.colcon_core.environment:checking '/home/fatma/AUV_ws/install/interfaces/lib'
[7.402s] Level 1:colcon.colcon_core.shell:create_environment_hook('interfaces', 'ld_library_path_lib')
[7.403s] INFO:colcon.colcon_core.shell:Creating environment hook '/home/fatma/AUV_ws/install/interfaces/share/interfaces/hook/ld_library_path_lib.ps1'
[7.404s] INFO:colcon.colcon_core.shell:Creating environment descriptor '/home/fatma/AUV_ws/install/interfaces/share/interfaces/hook/ld_library_path_lib.dsv'
[7.404s] INFO:colcon.colcon_core.shell:Creating environment hook '/home/fatma/AUV_ws/install/interfaces/share/interfaces/hook/ld_library_path_lib.sh'
[7.405s] Level 1:colcon.colcon_core.environment:checking '/home/fatma/AUV_ws/install/interfaces/bin'
[7.405s] Level 1:colcon.colcon_core.environment:checking '/home/fatma/AUV_ws/install/interfaces/lib/pkgconfig/interfaces.pc'
[7.405s] Level 1:colcon.colcon_core.environment:checking '/home/fatma/AUV_ws/install/interfaces/lib/python3.6/site-packages'
[7.406s] Level 1:colcon.colcon_core.shell:create_environment_hook('interfaces', 'pythonpath')
[7.407s] INFO:colcon.colcon_core.shell:Creating environment hook '/home/fatma/AUV_ws/install/interfaces/share/interfaces/hook/pythonpath.ps1'
[7.408s] INFO:colcon.colcon_core.shell:Creating environment descriptor '/home/fatma/AUV_ws/install/interfaces/share/interfaces/hook/pythonpath.dsv'
[7.408s] INFO:colcon.colcon_core.shell:Creating environment hook '/home/fatma/AUV_ws/install/interfaces/share/interfaces/hook/pythonpath.sh'
[7.410s] INFO:colcon.colcon_core.shell:Creating package script '/home/fatma/AUV_ws/install/interfaces/share/interfaces/package.ps1'
[7.412s] INFO:colcon.colcon_core.shell:Creating package descriptor '/home/fatma/AUV_ws/install/interfaces/share/interfaces/package.dsv'
[7.413s] INFO:colcon.colcon_core.shell:Creating package script '/home/fatma/AUV_ws/install/interfaces/share/interfaces/package.sh'
[7.414s] INFO:colcon.colcon_core.shell:Creating package script '/home/fatma/AUV_ws/install/interfaces/share/interfaces/package.bash'
[7.416s] INFO:colcon.colcon_core.shell:Creating package script '/home/fatma/AUV_ws/install/interfaces/share/interfaces/package.zsh'
[7.417s] Level 1:colcon.colcon_core.environment:create_file_with_runtime_dependencies(/home/fatma/AUV_ws/install/interfaces/share/colcon-core/packages/interfaces)
[7.477s] Level 1:colcon.colcon_core.environment:create_environment_scripts_only(interfaces)
[7.479s] Level 1:colcon.colcon_core.environment:checking '/home/fatma/AUV_ws/install/interfaces' for CMake module files
[7.481s] Level 1:colcon.colcon_core.environment:checking '/home/fatma/AUV_ws/install/interfaces' for CMake config files
[7.481s] Level 1:colcon.colcon_core.shell:create_environment_hook('interfaces', 'cmake_prefix_path')
[7.483s] INFO:colcon.colcon_core.shell:Creating environment hook '/home/fatma/AUV_ws/install/interfaces/share/interfaces/hook/cmake_prefix_path.ps1'
[7.484s] INFO:colcon.colcon_core.shell:Creating environment descriptor '/home/fatma/AUV_ws/install/interfaces/share/interfaces/hook/cmake_prefix_path.dsv'
[7.485s] INFO:colcon.colcon_core.shell:Creating environment hook '/home/fatma/AUV_ws/install/interfaces/share/interfaces/hook/cmake_prefix_path.sh'
[7.487s] Level 1:colcon.colcon_core.environment:checking '/home/fatma/AUV_ws/install/interfaces/lib'
[7.487s] Level 1:colcon.colcon_core.shell:create_environment_hook('interfaces', 'ld_library_path_lib')
[7.488s] INFO:colcon.colcon_core.shell:Creating environment hook '/home/fatma/AUV_ws/install/interfaces/share/interfaces/hook/ld_library_path_lib.ps1'
[7.489s] INFO:colcon.colcon_core.shell:Creating environment descriptor '/home/fatma/AUV_ws/install/interfaces/share/interfaces/hook/ld_library_path_lib.dsv'
[7.490s] INFO:colcon.colcon_core.shell:Creating environment hook '/home/fatma/AUV_ws/install/interfaces/share/interfaces/hook/ld_library_path_lib.sh'
[7.490s] Level 1:colcon.colcon_core.environment:checking '/home/fatma/AUV_ws/install/interfaces/bin'
[7.491s] Level 1:colcon.colcon_core.environment:checking '/home/fatma/AUV_ws/install/interfaces/lib/pkgconfig/interfaces.pc'
[7.491s] Level 1:colcon.colcon_core.environment:checking '/home/fatma/AUV_ws/install/interfaces/lib/python3.6/site-packages'
[7.491s] Level 1:colcon.colcon_core.shell:create_environment_hook('interfaces', 'pythonpath')
[7.495s] INFO:colcon.colcon_core.shell:Creating environment hook '/home/fatma/AUV_ws/install/interfaces/share/interfaces/hook/pythonpath.ps1'
[7.496s] INFO:colcon.colcon_core.shell:Creating environment descriptor '/home/fatma/AUV_ws/install/interfaces/share/interfaces/hook/pythonpath.dsv'
[7.497s] INFO:colcon.colcon_core.shell:Creating environment hook '/home/fatma/AUV_ws/install/interfaces/share/interfaces/hook/pythonpath.sh'
[7.500s] INFO:colcon.colcon_core.shell:Creating package script '/home/fatma/AUV_ws/install/interfaces/share/interfaces/package.ps1'
[7.501s] INFO:colcon.colcon_core.shell:Creating package descriptor '/home/fatma/AUV_ws/install/interfaces/share/interfaces/package.dsv'
[7.502s] INFO:colcon.colcon_core.shell:Creating package script '/home/fatma/AUV_ws/install/interfaces/share/interfaces/package.sh'
[7.504s] INFO:colcon.colcon_core.shell:Creating package script '/home/fatma/AUV_ws/install/interfaces/share/interfaces/package.bash'
[7.504s] INFO:colcon.colcon_core.shell:Creating package script '/home/fatma/AUV_ws/install/interfaces/share/interfaces/package.zsh'
[7.505s] Level 1:colcon.colcon_core.environment:create_file_with_runtime_dependencies(/home/fatma/AUV_ws/install/interfaces/share/colcon-core/packages/interfaces)
[7.505s] DEBUG:colcon.colcon_parallel_executor.executor.parallel:closing loop
[7.507s] DEBUG:colcon.colcon_parallel_executor.executor.parallel:loop closed
[7.507s] DEBUG:colcon.colcon_parallel_executor.executor.parallel:run_until_complete finished with '0'
[7.507s] DEBUG:colcon.colcon_core.event_reactor:joining thread
[7.533s] INFO:colcon.colcon_core.plugin_system:Skipping extension 'colcon_notification.desktop_notification.terminal_notifier': Not used on non-Darwin systems
[7.533s] INFO:colcon.colcon_core.plugin_system:Skipping extension 'colcon_notification.desktop_notification.win32': Not used on non-Windows systems
[7.533s] INFO:colcon.colcon_notification.desktop_notification:Sending desktop notification using 'notify2'
[7.537s] DEBUG:colcon.colcon_core.event_reactor:joined thread
[7.539s] INFO:colcon.colcon_core.shell:Creating prefix script '/home/fatma/AUV_ws/install/local_setup.ps1'
[7.542s] INFO:colcon.colcon_core.shell:Creating prefix util module '/home/fatma/AUV_ws/install/_local_setup_util_ps1.py'
[7.546s] INFO:colcon.colcon_core.shell:Creating prefix chain script '/home/fatma/AUV_ws/install/setup.ps1'
[7.553s] INFO:colcon.colcon_core.shell:Creating prefix script '/home/fatma/AUV_ws/install/local_setup.sh'
[7.554s] INFO:colcon.colcon_core.shell:Creating prefix util module '/home/fatma/AUV_ws/install/_local_setup_util_sh.py'
[7.556s] INFO:colcon.colcon_core.shell:Creating prefix chain script '/home/fatma/AUV_ws/install/setup.sh'
[7.563s] INFO:colcon.colcon_core.shell:Creating prefix script '/home/fatma/AUV_ws/install/local_setup.bash'
[7.564s] INFO:colcon.colcon_core.shell:Creating prefix chain script '/home/fatma/AUV_ws/install/setup.bash'
[7.569s] INFO:colcon.colcon_core.shell:Creating prefix script '/home/fatma/AUV_ws/install/local_setup.zsh'
[7.570s] INFO:colcon.colcon_core.shell:Creating prefix chain script '/home/fatma/AUV_ws/install/setup.zsh'
